#
# There is insufficient memory for the Java Runtime Environment to continue.
# Native memory allocation (mmap) failed to map 65536 bytes for Failed to commit metaspace.
# Possible reasons:
#   The system is out of physical RAM or swap space
#   The process is running with CompressedOops enabled, and the Java Heap may be blocking the growth of the native heap
# Possible solutions:
#   Reduce memory load on the system
#   Increase physical memory or swap space
#   Check if swap backing store is full
#   Decrease Java heap size (-Xmx/-Xms)
#   Decrease number of Java threads
#   Decrease Java thread stack sizes (-Xss)
#   Set larger code cache with -XX:ReservedCodeCacheSize=
#   JVM is running with Unscaled Compressed Oops mode in which the Java heap is
#     placed in the first 4GB address space. The Java Heap base address is the
#     maximum limit for the native heap growth. Please use -XX:HeapBaseMinAddress
#     to set the Java Heap base and to place the Java Heap above 4GB virtual address.
# This output file may be truncated or incomplete.
#
#  Out of Memory Error (virtualSpaceNode.cpp:110), pid=12988, tid=5584
#
# JRE version: OpenJDK Runtime Environment Temurin-17.0.4.1+1 (17.0.4.1+1) (build 17.0.4.1+1)
# Java VM: OpenJDK 64-Bit Server VM Temurin-17.0.4.1+1 (17.0.4.1+1, mixed mode, tiered, compressed oops, compressed class ptrs, g1 gc, windows-amd64)
# No core dump will be written. Minidumps are not enabled by default on client versions of Windows
#

---------------  S U M M A R Y ------------

Command Line: -XX:+ShowCodeDetailsInExceptionMessages -agentlib:jdwp=transport=dt_socket,suspend=y,address=localhost:50216 -javaagent:D:\eclipse1.2\eclipse-jee-2022-09-R-win32-x86_64\eclipse\configuration\org.eclipse.osgi\421\0\.cp\lib\javaagent-shaded.jar -Dfile.encoding=UTF-8 basics.DealingWithMultipleWindows

Host: Intel(R) Core(TM) i5-6300U CPU @ 2.40GHz, 4 cores, 7G,  Windows 10 , 64 bit Build 19041 (10.0.19041.2251)
Time: Mon Dec 12 19:44:04 2022 Pacific Standard Time elapsed time: 110.088388 seconds (0d 0h 1m 50s)

---------------  T H R E A D  ---------------

Current thread (0x000001afba6fe2f0):  JavaThread "Forwarding get on session d8420458d82cfcac0c63c88f7182f2c2 to remote" [_thread_in_vm, id=5584, stack(0x000000470a100000,0x000000470a200000)]

Stack: [0x000000470a100000,0x000000470a200000]
Native frames: (J=compiled Java code, j=interpreted, Vv=VM code, C=native code)
V  [jvm.dll+0x67731a]
V  [jvm.dll+0x832284]
V  [jvm.dll+0x833a2e]
V  [jvm.dll+0x834093]
V  [jvm.dll+0x245775]
V  [jvm.dll+0x82e22b]
V  [jvm.dll+0x61bdf6]
V  [jvm.dll+0x1c07be]
V  [jvm.dll+0x61e741]
V  [jvm.dll+0x61c796]
V  [jvm.dll+0x6265e7]
V  [jvm.dll+0x1ea5db]
V  [jvm.dll+0x1eab15]
V  [jvm.dll+0x1eb54f]
V  [jvm.dll+0x1e09f1]
V  [jvm.dll+0x53c910]
V  [jvm.dll+0x7ad138]
V  [jvm.dll+0x7ad224]
V  [jvm.dll+0x40ccd5]
V  [jvm.dll+0x412ec8]
C  [java.dll+0x17ec]

Java frames: (J=compiled Java code, j=interpreted, Vv=VM code)
J 905  java.lang.ClassLoader.defineClass1(Ljava/lang/ClassLoader;Ljava/lang/String;[BIILjava/security/ProtectionDomain;Ljava/lang/String;)Ljava/lang/Class; java.base@17.0.4.1 (0 bytes) @ 0x000001afc58e775b [0x000001afc58e76a0+0x00000000000000bb]
J 1001 c1 java.lang.ClassLoader.defineClass(Ljava/lang/String;[BIILjava/security/ProtectionDomain;)Ljava/lang/Class; java.base@17.0.4.1 (43 bytes) @ 0x000001afbe56b274 [0x000001afbe56af00+0x0000000000000374]
J 1061 c1 java.security.SecureClassLoader.defineClass(Ljava/lang/String;[BIILjava/security/CodeSource;)Ljava/lang/Class; java.base@17.0.4.1 (16 bytes) @ 0x000001afbe582d8c [0x000001afbe582cc0+0x00000000000000cc]
J 981 c1 jdk.internal.loader.BuiltinClassLoader.defineClass(Ljava/lang/String;Ljdk/internal/loader/Resource;)Ljava/lang/Class; java.base@17.0.4.1 (121 bytes) @ 0x000001afbe55b5d4 [0x000001afbe55a6a0+0x0000000000000f34]
J 866 c1 jdk.internal.loader.BuiltinClassLoader.findClassOnClassPathOrNull(Ljava/lang/String;)Ljava/lang/Class; java.base@17.0.4.1 (64 bytes) @ 0x000001afbe50ef04 [0x000001afbe50de60+0x00000000000010a4]
J 573 c1 jdk.internal.loader.BuiltinClassLoader.loadClassOrNull(Ljava/lang/String;Z)Ljava/lang/Class; java.base@17.0.4.1 (143 bytes) @ 0x000001afbe449db4 [0x000001afbe448ec0+0x0000000000000ef4]
J 776 c1 jdk.internal.loader.ClassLoaders$AppClassLoader.loadClass(Ljava/lang/String;Z)Ljava/lang/Class; java.base@17.0.4.1 (40 bytes) @ 0x000001afbe4cef6c [0x000001afbe4ce960+0x000000000000060c]
J 775 c1 java.lang.ClassLoader.loadClass(Ljava/lang/String;)Ljava/lang/Class; java.base@17.0.4.1 (7 bytes) @ 0x000001afbe4ce554 [0x000001afbe4ce440+0x0000000000000114]
v  ~StubRoutines::call_stub
j  com.google.common.collect.Multimaps.transformEntries(Lcom/google/common/collect/ListMultimap;Lcom/google/common/collect/Maps$EntryTransformer;)Lcom/google/common/collect/ListMultimap;+0
j  com.google.common.collect.Multimaps.transformValues(Lcom/google/common/collect/ListMultimap;Lcom/google/common/base/Function;)Lcom/google/common/collect/ListMultimap;+12
j  com.google.common.net.MediaType.computeToString()Ljava/lang/String;+53
j  com.google.common.net.MediaType.toString()Ljava/lang/String;+10
j  org.openqa.selenium.remote.codec.AbstractHttpCommandCodec.encode(Lorg/openqa/selenium/remote/Command;)Lorg/openqa/selenium/remote/http/HttpRequest;+144
j  org.openqa.selenium.remote.codec.AbstractHttpCommandCodec.encode(Lorg/openqa/selenium/remote/Command;)Ljava/lang/Object;+2
j  org.openqa.selenium.remote.HttpCommandExecutor.execute(Lorg/openqa/selenium/remote/Command;)Lorg/openqa/selenium/remote/Response;+267
j  org.openqa.selenium.remote.service.DriverCommandExecutor.invokeExecute(Lorg/openqa/selenium/remote/Command;)Lorg/openqa/selenium/remote/Response;+2
j  org.openqa.selenium.remote.service.DriverCommandExecutor.execute(Lorg/openqa/selenium/remote/Command;)Lorg/openqa/selenium/remote/Response;+195
j  org.openqa.selenium.remote.RemoteWebDriver.execute(Lorg/openqa/selenium/remote/CommandPayload;)Lorg/openqa/selenium/remote/Response;+76
j  org.openqa.selenium.remote.RemoteWebDriver.get(Ljava/lang/String;)V+5
j  basics.DealingWithMultipleWindows.main([Ljava/lang/String;)V+11
v  ~StubRoutines::call_stub

---------------  P R O C E S S  ---------------

Threads class SMR info:
_java_thread_list=0x000001afd65660a0, length=26, elements={
0x000001afba6fe2f0, 0x000001afd3d8f740, 0x000001afd3d910b0, 0x000001afd3d459a0,
0x000001afd3d46460, 0x000001afd3d46e10, 0x000001afd3d9df80, 0x000001afd3d9ec20,
0x000001afd3d5b7b0, 0x000001afd3d5c460, 0x000001afd3ce6710, 0x000001afd4b35750,
0x000001afd4ab5f40, 0x000001afd4ab6430, 0x000001afd513ffa0, 0x000001afd4fd9170,
0x000001afd6470000, 0x000001afd55e2060, 0x000001afd69b88f0, 0x000001afd56d27a0,
0x000001afd5728020, 0x000001afd4b01be0, 0x000001afd4afff00, 0x000001afd4b003d0,
0x000001afd4b02580, 0x000001afd4b008a0
}

Java Threads: ( => current thread )
=>0x000001afba6fe2f0 JavaThread "Forwarding get on session d8420458d82cfcac0c63c88f7182f2c2 to remote" [_thread_in_vm, id=5584, stack(0x000000470a100000,0x000000470a200000)]
  0x000001afd3d8f740 JavaThread "Reference Handler" daemon [_thread_blocked, id=14760, stack(0x000000470a800000,0x000000470a900000)]
  0x000001afd3d910b0 JavaThread "Finalizer" daemon [_thread_blocked, id=13256, stack(0x000000470a900000,0x000000470aa00000)]
  0x000001afd3d459a0 JavaThread "Signal Dispatcher" daemon [_thread_blocked, id=8316, stack(0x000000470aa00000,0x000000470ab00000)]
  0x000001afd3d46460 JavaThread "Attach Listener" daemon [_thread_blocked, id=1316, stack(0x000000470ab00000,0x000000470ac00000)]
  0x000001afd3d46e10 JavaThread "Service Thread" daemon [_thread_blocked, id=14488, stack(0x000000470ac00000,0x000000470ad00000)]
  0x000001afd3d9df80 JavaThread "Monitor Deflation Thread" daemon [_thread_blocked, id=5464, stack(0x000000470ad00000,0x000000470ae00000)]
  0x000001afd3d9ec20 JavaThread "C2 CompilerThread0" daemon [_thread_blocked, id=16268, stack(0x000000470ae00000,0x000000470af00000)]
  0x000001afd3d5b7b0 JavaThread "C1 CompilerThread0" daemon [_thread_blocked, id=900, stack(0x000000470af00000,0x000000470b000000)]
  0x000001afd3d5c460 JavaThread "Sweeper thread" daemon [_thread_blocked, id=1796, stack(0x000000470b000000,0x000000470b100000)]
  0x000001afd3ce6710 JavaThread "Common-Cleaner" daemon [_thread_blocked, id=3064, stack(0x000000470b100000,0x000000470b200000)]
  0x000001afd4b35750 JavaThread "JDWP Transport Listener: dt_socket" daemon [_thread_blocked, id=12804, stack(0x000000470b200000,0x000000470b300000)]
  0x000001afd4ab5f40 JavaThread "JDWP Event Helper Thread" daemon [_thread_blocked, id=7360, stack(0x000000470b300000,0x000000470b400000)]
  0x000001afd4ab6430 JavaThread "JDWP Command Reader" daemon [_thread_in_native, id=13172, stack(0x000000470b400000,0x000000470b500000)]
  0x000001afd513ffa0 JavaThread "Notification Thread" daemon [_thread_blocked, id=8796, stack(0x000000470b500000,0x000000470b600000)]
  0x000001afd4fd9170 JavaThread "AsyncHttpClient-1-1" daemon [_thread_blocked, id=16828, stack(0x000000470bd00000,0x000000470be00000)]
  0x000001afd6470000 JavaThread "Exec Default Executor" daemon [_thread_in_native, id=17332, stack(0x000000470be00000,0x000000470bf00000)]
  0x000001afd55e2060 JavaThread "Driver Service Executor" daemon [_thread_blocked, id=17400, stack(0x000000470bf00000,0x000000470c000000)]
  0x000001afd69b88f0 JavaThread "Driver Service Executor" daemon [_thread_blocked, id=17404, stack(0x000000470c000000,0x000000470c100000)]
  0x000001afd56d27a0 JavaThread "UrlChecker-2" daemon [_thread_blocked, id=6168, stack(0x000000470c100000,0x000000470c200000)]
  0x000001afd5728020 JavaThread "Exec Stream Pumper" daemon [_thread_in_native, id=12284, stack(0x000000470c200000,0x000000470c300000)]
  0x000001afd4b01be0 JavaThread "Exec Stream Pumper" daemon [_thread_in_native, id=6824, stack(0x000000470c300000,0x000000470c400000)]
  0x000001afd4afff00 JavaThread "AsyncHttpClient-1-2" daemon [_thread_in_native, id=10256, stack(0x000000470c500000,0x000000470c600000)]
  0x000001afd4b003d0 JavaThread "ForkJoinPool.commonPool-worker-2" daemon [_thread_blocked, id=820, stack(0x0000004709f00000,0x000000470a000000)]
  0x000001afd4b02580 JavaThread "AsyncHttpClient-1-3" daemon [_thread_in_native, id=13972, stack(0x000000470a000000,0x000000470a100000)]
  0x000001afd4b008a0 JavaThread "AsyncHttpClient-1-4" daemon [_thread_in_native, id=3116, stack(0x000000470bc00000,0x000000470bd00000)]

Other Threads:
  0x000001afd3d78050 VMThread "VM Thread" [stack: 0x000000470a700000,0x000000470a800000] [id=11280]
  0x000001afba6fefe0 WatcherThread [stack: 0x000000470b600000,0x000000470b700000] [id=10960]
  0x000001afba7596f0 GCTaskThread "GC Thread#0" [stack: 0x000000470a200000,0x000000470a300000] [id=9224]
  0x000001afd51f4800 GCTaskThread "GC Thread#1" [stack: 0x000000470b900000,0x000000470ba00000] [id=16588]
  0x000001afd51f4ab0 GCTaskThread "GC Thread#2" [stack: 0x000000470ba00000,0x000000470bb00000] [id=16592]
  0x000001afd4f838a0 GCTaskThread "GC Thread#3" [stack: 0x000000470bb00000,0x000000470bc00000] [id=16616]
  0x000001afba76c030 ConcurrentGCThread "G1 Main Marker" [stack: 0x000000470a300000,0x000000470a400000] [id=10608]
  0x000001afba76d1c0 ConcurrentGCThread "G1 Conc#0" [stack: 0x000000470a400000,0x000000470a500000] [id=7040]
  0x000001afd3bc0090 ConcurrentGCThread "G1 Refine#0" [stack: 0x000000470a500000,0x000000470a600000] [id=1884]
  0x000001afd3bc0950 ConcurrentGCThread "G1 Service" [stack: 0x000000470a600000,0x000000470a700000] [id=9840]

Threads with active compile tasks:

VM state: not at safepoint (normal execution)

VM Mutex/Monitor currently owned by a thread:  ([mutex/lock_event])
[0x000001afba6ed950] Metaspace_lock - owner thread: 0x000001afba6fe2f0

Heap address: 0x0000000082600000, size: 2010 MB, Compressed Oops mode: 32-bit

CDS archive(s) not mapped
Compressed class space mapped at: 0x0000000100000000-0x0000000140000000, reserved size: 1073741824
Narrow klass base: 0x0000000000000000, Narrow klass shift: 3, Narrow klass range: 0x140000000

GC Precious Log:
 CPUs: 4 total, 4 available
 Memory: 8038M
 Large Page Support: Disabled
 NUMA Support: Disabled
 Compressed Oops: Enabled (32-bit)
 Heap Region Size: 1M
 Heap Min Capacity: 8M
 Heap Initial Capacity: 126M
 Heap Max Capacity: 2010M
 Pre-touch: Disabled
 Parallel Workers: 4
 Concurrent Workers: 1
 Concurrent Refinement Workers: 4
 Periodic GC: Disabled

Heap:
 garbage-first heap   total 25600K, used 15093K [0x0000000082600000, 0x0000000100000000)
  region size 1024K, 3 young (3072K), 1 survivors (1024K)
 Metaspace       used 27393K, committed 27584K, reserved 1081344K
  class space    used 3016K, committed 3136K, reserved 1048576K

Heap Regions: E=young(eden), S=young(survivor), O=old, HS=humongous(starts), HC=humongous(continues), CS=collection set, F=free, OA=open archive, CA=closed archive, TAMS=top-at-mark-start (previous, next)
|   0|0x0000000082600000, 0x0000000082700000, 0x0000000082700000|100%|HS|  |TAMS 0x0000000082700000, 0x0000000082600000| Complete 
|   1|0x0000000082700000, 0x0000000082800000, 0x0000000082800000|100%|HC|  |TAMS 0x0000000082800000, 0x0000000082700000| Complete 
|   2|0x0000000082800000, 0x0000000082900000, 0x0000000082900000|100%| O|  |TAMS 0x0000000082900000, 0x0000000082800000| Untracked 
|   3|0x0000000082900000, 0x00000000829bd600, 0x0000000082a00000| 73%| O|  |TAMS 0x0000000082900000, 0x0000000082900000| Untracked 
|   4|0x0000000082a00000, 0x0000000082b00000, 0x0000000082b00000|100%| O|  |TAMS 0x0000000082b00000, 0x0000000082a00000| Untracked 
|   5|0x0000000082b00000, 0x0000000082c00000, 0x0000000082c00000|100%| O|  |TAMS 0x0000000082c00000, 0x0000000082b00000| Untracked 
|   6|0x0000000082c00000, 0x0000000082d00000, 0x0000000082d00000|100%| O|  |TAMS 0x0000000082d00000, 0x0000000082c00000| Untracked 
|   7|0x0000000082d00000, 0x0000000082e00000, 0x0000000082e00000|100%| O|  |TAMS 0x0000000082dd6e00, 0x0000000082d00000| Complete 
|   8|0x0000000082e00000, 0x0000000082f00000, 0x0000000082f00000|100%|HS|  |TAMS 0x0000000082f00000, 0x0000000082e00000| Complete 
|   9|0x0000000082f00000, 0x0000000083000000, 0x0000000083000000|100%|HC|  |TAMS 0x0000000083000000, 0x0000000082f00000| Complete 
|  10|0x0000000083000000, 0x0000000083100000, 0x0000000083100000|100%|HC|  |TAMS 0x0000000083100000, 0x0000000083000000| Complete 
|  11|0x0000000083100000, 0x0000000083200000, 0x0000000083200000|100%|HC|  |TAMS 0x0000000083200000, 0x0000000083100000| Complete 
|  12|0x0000000083200000, 0x0000000083300000, 0x0000000083300000|100%|HC|  |TAMS 0x0000000083300000, 0x0000000083200000| Complete 
|  13|0x0000000083300000, 0x0000000083300000, 0x0000000083400000|  0%| F|  |TAMS 0x0000000083300000, 0x0000000083300000| Untracked 
|  14|0x0000000083400000, 0x0000000083400000, 0x0000000083500000|  0%| F|  |TAMS 0x0000000083400000, 0x0000000083400000| Untracked 
|  15|0x0000000083500000, 0x0000000083500000, 0x0000000083600000|  0%| F|  |TAMS 0x0000000083500000, 0x0000000083500000| Untracked 
|  16|0x0000000083600000, 0x0000000083700000, 0x0000000083700000|100%| S|CS|TAMS 0x0000000083600000, 0x0000000083600000| Complete 
|  17|0x0000000083700000, 0x0000000083700000, 0x0000000083800000|  0%| F|  |TAMS 0x0000000083700000, 0x0000000083700000| Untracked 
|  18|0x0000000083800000, 0x0000000083800000, 0x0000000083900000|  0%| F|  |TAMS 0x0000000083800000, 0x0000000083800000| Untracked 
|  19|0x0000000083900000, 0x0000000083900000, 0x0000000083a00000|  0%| F|  |TAMS 0x0000000083900000, 0x0000000083900000| Untracked 
|  20|0x0000000083a00000, 0x0000000083a00000, 0x0000000083b00000|  0%| F|  |TAMS 0x0000000083a00000, 0x0000000083a00000| Untracked 
|  21|0x0000000083b00000, 0x0000000083b00000, 0x0000000083c00000|  0%| F|  |TAMS 0x0000000083b00000, 0x0000000083b00000| Untracked 
|  84|0x0000000087a00000, 0x0000000087a00000, 0x0000000087b00000|  0%| F|  |TAMS 0x0000000087a00000, 0x0000000087a00000| Untracked 
|  85|0x0000000087b00000, 0x0000000087b655b8, 0x0000000087c00000| 39%| E|  |TAMS 0x0000000087b00000, 0x0000000087b00000| Complete 
|  86|0x0000000087c00000, 0x0000000087d00000, 0x0000000087d00000|100%| E|CS|TAMS 0x0000000087c00000, 0x0000000087c00000| Complete 

Card table byte_map: [0x000001afcd1c0000,0x000001afcd5b0000] _byte_map_base: 0x000001afccdad000

Marking Bits (Prev, Next): (CMBitMap*) 0x000001afba75abb0, (CMBitMap*) 0x000001afba75abf0
 Prev Bits: [0x000001afcd9a0000, 0x000001afcf908000)
 Next Bits: [0x000001afcf910000, 0x000001afd1878000)

Polling page: 0x000001afb85c0000

Metaspace:

Usage:
  Non-class:     23.81 MB used.
      Class:      2.95 MB used.
       Both:     26.75 MB used.

Virtual space:
  Non-class space:       32.00 MB reserved,      23.88 MB ( 75%) committed,  4 nodes.
      Class space:        1.00 GB reserved,       3.06 MB ( <1%) committed,  1 nodes.
             Both:        1.03 GB reserved,      26.94 MB (  3%) committed. 

Chunk freelists:
   Non-Class:  3.98 MB
       Class:  1005.00 KB
        Both:  4.97 MB

MaxMetaspaceSize: unlimited
CompressedClassSpaceSize: 1.00 GB
Initial GC threshold: 21.00 MB
Current GC threshold: 44.69 MB
CDS: off
MetaspaceReclaimPolicy: balanced
 - commit_granule_bytes: 65536.
 - commit_granule_words: 8192.
 - virtual_space_node_default_size: 1048576.
 - enlarge_chunks_in_place: 1.
 - new_chunks_are_fully_committed: 0.
 - uncommit_free_chunks: 1.
 - use_allocation_guard: 0.
 - handle_deallocations: 1.


Internal statistics:

num_allocs_failed_limit: 3.
num_arena_births: 130.
num_arena_deaths: 0.
num_vsnodes_births: 5.
num_vsnodes_deaths: 0.
num_space_committed: 431.
num_space_uncommitted: 0.
num_chunks_returned_to_freelist: 3.
num_chunks_taken_from_freelist: 590.
num_chunk_merges: 0.
num_chunk_splits: 396.
num_chunks_enlarged: 328.
num_purges: 0.
num_inconsistent_stats: 0.

CodeHeap 'non-profiled nmethods': size=120000Kb used=1205Kb max_used=1205Kb free=118794Kb
 bounds [0x000001afc58a0000, 0x000001afc5b10000, 0x000001afccdd0000]
CodeHeap 'profiled nmethods': size=120000Kb used=4192Kb max_used=4192Kb free=115807Kb
 bounds [0x000001afbe370000, 0x000001afbe790000, 0x000001afc58a0000]
CodeHeap 'non-nmethods': size=5760Kb used=1319Kb max_used=1397Kb free=4440Kb
 bounds [0x000001afbddd0000, 0x000001afbe040000, 0x000001afbe370000]
 total_blobs=2571 nmethods=2006 adapters=478
 compilation: enabled
              stopped_count=0, restarted_count=0
 full_count=0

Compilation events (20 events):
Event: 110.053 Thread 0x000001afd3d5b7b0 nmethod 2002 0x000001afbe778810 code [0x000001afbe778a80, 0x000001afbe7793f8]
Event: 110.053 Thread 0x000001afd3d5b7b0 2003       3       jdk.internal.org.objectweb.asm.FieldWriter::visitEnd (1 bytes)
Event: 110.053 Thread 0x000001afd3d5b7b0 nmethod 2003 0x000001afbe779810 code [0x000001afbe7799a0, 0x000001afbe779ab8]
Event: 110.062 Thread 0x000001afd3d5b7b0 2006       3       org.openqa.selenium.ImmutableCapabilities::getCapability (18 bytes)
Event: 110.062 Thread 0x000001afd3d5b7b0 nmethod 2006 0x000001afbe779b90 code [0x000001afbe779d40, 0x000001afbe779f58]
Event: 110.062 Thread 0x000001afd3d5b7b0 2007       3       java.util.TreeMap::get (19 bytes)
Event: 110.062 Thread 0x000001afd3d5b7b0 nmethod 2007 0x000001afbe77a090 code [0x000001afbe77a240, 0x000001afbe77a428]
Event: 110.064 Thread 0x000001afd3d5b7b0 2008   !   3       java.lang.invoke.AbstractValidatingLambdaMetafactory::<init> (559 bytes)
Event: 110.065 Thread 0x000001afd3d9ec20 2014       4       java.lang.String::regionMatches (150 bytes)
Event: 110.072 Thread 0x000001afd3d5b7b0 nmethod 2008 0x000001afbe77a510 code [0x000001afbe77af00, 0x000001afbe780ce8]
Event: 110.072 Thread 0x000001afd3d5b7b0 2012       3       java.lang.invoke.AbstractValidatingLambdaMetafactory::checkDescriptor (133 bytes)
Event: 110.075 Thread 0x000001afd3d5b7b0 nmethod 2012 0x000001afbe782d90 code [0x000001afbe7831e0, 0x000001afbe785558]
Event: 110.075 Thread 0x000001afd3d5b7b0 2009       3       java.lang.invoke.InfoFromMemberName::<init> (72 bytes)
Event: 110.075 Thread 0x000001afd3d5b7b0 nmethod 2009 0x000001afbe786210 code [0x000001afbe7863c0, 0x000001afbe786598]
Event: 110.075 Thread 0x000001afd3d5b7b0 2010       3       java.lang.invoke.InnerClassLambdaMetafactory::lambdaClassName (57 bytes)
Event: 110.076 Thread 0x000001afd3d5b7b0 nmethod 2010 0x000001afbe786690 code [0x000001afbe786920, 0x000001afbe787148]
Event: 110.076 Thread 0x000001afd3d5b7b0 2011       3       java.lang.invoke.AbstractValidatingLambdaMetafactory::isAdaptableToAsReturn (36 bytes)
Event: 110.076 Thread 0x000001afd3d5b7b0 nmethod 2011 0x000001afbe787490 code [0x000001afbe787660, 0x000001afbe787b28]
Event: 110.076 Thread 0x000001afd3d5b7b0 2013       3       java.lang.invoke.InnerClassLambdaMetafactory::spinInnerClass (111 bytes)
Event: 110.076 Thread 0x000001afd3d5b7b0 nmethod 2013 0x000001afbe787c90 code [0x000001afbe787e60, 0x000001afbe788118]

GC Heap History (18 events):
Event: 33.202 GC heap before
{Heap before GC invocations=0 (full 0):
 garbage-first heap   total 129024K, used 15360K [0x0000000082600000, 0x0000000100000000)
  region size 1024K, 13 young (13312K), 0 survivors (0K)
 Metaspace       used 12116K, committed 12224K, reserved 1064960K
  class space    used 1117K, committed 1152K, reserved 1048576K
}
Event: 33.446 GC heap after
{Heap after GC invocations=1 (full 0):
 garbage-first heap   total 129024K, used 3974K [0x0000000082600000, 0x0000000100000000)
  region size 1024K, 2 young (2048K), 2 survivors (2048K)
 Metaspace       used 12116K, committed 12224K, reserved 1064960K
  class space    used 1117K, committed 1152K, reserved 1048576K
}
Event: 37.074 GC heap before
{Heap before GC invocations=1 (full 0):
 garbage-first heap   total 129024K, used 21382K [0x0000000082600000, 0x0000000100000000)
  region size 1024K, 19 young (19456K), 2 survivors (2048K)
 Metaspace       used 15032K, committed 15168K, reserved 1064960K
  class space    used 1475K, committed 1536K, reserved 1048576K
}
Event: 37.084 GC heap after
{Heap after GC invocations=2 (full 0):
 garbage-first heap   total 129024K, used 4626K [0x0000000082600000, 0x0000000100000000)
  region size 1024K, 1 young (1024K), 1 survivors (1024K)
 Metaspace       used 15032K, committed 15168K, reserved 1064960K
  class space    used 1475K, committed 1536K, reserved 1048576K
}
Event: 64.716 GC heap before
{Heap before GC invocations=2 (full 0):
 garbage-first heap   total 129024K, used 42514K [0x0000000082600000, 0x0000000100000000)
  region size 1024K, 39 young (39936K), 1 survivors (1024K)
 Metaspace       used 21363K, committed 21504K, reserved 1073152K
  class space    used 2211K, committed 2304K, reserved 1048576K
}
Event: 64.722 GC heap after
{Heap after GC invocations=3 (full 0):
 garbage-first heap   total 129024K, used 6923K [0x0000000082600000, 0x0000000100000000)
  region size 1024K, 3 young (3072K), 3 survivors (3072K)
 Metaspace       used 21363K, committed 21504K, reserved 1073152K
  class space    used 2211K, committed 2304K, reserved 1048576K
}
Event: 67.621 GC heap before
{Heap before GC invocations=4 (full 0):
 garbage-first heap   total 24576K, used 18187K [0x0000000082600000, 0x0000000100000000)
  region size 1024K, 14 young (14336K), 3 survivors (3072K)
 Metaspace       used 22611K, committed 22848K, reserved 1073152K
  class space    used 2408K, committed 2560K, reserved 1048576K
}
Event: 67.629 GC heap after
{Heap after GC invocations=5 (full 0):
 garbage-first heap   total 24576K, used 7332K [0x0000000082600000, 0x0000000100000000)
  region size 1024K, 1 young (1024K), 1 survivors (1024K)
 Metaspace       used 22611K, committed 22848K, reserved 1073152K
  class space    used 2408K, committed 2560K, reserved 1048576K
}
Event: 67.653 GC heap before
{Heap before GC invocations=5 (full 0):
 garbage-first heap   total 24576K, used 8356K [0x0000000082600000, 0x0000000100000000)
  region size 1024K, 2 young (2048K), 1 survivors (1024K)
 Metaspace       used 22747K, committed 23040K, reserved 1073152K
  class space    used 2427K, committed 2560K, reserved 1048576K
}
Event: 67.657 GC heap after
{Heap after GC invocations=6 (full 0):
 garbage-first heap   total 24576K, used 7409K [0x0000000082600000, 0x0000000100000000)
  region size 1024K, 1 young (1024K), 1 survivors (1024K)
 Metaspace       used 22747K, committed 23040K, reserved 1073152K
  class space    used 2427K, committed 2560K, reserved 1048576K
}
Event: 71.429 GC heap before
{Heap before GC invocations=6 (full 0):
 garbage-first heap   total 24576K, used 16625K [0x0000000082600000, 0x0000000100000000)
  region size 1024K, 11 young (11264K), 1 survivors (1024K)
 Metaspace       used 24068K, committed 24256K, reserved 1073152K
  class space    used 2601K, committed 2688K, reserved 1048576K
}
Event: 71.431 GC heap after
{Heap after GC invocations=7 (full 0):
 garbage-first heap   total 24576K, used 7497K [0x0000000082600000, 0x0000000100000000)
  region size 1024K, 1 young (1024K), 1 survivors (1024K)
 Metaspace       used 24068K, committed 24256K, reserved 1073152K
  class space    used 2601K, committed 2688K, reserved 1048576K
}
Event: 71.581 GC heap before
{Heap before GC invocations=7 (full 0):
 garbage-first heap   total 24576K, used 8521K [0x0000000082600000, 0x0000000100000000)
  region size 1024K, 4 young (4096K), 1 survivors (1024K)
 Metaspace       used 24363K, committed 24576K, reserved 1073152K
  class space    used 2645K, committed 2752K, reserved 1048576K
}
Event: 71.584 GC heap after
{Heap after GC invocations=8 (full 0):
 garbage-first heap   total 24576K, used 7697K [0x0000000082600000, 0x0000000100000000)
  region size 1024K, 1 young (1024K), 1 survivors (1024K)
 Metaspace       used 24363K, committed 24576K, reserved 1073152K
  class space    used 2645K, committed 2752K, reserved 1048576K
}
Event: 108.618 GC heap before
{Heap before GC invocations=8 (full 0):
 garbage-first heap   total 24576K, used 21009K [0x0000000082600000, 0x0000000100000000)
  region size 1024K, 10 young (10240K), 1 survivors (1024K)
 Metaspace       used 25467K, committed 25728K, reserved 1073152K
  class space    used 2813K, committed 2944K, reserved 1048576K
}
Event: 108.621 GC heap after
{Heap after GC invocations=9 (full 0):
 garbage-first heap   total 24576K, used 13111K [0x0000000082600000, 0x0000000100000000)
  region size 1024K, 1 young (1024K), 1 survivors (1024K)
 Metaspace       used 25467K, committed 25728K, reserved 1073152K
  class space    used 2813K, committed 2944K, reserved 1048576K
}
Event: 109.925 GC heap before
{Heap before GC invocations=9 (full 0):
 garbage-first heap   total 24576K, used 20279K [0x0000000082600000, 0x0000000100000000)
  region size 1024K, 8 young (8192K), 1 survivors (1024K)
 Metaspace       used 27021K, committed 27264K, reserved 1073152K
  class space    used 2965K, committed 3136K, reserved 1048576K
}
Event: 109.931 GC heap after
{Heap after GC invocations=10 (full 0):
 garbage-first heap   total 24576K, used 14069K [0x0000000082600000, 0x0000000100000000)
  region size 1024K, 1 young (1024K), 1 survivors (1024K)
 Metaspace       used 27021K, committed 27264K, reserved 1073152K
  class space    used 2965K, committed 3136K, reserved 1048576K
}

Deoptimization events (20 events):
Event: 107.487 Thread 0x000001afba6fe2f0 DEOPT PACKING pc=0x000001afc58a9650 sp=0x000000470a1f7f20
Event: 107.487 Thread 0x000001afba6fe2f0 DEOPT UNPACKING pc=0x000001afbde223a3 sp=0x000000470a1f7e50 mode 2
Event: 107.868 Thread 0x000001afba6fe2f0 DEOPT PACKING pc=0x000001afbe723f7d sp=0x000000470a1faf30
Event: 107.868 Thread 0x000001afba6fe2f0 DEOPT UNPACKING pc=0x000001afbde22b43 sp=0x000000470a1fa4e0 mode 0
Event: 108.437 Thread 0x000001afba6fe2f0 Uncommon trap: trap_request=0xffffffde fr.pc=0x000001afc5909ed4 relative=0x0000000000000e34
Event: 108.437 Thread 0x000001afba6fe2f0 Uncommon trap: reason=class_check action=maybe_recompile pc=0x000001afc5909ed4 method=java.util.HashMap.putVal(ILjava/lang/Object;Ljava/lang/Object;ZZ)Ljava/lang/Object; @ 253 c2
Event: 108.437 Thread 0x000001afba6fe2f0 DEOPT PACKING pc=0x000001afc5909ed4 sp=0x000000470a1fe770
Event: 108.437 Thread 0x000001afba6fe2f0 DEOPT UNPACKING pc=0x000001afbde223a3 sp=0x000000470a1fe6d8 mode 2
Event: 108.480 Thread 0x000001afba6fe2f0 Uncommon trap: trap_request=0xffffff45 fr.pc=0x000001afc5907480 relative=0x00000000000012e0
Event: 108.480 Thread 0x000001afba6fe2f0 Uncommon trap: reason=unstable_if action=reinterpret pc=0x000001afc5907480 method=java.util.concurrent.ConcurrentHashMap.putVal(Ljava/lang/Object;Ljava/lang/Object;Z)Ljava/lang/Object; @ 231 c2
Event: 108.480 Thread 0x000001afba6fe2f0 DEOPT PACKING pc=0x000001afc5907480 sp=0x000000470a1fef30
Event: 108.480 Thread 0x000001afba6fe2f0 DEOPT UNPACKING pc=0x000001afbde223a3 sp=0x000000470a1feec0 mode 2
Event: 108.612 Thread 0x000001afba6fe2f0 DEOPT PACKING pc=0x000001afbe723f7d sp=0x000000470a1faac0
Event: 108.612 Thread 0x000001afba6fe2f0 DEOPT UNPACKING pc=0x000001afbde22b43 sp=0x000000470a1fa070 mode 0
Event: 109.305 Thread 0x000001afba6fe2f0 DEOPT PACKING pc=0x000001afbe723f7d sp=0x000000470a1f7da0
Event: 109.305 Thread 0x000001afba6fe2f0 DEOPT UNPACKING pc=0x000001afbde22b43 sp=0x000000470a1f7350 mode 0
Event: 109.940 Thread 0x000001afba6fe2f0 Uncommon trap: trap_request=0xffffff45 fr.pc=0x000001afc58b6048 relative=0x0000000000000048
Event: 109.940 Thread 0x000001afba6fe2f0 Uncommon trap: reason=unstable_if action=reinterpret pc=0x000001afc58b6048 method=java.lang.CharacterData.of(I)Ljava/lang/CharacterData; @ 4 c2
Event: 109.940 Thread 0x000001afba6fe2f0 DEOPT PACKING pc=0x000001afc58b6048 sp=0x000000470a1fe390
Event: 109.940 Thread 0x000001afba6fe2f0 DEOPT UNPACKING pc=0x000001afbde223a3 sp=0x000000470a1fe330 mode 2

Classes unloaded (0 events):
No events

Classes redefined (0 events):
No events

Internal exceptions (20 events):
Event: 62.135 Thread 0x000001afd56d27a0 Exception <a 'java/net/SocketException'{0x00000000881393a0}: Socket is not connected: shutdown> (0x00000000881393a0) 
thrown [s\src\hotspot\share\prims\jni.cpp, line 535]
Event: 62.926 Thread 0x000001afd56d27a0 Exception <a 'java/net/ConnectException'{0x000000008813a338}: Connection refused: no further information> (0x000000008813a338) 
thrown [s\src\hotspot\share\prims\jni.cpp, line 535]
Event: 62.927 Thread 0x000001afd56d27a0 Exception <a 'java/net/SocketException'{0x000000008813a670}: Socket is not connected: shutdown> (0x000000008813a670) 
thrown [s\src\hotspot\share\prims\jni.cpp, line 535]
Event: 63.901 Thread 0x000001afba6fe2f0 Exception <a 'java/lang/NoSuchMethodError'{0x0000000087f29dd0}: 'int java.lang.invoke.DirectMethodHandle$Holder.invokeVirtual(java.lang.Object, java.lang.Object)'> (0x0000000087f29dd0) 
thrown [s\src\hotspot\share\interpreter\linkResolver.cpp, line 759]
Event: 63.902 Thread 0x000001afba6fe2f0 Exception <a 'java/lang/NoSuchMethodError'{0x0000000087f302f0}: 'double java.lang.invoke.DirectMethodHandle$Holder.invokeVirtual(java.lang.Object, java.lang.Object)'> (0x0000000087f302f0) 
thrown [s\src\hotspot\share\interpreter\linkResolver.cpp, line 759]
Event: 63.903 Thread 0x000001afba6fe2f0 Exception <a 'java/lang/NoSuchMethodError'{0x0000000087f36a98}: 'float java.lang.invoke.DirectMethodHandle$Holder.invokeVirtual(java.lang.Object, java.lang.Object)'> (0x0000000087f36a98) 
thrown [s\src\hotspot\share\interpreter\linkResolver.cpp, line 759]
Event: 63.906 Thread 0x000001afba6fe2f0 Exception <a 'java/lang/NoSuchMethodError'{0x0000000087f3fd98}: 'long java.lang.invoke.DirectMethodHandle$Holder.invokeVirtual(java.lang.Object, java.lang.Object)'> (0x0000000087f3fd98) 
thrown [s\src\hotspot\share\interpreter\linkResolver.cpp, line 759]
Event: 64.127 Thread 0x000001afba6fe2f0 Exception <a 'java/lang/NoSuchMethodError'{0x0000000087fabcc0}: 'void java.lang.invoke.DirectMethodHandle$Holder.invokeStatic(java.lang.Object, java.lang.Object, java.lang.Object)'> (0x0000000087fabcc0) 
thrown [s\src\hotspot\share\interpreter\linkResolver.cpp, line 759]
Event: 64.151 Thread 0x000001afba6fe2f0 Exception <a 'java/lang/NoSuchMethodError'{0x0000000087fb2260}: 'java.lang.Object java.lang.invoke.DirectMethodHandle$Holder.invokeVirtual(java.lang.Object, java.lang.Object, java.lang.Object)'> (0x0000000087fb2260) 
thrown [s\src\hotspot\share\interpreter\linkResolver.cpp, line 759]
Event: 64.714 Thread 0x000001afba6fe2f0 Exception <a 'java/lang/NoSuchMethodError'{0x0000000087dbd390}: 'void java.lang.invoke.DirectMethodHandle$Holder.invokeSpecial(java.lang.Object, java.lang.Object, java.lang.Object, java.lang.Object, java.lang.Object)'> (0x0000000087dbd390) 
thrown [s\src\hotspot\share\interpreter\linkResolver.cpp, line 759]
Event: 64.740 Thread 0x000001afba6fe2f0 Exception <a 'java/lang/NoSuchMethodError'{0x0000000083a09678}: 'void java.lang.invoke.DirectMethodHandle$Holder.invokeStatic(java.lang.Object, java.lang.Object, int)'> (0x0000000083a09678) 
thrown [s\src\hotspot\share\interpreter\linkResolver.cpp, line 759]
Event: 65.229 Thread 0x000001afba6fe2f0 Exception <a 'java/lang/NoSuchMethodError'{0x0000000083953930}: 'java.lang.Object java.lang.invoke.DirectMethodHandle$Holder.newInvokeSpecial(java.lang.Object, java.lang.Object, java.lang.Object, java.lang.Object, java.lang.Object)'> (0x0000000083953930) 
thrown [s\src\hotspot\share\interpreter\linkResolver.cpp, line 759]
Event: 65.863 Thread 0x000001afba6fe2f0 Exception <a 'java/lang/NoSuchMethodError'{0x000000008353b700}: 'int java.lang.invoke.DirectMethodHandle$Holder.invokeSpecialIFC(java.lang.Object, java.lang.Object, java.lang.Object)'> (0x000000008353b700) 
thrown [s\src\hotspot\share\interpreter\linkResolver.cpp, line 759]
Event: 65.885 Thread 0x000001afba6fe2f0 Exception <a 'java/lang/NoSuchMethodError'{0x0000000083400d68}: 'java.lang.Object java.lang.invoke.Invokers$Holder.invokeExact_MT(java.lang.Object, java.lang.Object, java.lang.Object, java.lang.Object, java.lang.Object, java.lang.Object)'> (0x0000000083400d68) 
thrown [s\src\hotspot\share\interpreter\linkResolver.cpp, line 759]
Event: 66.302 Thread 0x000001afba6fe2f0 Exception <a 'java/lang/NoSuchMethodError'{0x0000000083209650}: 'void java.lang.invoke.DirectMethodHandle$Holder.invokeStatic(java.lang.Object, java.lang.Object, java.lang.Object, java.lang.Object)'> (0x0000000083209650) 
thrown [s\src\hotspot\share\interpreter\linkResolver.cpp, line 759]
Event: 67.767 Thread 0x000001afba6fe2f0 Exception <a 'java/lang/NoSuchMethodError'{0x0000000087a1e960}: 'void java.lang.invoke.DirectMethodHandle$Holder.invokeSpecial(java.lang.Object, java.lang.Object, java.lang.Object, java.lang.Object, java.lang.Object, java.lang.Object)'> (0x0000000087a1e960) 
thrown [s\src\hotspot\share\interpreter\linkResolver.cpp, line 759]
Event: 108.151 Thread 0x000001afba6fe2f0 Exception <a 'java/lang/NoSuchMethodError'{0x0000000083642ec8}: 'java.lang.Object java.lang.invoke.DirectMethodHandle$Holder.invokeSpecialIFC(java.lang.Object, java.lang.Object, java.lang.Object)'> (0x0000000083642ec8) 
thrown [s\src\hotspot\share\interpreter\linkResolver.cpp, line 759]
Event: 108.181 Thread 0x000001afba6fe2f0 Exception <a 'java/lang/NoSuchMethodError'{0x000000008369d788}: 'void java.lang.invoke.DirectMethodHandle$Holder.invokeSpecial(java.lang.Object, java.lang.Object, java.lang.Object)'> (0x000000008369d788) 
thrown [s\src\hotspot\share\interpreter\linkResolver.cpp, line 759]
Event: 109.528 Thread 0x000001afba6fe2f0 Exception <a 'java/lang/NoSuchMethodError'{0x0000000083712a38}: 'java.lang.Object java.lang.invoke.DirectMethodHandle$Holder.invokeStatic(java.lang.Object, int, java.lang.Object)'> (0x0000000083712a38) 
thrown [s\src\hotspot\share\interpreter\linkResolver.cpp, line 759]
Event: 110.038 Thread 0x000001afba6fe2f0 Exception <a 'java/lang/ClassNotFoundException'{0x0000000087c5edc0}: sun/util/logging/resources/spi/loggingProvider> (0x0000000087c5edc0) 
thrown [s\src\hotspot\share\classfile\systemDictionary.cpp, line 256]

VM Operations (20 events):
Event: 71.429 Executing VM operation: G1CollectForAllocation
Event: 71.431 Executing VM operation: G1CollectForAllocation done
Event: 71.581 Executing VM operation: G1TryInitiateConcMark
Event: 71.584 Executing VM operation: G1TryInitiateConcMark done
Event: 108.169 Executing VM operation: Cleanup
Event: 108.170 Executing VM operation: Cleanup done
Event: 108.618 Executing VM operation: G1CollectForAllocation
Event: 108.621 Executing VM operation: G1CollectForAllocation done
Event: 109.499 Executing VM operation: HandshakeAllThreads
Event: 109.499 Executing VM operation: HandshakeAllThreads done
Event: 109.925 Executing VM operation: G1CollectForAllocation
Event: 109.931 Executing VM operation: G1CollectForAllocation done
Event: 109.942 Executing VM operation: HandshakeAllThreads
Event: 109.942 Executing VM operation: HandshakeAllThreads done
Event: 109.946 Executing VM operation: G1Concurrent
Event: 109.951 Executing VM operation: G1Concurrent done
Event: 109.953 Executing VM operation: Cleanup
Event: 109.953 Executing VM operation: Cleanup done
Event: 109.958 Executing VM operation: G1Concurrent
Event: 110.035 Executing VM operation: G1Concurrent done

Events (20 events):
Event: 110.055 loading class java/util/stream/SortedOps$OfRef
Event: 110.055 loading class java/util/stream/SortedOps$OfRef done
Event: 110.055 loading class java/util/Comparators$NaturalOrderComparator
Event: 110.055 loading class java/util/Comparators$NaturalOrderComparator done
Event: 110.056 loading class java/util/function/ToIntFunction
Event: 110.056 loading class java/util/function/ToIntFunction done
Event: 110.056 loading class java/util/stream/ReferencePipeline$4
Event: 110.056 loading class java/util/stream/ReferencePipeline$4 done
Event: 110.057 loading class java/util/function/IntBinaryOperator
Event: 110.057 loading class java/util/function/IntBinaryOperator done
Event: 110.058 loading class java/util/stream/ReduceOps$6
Event: 110.058 loading class java/util/stream/ReduceOps$6 done
Event: 110.058 loading class java/util/stream/ReduceOps$5ReducingSink
Event: 110.058 loading class java/util/stream/ReduceOps$5ReducingSink done
Event: 110.058 loading class java/util/stream/ReferencePipeline$4$1
Event: 110.058 loading class java/util/stream/ReferencePipeline$4$1 done
Event: 110.058 loading class java/util/stream/SortedOps$SizedRefSortingSink
Event: 110.058 loading class java/util/stream/SortedOps$AbstractRefSortingSink
Event: 110.059 loading class java/util/stream/SortedOps$AbstractRefSortingSink done
Event: 110.059 loading class java/util/stream/SortedOps$SizedRefSortingSink done


Dynamic libraries:
0x00007ff722c30000 - 0x00007ff722c3e000 	D:\eclipse1.2\eclipse-jee-2022-09-R-win32-x86_64\eclipse\plugins\org.eclipse.justj.openjdk.hotspot.jre.full.win32.x86_64_17.0.4.v20220903-1038\jre\bin\javaw.exe
0x00007ffdcbc50000 - 0x00007ffdcbe48000 	C:\Windows\SYSTEM32\ntdll.dll
0x00007ffdcb4f0000 - 0x00007ffdcb5af000 	C:\Windows\System32\KERNEL32.DLL
0x00007ffdc9580000 - 0x00007ffdc9852000 	C:\Windows\System32\KERNELBASE.dll
0x00007ffdc9860000 - 0x00007ffdc9960000 	C:\Windows\System32\ucrtbase.dll
0x00007ffda8470000 - 0x00007ffda8488000 	D:\eclipse1.2\eclipse-jee-2022-09-R-win32-x86_64\eclipse\plugins\org.eclipse.justj.openjdk.hotspot.jre.full.win32.x86_64_17.0.4.v20220903-1038\jre\bin\jli.dll
0x00007ffdca530000 - 0x00007ffdca6cd000 	C:\Windows\System32\USER32.dll
0x00007ffdc9c70000 - 0x00007ffdc9c92000 	C:\Windows\System32\win32u.dll
0x00007ffdcba30000 - 0x00007ffdcba5b000 	C:\Windows\System32\GDI32.dll
0x00007ffdc9350000 - 0x00007ffdc945f000 	C:\Windows\System32\gdi32full.dll
0x00007ffdc9990000 - 0x00007ffdc9a2d000 	C:\Windows\System32\msvcp_win.dll
0x00007ffda7ee0000 - 0x00007ffda7ef9000 	D:\eclipse1.2\eclipse-jee-2022-09-R-win32-x86_64\eclipse\plugins\org.eclipse.justj.openjdk.hotspot.jre.full.win32.x86_64_17.0.4.v20220903-1038\jre\bin\VCRUNTIME140.dll
0x00007ffdab320000 - 0x00007ffdab5ba000 	C:\Windows\WinSxS\amd64_microsoft.windows.common-controls_6595b64144ccf1df_6.0.19041.1110_none_60b5254171f9507e\COMCTL32.dll
0x00007ffdc9ca0000 - 0x00007ffdc9d3e000 	C:\Windows\System32\msvcrt.dll
0x00007ffdcad90000 - 0x00007ffdcadc2000 	C:\Windows\System32\IMM32.DLL
0x00007ffdc2e10000 - 0x00007ffdc2e1c000 	D:\eclipse1.2\eclipse-jee-2022-09-R-win32-x86_64\eclipse\plugins\org.eclipse.justj.openjdk.hotspot.jre.full.win32.x86_64_17.0.4.v20220903-1038\jre\bin\vcruntime140_1.dll
0x00007ffd99700000 - 0x00007ffd99791000 	D:\eclipse1.2\eclipse-jee-2022-09-R-win32-x86_64\eclipse\plugins\org.eclipse.justj.openjdk.hotspot.jre.full.win32.x86_64_17.0.4.v20220903-1038\jre\bin\msvcp140.dll
0x00007ffd587c0000 - 0x00007ffd59406000 	D:\eclipse1.2\eclipse-jee-2022-09-R-win32-x86_64\eclipse\plugins\org.eclipse.justj.openjdk.hotspot.jre.full.win32.x86_64_17.0.4.v20220903-1038\jre\bin\server\jvm.dll
0x00007ffdcbb60000 - 0x00007ffdcbc0e000 	C:\Windows\System32\ADVAPI32.dll
0x00007ffdc9d40000 - 0x00007ffdc9ddc000 	C:\Windows\System32\sechost.dll
0x00007ffdcb360000 - 0x00007ffdcb485000 	C:\Windows\System32\RPCRT4.dll
0x00007ffdcba20000 - 0x00007ffdcba28000 	C:\Windows\System32\PSAPI.DLL
0x00007ffdc2da0000 - 0x00007ffdc2da9000 	C:\Windows\SYSTEM32\WSOCK32.dll
0x00007ffdcb6f0000 - 0x00007ffdcb75b000 	C:\Windows\System32\WS2_32.dll
0x00007ffdb5fc0000 - 0x00007ffdb5fe7000 	C:\Windows\SYSTEM32\WINMM.dll
0x00007ffdbdec0000 - 0x00007ffdbdeca000 	C:\Windows\SYSTEM32\VERSION.dll
0x00007ffdc7ba0000 - 0x00007ffdc7bb2000 	C:\Windows\SYSTEM32\kernel.appcore.dll
0x00007ffdbf1b0000 - 0x00007ffdbf1ba000 	D:\eclipse1.2\eclipse-jee-2022-09-R-win32-x86_64\eclipse\plugins\org.eclipse.justj.openjdk.hotspot.jre.full.win32.x86_64_17.0.4.v20220903-1038\jre\bin\jimage.dll
0x00007ffdc7980000 - 0x00007ffdc7b64000 	C:\Windows\SYSTEM32\DBGHELP.DLL
0x00007ffdb1c00000 - 0x00007ffdb1c2c000 	C:\Windows\SYSTEM32\dbgcore.DLL
0x00007ffdc9a80000 - 0x00007ffdc9b02000 	C:\Windows\System32\bcryptPrimitives.dll
0x00007ffda4300000 - 0x00007ffda433b000 	D:\eclipse1.2\eclipse-jee-2022-09-R-win32-x86_64\eclipse\plugins\org.eclipse.justj.openjdk.hotspot.jre.full.win32.x86_64_17.0.4.v20220903-1038\jre\bin\jdwp.dll
0x00007ffdbcbc0000 - 0x00007ffdbcbce000 	D:\eclipse1.2\eclipse-jee-2022-09-R-win32-x86_64\eclipse\plugins\org.eclipse.justj.openjdk.hotspot.jre.full.win32.x86_64_17.0.4.v20220903-1038\jre\bin\instrument.dll
0x00007ffdbf080000 - 0x00007ffdbf0a5000 	D:\eclipse1.2\eclipse-jee-2022-09-R-win32-x86_64\eclipse\plugins\org.eclipse.justj.openjdk.hotspot.jre.full.win32.x86_64_17.0.4.v20220903-1038\jre\bin\java.dll
0x00007ffdbf190000 - 0x00007ffdbf1a8000 	D:\eclipse1.2\eclipse-jee-2022-09-R-win32-x86_64\eclipse\plugins\org.eclipse.justj.openjdk.hotspot.jre.full.win32.x86_64_17.0.4.v20220903-1038\jre\bin\zip.dll
0x00007ffdc9de0000 - 0x00007ffdca523000 	C:\Windows\System32\SHELL32.dll
0x00007ffdc71e0000 - 0x00007ffdc7972000 	C:\Windows\SYSTEM32\windows.storage.dll
0x00007ffdca800000 - 0x00007ffdcab54000 	C:\Windows\System32\combase.dll
0x00007ffdc8d40000 - 0x00007ffdc8d70000 	C:\Windows\SYSTEM32\Wldp.dll
0x00007ffdca750000 - 0x00007ffdca7fd000 	C:\Windows\System32\SHCORE.dll
0x00007ffdcac90000 - 0x00007ffdcace5000 	C:\Windows\System32\shlwapi.dll
0x00007ffdc9290000 - 0x00007ffdc92af000 	C:\Windows\SYSTEM32\profapi.dll
0x00007ffdad710000 - 0x00007ffdad71c000 	D:\eclipse1.2\eclipse-jee-2022-09-R-win32-x86_64\eclipse\plugins\org.eclipse.justj.openjdk.hotspot.jre.full.win32.x86_64_17.0.4.v20220903-1038\jre\bin\dt_socket.dll
0x00007ffdc8720000 - 0x00007ffdc875b000 	C:\Windows\SYSTEM32\IPHLPAPI.DLL
0x00007ffdc8a30000 - 0x00007ffdc8a9a000 	C:\Windows\system32\mswsock.dll
0x00007ffdc8760000 - 0x00007ffdc882a000 	C:\Windows\SYSTEM32\DNSAPI.dll
0x00007ffdcb610000 - 0x00007ffdcb618000 	C:\Windows\System32\NSI.dll
0x00007ffdb7c20000 - 0x00007ffdb7c2a000 	C:\Windows\System32\rasadhlp.dll
0x00007ffdb7b00000 - 0x00007ffdb7b80000 	C:\Windows\System32\fwpuclnt.dll
0x00007ffdc9960000 - 0x00007ffdc9987000 	C:\Windows\System32\bcrypt.dll
0x00007ffdbf060000 - 0x00007ffdbf079000 	D:\eclipse1.2\eclipse-jee-2022-09-R-win32-x86_64\eclipse\plugins\org.eclipse.justj.openjdk.hotspot.jre.full.win32.x86_64_17.0.4.v20220903-1038\jre\bin\net.dll
0x00007ffdb7fb0000 - 0x00007ffdb80bc000 	C:\Windows\SYSTEM32\WINHTTP.dll
0x00007ffdbf040000 - 0x00007ffdbf055000 	D:\eclipse1.2\eclipse-jee-2022-09-R-win32-x86_64\eclipse\plugins\org.eclipse.justj.openjdk.hotspot.jre.full.win32.x86_64_17.0.4.v20220903-1038\jre\bin\nio.dll
0x00007ffdbf030000 - 0x00007ffdbf040000 	D:\eclipse1.2\eclipse-jee-2022-09-R-win32-x86_64\eclipse\plugins\org.eclipse.justj.openjdk.hotspot.jre.full.win32.x86_64_17.0.4.v20220903-1038\jre\bin\verify.dll
0x00007ffdc8c90000 - 0x00007ffdc8ca8000 	C:\Windows\SYSTEM32\CRYPTSP.dll
0x00007ffdc8350000 - 0x00007ffdc8384000 	C:\Windows\system32\rsaenh.dll
0x00007ffdc9250000 - 0x00007ffdc927e000 	C:\Windows\SYSTEM32\USERENV.dll
0x00007ffdc8d10000 - 0x00007ffdc8d1c000 	C:\Windows\SYSTEM32\CRYPTBASE.dll
0x00007ffdbcc50000 - 0x00007ffdbcc67000 	C:\Windows\SYSTEM32\dhcpcsvc6.DLL
0x00007ffdbcb80000 - 0x00007ffdbcb9d000 	C:\Windows\SYSTEM32\dhcpcsvc.DLL
0x00007ffdc3600000 - 0x00007ffdc3691000 	C:\Windows\system32\apphelp.dll
0x00007ffda7ed0000 - 0x00007ffda7ed9000 	D:\eclipse1.2\eclipse-jee-2022-09-R-win32-x86_64\eclipse\plugins\org.eclipse.justj.openjdk.hotspot.jre.full.win32.x86_64_17.0.4.v20220903-1038\jre\bin\management.dll
0x00007ffda7ec0000 - 0x00007ffda7ecb000 	D:\eclipse1.2\eclipse-jee-2022-09-R-win32-x86_64\eclipse\plugins\org.eclipse.justj.openjdk.hotspot.jre.full.win32.x86_64_17.0.4.v20220903-1038\jre\bin\management_ext.dll
0x00007ffdbcbd0000 - 0x00007ffdbcbde000 	D:\eclipse1.2\eclipse-jee-2022-09-R-win32-x86_64\eclipse\plugins\org.eclipse.justj.openjdk.hotspot.jre.full.win32.x86_64_17.0.4.v20220903-1038\jre\bin\sunmscapi.dll
0x00007ffdc9b10000 - 0x00007ffdc9c66000 	C:\Windows\System32\CRYPT32.dll
0x00007ffdc8db0000 - 0x00007ffdc8dd7000 	C:\Windows\SYSTEM32\ncrypt.dll
0x00007ffdc8d70000 - 0x00007ffdc8dab000 	C:\Windows\SYSTEM32\NTASN1.dll
0x00007ffda7ea0000 - 0x00007ffda7ea7000 	C:\Windows\system32\wshunix.dll

dbghelp: loaded successfully - version: 4.0.5 - missing functions: none
symbol engine: initialized successfully - sym options: 0x614 - pdb path: .;D:\eclipse1.2\eclipse-jee-2022-09-R-win32-x86_64\eclipse\plugins\org.eclipse.justj.openjdk.hotspot.jre.full.win32.x86_64_17.0.4.v20220903-1038\jre\bin;C:\Windows\SYSTEM32;C:\Windows\WinSxS\amd64_microsoft.windows.common-controls_6595b64144ccf1df_6.0.19041.1110_none_60b5254171f9507e;D:\eclipse1.2\eclipse-jee-2022-09-R-win32-x86_64\eclipse\plugins\org.eclipse.justj.openjdk.hotspot.jre.full.win32.x86_64_17.0.4.v20220903-1038\jre\bin\server

VM Arguments:
jvm_args: -XX:+ShowCodeDetailsInExceptionMessages -agentlib:jdwp=transport=dt_socket,suspend=y,address=localhost:50216 -javaagent:D:\eclipse1.2\eclipse-jee-2022-09-R-win32-x86_64\eclipse\configuration\org.eclipse.osgi\421\0\.cp\lib\javaagent-shaded.jar -Dfile.encoding=UTF-8 
java_command: basics.DealingWithMultipleWindows
java_class_path (initial): C:\Users\Public\QASA\bin;C:\Users\Public\QASA\jars\selenium-server-4.6.0.jar
Launcher Type: SUN_STANDARD

[Global flags]
     intx CICompilerCount                          = 3                                         {product} {ergonomic}
     uint ConcGCThreads                            = 1                                         {product} {ergonomic}
     uint G1ConcRefinementThreads                  = 4                                         {product} {ergonomic}
   size_t G1HeapRegionSize                         = 1048576                                   {product} {ergonomic}
    uintx GCDrainStackTargetSize                   = 64                                        {product} {ergonomic}
   size_t InitialHeapSize                          = 132120576                                 {product} {ergonomic}
   size_t MarkStackSize                            = 4194304                                   {product} {ergonomic}
   size_t MaxHeapSize                              = 2107637760                                {product} {ergonomic}
   size_t MaxNewSize                               = 1264582656                                {product} {ergonomic}
   size_t MinHeapDeltaBytes                        = 1048576                                   {product} {ergonomic}
   size_t MinHeapSize                              = 8388608                                   {product} {ergonomic}
    uintx NonNMethodCodeHeapSize                   = 5832780                                {pd product} {ergonomic}
    uintx NonProfiledCodeHeapSize                  = 122912730                              {pd product} {ergonomic}
    uintx ProfiledCodeHeapSize                     = 122912730                              {pd product} {ergonomic}
    uintx ReservedCodeCacheSize                    = 251658240                              {pd product} {ergonomic}
     bool SegmentedCodeCache                       = true                                      {product} {ergonomic}
     bool ShowCodeDetailsInExceptionMessages       = true                                   {manageable} {command line}
   size_t SoftMaxHeapSize                          = 2107637760                             {manageable} {ergonomic}
     bool UseCompressedClassPointers               = true                           {product lp64_product} {ergonomic}
     bool UseCompressedOops                        = true                           {product lp64_product} {ergonomic}
     bool UseG1GC                                  = true                                      {product} {ergonomic}
     bool UseLargePagesIndividualAllocation        = false                                  {pd product} {ergonomic}

Logging:
Log output configuration:
 #0: stdout all=warning uptime,level,tags
 #1: stderr all=off uptime,level,tags

Environment Variables:
PATH=D:\eclipse1.2\eclipse-jee-2022-09-R-win32-x86_64\eclipse\plugins\org.eclipse.justj.openjdk.hotspot.jre.full.win32.x86_64_17.0.4.v20220903-1038\jre\bin;D:/eclipse1.2/eclipse-jee-2022-09-R-win32-x86_64/eclipse//plugins/org.eclipse.justj.openjdk.hotspot.jre.full.win32.x86_64_17.0.4.v20220903-1038/jre/bin/server;D:/eclipse1.2/eclipse-jee-2022-09-R-win32-x86_64/eclipse//plugins/org.eclipse.justj.openjdk.hotspot.jre.full.win32.x86_64_17.0.4.v20220903-1038/jre/bin;E:\oracle\product\10.2.0\db_1\bin;C:\Program Files\Common Files\Oracle\Java\javapath;C:\Program Files (x86)\Common Files\Oracle\Java\javapath;C:\Windows\system32;C:\Windows;C:\Windows\System32\Wbem;C:\Windows\System32\WindowsPowerShell\v1.0\;C:\Windows\System32\OpenSSH\;C:\Program Files\Java\jdk-18.0.2\bin;C:\Program Files\MySQL\MySQL Server 8.0\bin;C:\Program Files\MySQL\MySQL Shell 8.0\bin\;C:\Users\user\AppData\Local\Microsoft\WindowsApps;D:\eclipse1.2\eclipse-jee-2022-09-R-win32-x86_64\eclipse;
USERNAME=user
OS=Windows_NT
PROCESSOR_IDENTIFIER=Intel64 Family 6 Model 78 Stepping 3, GenuineIntel
TMP=C:\Users\user\AppData\Local\Temp
TEMP=C:\Users\user\AppData\Local\Temp



---------------  S Y S T E M  ---------------

OS:
 Windows 10 , 64 bit Build 19041 (10.0.19041.2251)
OS uptime: 6 days 0:11 hours

CPU: total 4 (initial active 4) (2 cores per cpu, 2 threads per core) family 6 model 78 stepping 3 microcode 0xcc, cx8, cmov, fxsr, ht, mmx, 3dnowpref, sse, sse2, sse3, ssse3, sse4.1, sse4.2, popcnt, lzcnt, tsc, tscinvbit, avx, avx2, aes, erms, clmul, bmi1, bmi2, rtm, adx, fma, vzeroupper, clflush, clflushopt

Memory: 4k page, system-wide physical 8038M (206M free)
TotalPageFile size 20459M (AvailPageFile size 11M)
current process WorkingSet (physical memory assigned to process): 118M, peak: 149M
current process commit charge ("private bytes"): 141M, peak: 267M

vm_info: OpenJDK 64-Bit Server VM (17.0.4.1+1) for windows-amd64 JRE (17.0.4.1+1), built on Aug 17 2022 07:42:43 by "temurin" with MS VC++ 16.7 (VS2019)

END.
