#
# There is insufficient memory for the Java Runtime Environment to continue.
# Native memory allocation (mmap) failed to map 65536 bytes for Failed to commit metaspace.
# Possible reasons:
#   The system is out of physical RAM or swap space
#   The process is running with CompressedOops enabled, and the Java Heap may be blocking the growth of the native heap
# Possible solutions:
#   Reduce memory load on the system
#   Increase physical memory or swap space
#   Check if swap backing store is full
#   Decrease Java heap size (-Xmx/-Xms)
#   Decrease number of Java threads
#   Decrease Java thread stack sizes (-Xss)
#   Set larger code cache with -XX:ReservedCodeCacheSize=
#   JVM is running with Unscaled Compressed Oops mode in which the Java heap is
#     placed in the first 4GB address space. The Java Heap base address is the
#     maximum limit for the native heap growth. Please use -XX:HeapBaseMinAddress
#     to set the Java Heap base and to place the Java Heap above 4GB virtual address.
# This output file may be truncated or incomplete.
#
#  Out of Memory Error (virtualSpaceNode.cpp:110), pid=2112, tid=13672
#
# JRE version: OpenJDK Runtime Environment Temurin-17.0.4.1+1 (17.0.4.1+1) (build 17.0.4.1+1)
# Java VM: OpenJDK 64-Bit Server VM Temurin-17.0.4.1+1 (17.0.4.1+1, mixed mode, tiered, compressed oops, compressed class ptrs, g1 gc, windows-amd64)
# No core dump will be written. Minidumps are not enabled by default on client versions of Windows
#

---------------  S U M M A R Y ------------

Command Line: -XX:+ShowCodeDetailsInExceptionMessages -agentlib:jdwp=transport=dt_socket,suspend=y,address=localhost:50218 -javaagent:D:\eclipse1.2\eclipse-jee-2022-09-R-win32-x86_64\eclipse\configuration\org.eclipse.osgi\421\0\.cp\lib\javaagent-shaded.jar -Dfile.encoding=UTF-8 basics.DealingWithMultipleWindows

Host: Intel(R) Core(TM) i5-6300U CPU @ 2.40GHz, 4 cores, 7G,  Windows 10 , 64 bit Build 19041 (10.0.19041.2251)
Time: Mon Dec 12 19:44:04 2022 Pacific Standard Time elapsed time: 110.168726 seconds (0d 0h 1m 50s)

---------------  T H R E A D  ---------------

Current thread (0x000001b801cce2f0):  JavaThread "main" [_thread_in_vm, id=13672, stack(0x0000000d96e00000,0x0000000d96f00000)]

Stack: [0x0000000d96e00000,0x0000000d96f00000]
Native frames: (J=compiled Java code, j=interpreted, Vv=VM code, C=native code)
V  [jvm.dll+0x67731a]
V  [jvm.dll+0x832284]
V  [jvm.dll+0x833a2e]
V  [jvm.dll+0x834093]
V  [jvm.dll+0x245775]
V  [jvm.dll+0x82e22b]
V  [jvm.dll+0x61bdf6]
V  [jvm.dll+0x61be5a]
V  [jvm.dll+0x61e67a]
V  [jvm.dll+0x61c796]
V  [jvm.dll+0x23b260]
V  [jvm.dll+0x1eafbd]
V  [jvm.dll+0x1e09f1]
V  [jvm.dll+0x53c910]
V  [jvm.dll+0x1f11e7]
V  [jvm.dll+0x7ac56b]
V  [jvm.dll+0x7ad912]
V  [jvm.dll+0x7adc48]
V  [jvm.dll+0x23db7e]
V  [jvm.dll+0x37f29e]
C  0x000001b806ba7704

Java frames: (J=compiled Java code, j=interpreted, Vv=VM code)
j  java.util.stream.SortedOps.makeRef(Ljava/util/stream/AbstractPipeline;)Ljava/util/stream/Stream;+0 java.base@17.0.4.1
j  java.util.stream.ReferencePipeline.sorted()Ljava/util/stream/Stream;+1 java.base@17.0.4.1
j  org.openqa.selenium.SharedCapabilitiesMethods.hashCode(Lorg/openqa/selenium/Capabilities;)I+11
j  org.openqa.selenium.ImmutableCapabilities.<init>()V+13
j  org.openqa.selenium.PersistentCapabilities.<init>(Lorg/openqa/selenium/Capabilities;)V+6
j  org.openqa.selenium.chromium.ChromiumDriver.lambda$new$5(Lorg/openqa/selenium/Capabilities;Ljava/net/URI;)Lorg/openqa/selenium/ImmutableCapabilities;+9
j  org.openqa.selenium.chromium.ChromiumDriver$$Lambda$378+0x00000001003049b8.apply(Ljava/lang/Object;)Ljava/lang/Object;+8
j  java.util.Optional.map(Ljava/util/function/Function;)Ljava/util/Optional;+21 java.base@17.0.4.1
j  org.openqa.selenium.chromium.ChromiumDriver.<init>(Lorg/openqa/selenium/remote/CommandExecutor;Lorg/openqa/selenium/Capabilities;Ljava/lang/String;)V+221
j  org.openqa.selenium.chrome.ChromeDriver.<init>(Lorg/openqa/selenium/chrome/ChromeDriverService;Lorg/openqa/selenium/chrome/ChromeOptions;)V+12
j  org.openqa.selenium.chrome.ChromeDriver.<init>()V+11
j  basics.DealingWithMultipleWindows.main([Ljava/lang/String;)V+4
v  ~StubRoutines::call_stub

---------------  P R O C E S S  ---------------

Threads class SMR info:
_java_thread_list=0x000001b821de0880, length=26, elements={
0x000001b801cce2f0, 0x000001b81d2bf740, 0x000001b81d2c0f90, 0x000001b81d2759a0,
0x000001b81d276460, 0x000001b81d276e10, 0x000001b81d2cbf40, 0x000001b81d2ccbe0,
0x000001b81d2d8880, 0x000001b81d28a290, 0x000001b81dd05000, 0x000001b81deb12f0,
0x000001b81de69ab0, 0x000001b81de6a3a0, 0x000001b81e5013f0, 0x000001b81e9092b0,
0x000001b821d44010, 0x000001b81fd609a0, 0x000001b81f7fbbf0, 0x000001b8212608a0,
0x000001b81ddac870, 0x000001b81df48350, 0x000001b81df47010, 0x000001b81df47e80,
0x000001b81df46670, 0x000001b81df491c0
}

Java Threads: ( => current thread )
=>0x000001b801cce2f0 JavaThread "main" [_thread_in_vm, id=13672, stack(0x0000000d96e00000,0x0000000d96f00000)]
  0x000001b81d2bf740 JavaThread "Reference Handler" daemon [_thread_blocked, id=3160, stack(0x0000000d97500000,0x0000000d97600000)]
  0x000001b81d2c0f90 JavaThread "Finalizer" daemon [_thread_blocked, id=11172, stack(0x0000000d97600000,0x0000000d97700000)]
  0x000001b81d2759a0 JavaThread "Signal Dispatcher" daemon [_thread_blocked, id=6532, stack(0x0000000d97700000,0x0000000d97800000)]
  0x000001b81d276460 JavaThread "Attach Listener" daemon [_thread_blocked, id=12516, stack(0x0000000d97800000,0x0000000d97900000)]
  0x000001b81d276e10 JavaThread "Service Thread" daemon [_thread_blocked, id=8236, stack(0x0000000d97900000,0x0000000d97a00000)]
  0x000001b81d2cbf40 JavaThread "Monitor Deflation Thread" daemon [_thread_blocked, id=12112, stack(0x0000000d97a00000,0x0000000d97b00000)]
  0x000001b81d2ccbe0 JavaThread "C2 CompilerThread0" daemon [_thread_blocked, id=7884, stack(0x0000000d97b00000,0x0000000d97c00000)]
  0x000001b81d2d8880 JavaThread "C1 CompilerThread0" daemon [_thread_blocked, id=12940, stack(0x0000000d97c00000,0x0000000d97d00000)]
  0x000001b81d28a290 JavaThread "Sweeper thread" daemon [_thread_blocked, id=3424, stack(0x0000000d97d00000,0x0000000d97e00000)]
  0x000001b81dd05000 JavaThread "Common-Cleaner" daemon [_thread_blocked, id=1604, stack(0x0000000d97e00000,0x0000000d97f00000)]
  0x000001b81deb12f0 JavaThread "JDWP Transport Listener: dt_socket" daemon [_thread_blocked, id=3632, stack(0x0000000d97f00000,0x0000000d98000000)]
  0x000001b81de69ab0 JavaThread "JDWP Event Helper Thread" daemon [_thread_blocked, id=1416, stack(0x0000000d98000000,0x0000000d98100000)]
  0x000001b81de6a3a0 JavaThread "JDWP Command Reader" daemon [_thread_in_native, id=16232, stack(0x0000000d98100000,0x0000000d98200000)]
  0x000001b81e5013f0 JavaThread "Notification Thread" daemon [_thread_blocked, id=15844, stack(0x0000000d98200000,0x0000000d98300000)]
  0x000001b81e9092b0 JavaThread "AsyncHttpClient-1-1" daemon [_thread_blocked, id=16812, stack(0x0000000d98a00000,0x0000000d98b00000)]
  0x000001b821d44010 JavaThread "Exec Default Executor" daemon [_thread_in_native, id=17232, stack(0x0000000d98b00000,0x0000000d98c00000)]
  0x000001b81fd609a0 JavaThread "Driver Service Executor" daemon [_thread_blocked, id=17280, stack(0x0000000d98c00000,0x0000000d98d00000)]
  0x000001b81f7fbbf0 JavaThread "Driver Service Executor" daemon [_thread_blocked, id=17284, stack(0x0000000d98d00000,0x0000000d98e00000)]
  0x000001b8212608a0 JavaThread "UrlChecker-2" daemon [_thread_blocked, id=17396, stack(0x0000000d98e00000,0x0000000d98f00000)]
  0x000001b81ddac870 JavaThread "Exec Stream Pumper" daemon [_thread_in_native, id=14616, stack(0x0000000d98f00000,0x0000000d99000000)]
  0x000001b81df48350 JavaThread "Exec Stream Pumper" daemon [_thread_in_native, id=15816, stack(0x0000000d99000000,0x0000000d99100000)]
  0x000001b81df47010 JavaThread "AsyncHttpClient-1-2" daemon [_thread_in_native, id=10488, stack(0x0000000d99200000,0x0000000d99300000)]
  0x000001b81df47e80 JavaThread "ForkJoinPool.commonPool-worker-2" daemon [_thread_blocked, id=4780, stack(0x0000000d96c00000,0x0000000d96d00000)]
  0x000001b81df46670 JavaThread "AsyncHttpClient-1-3" daemon [_thread_in_native, id=11428, stack(0x0000000d96d00000,0x0000000d96e00000)]
  0x000001b81df491c0 JavaThread "AsyncHttpClient-1-4" daemon [_thread_in_native, id=4596, stack(0x0000000d98900000,0x0000000d98a00000)]

Other Threads:
  0x000001b81d2a8050 VMThread "VM Thread" [stack: 0x0000000d97400000,0x0000000d97500000] [id=11416]
  0x000001b801ccefe0 WatcherThread [stack: 0x0000000d98300000,0x0000000d98400000] [id=15992]
  0x000001b801d296f0 GCTaskThread "GC Thread#0" [stack: 0x0000000d96f00000,0x0000000d97000000] [id=6268]
  0x000001b81e86fc80 GCTaskThread "GC Thread#1" [stack: 0x0000000d98600000,0x0000000d98700000] [id=16512]
  0x000001b81e8eaba0 GCTaskThread "GC Thread#2" [stack: 0x0000000d98700000,0x0000000d98800000] [id=16516]
  0x000001b81dfcedc0 GCTaskThread "GC Thread#3" [stack: 0x0000000d98800000,0x0000000d98900000] [id=16544]
  0x000001b801d3c030 ConcurrentGCThread "G1 Main Marker" [stack: 0x0000000d97000000,0x0000000d97100000] [id=13404]
  0x000001b801d3c8e0 ConcurrentGCThread "G1 Conc#0" [stack: 0x0000000d97100000,0x0000000d97200000] [id=7724]
  0x000001b81d0f0090 ConcurrentGCThread "G1 Refine#0" [stack: 0x0000000d97200000,0x0000000d97300000] [id=15952]
  0x000001b81d0f0950 ConcurrentGCThread "G1 Service" [stack: 0x0000000d97300000,0x0000000d97400000] [id=2736]

Threads with active compile tasks:

VM state: not at safepoint (normal execution)

VM Mutex/Monitor currently owned by a thread:  ([mutex/lock_event])
[0x000001b801cbe2e0] Metaspace_lock - owner thread: 0x000001b801cce2f0

Heap address: 0x0000000082600000, size: 2010 MB, Compressed Oops mode: 32-bit

CDS archive(s) not mapped
Compressed class space mapped at: 0x0000000100000000-0x0000000140000000, reserved size: 1073741824
Narrow klass base: 0x0000000000000000, Narrow klass shift: 3, Narrow klass range: 0x140000000

GC Precious Log:
 CPUs: 4 total, 4 available
 Memory: 8038M
 Large Page Support: Disabled
 NUMA Support: Disabled
 Compressed Oops: Enabled (32-bit)
 Heap Region Size: 1M
 Heap Min Capacity: 8M
 Heap Initial Capacity: 126M
 Heap Max Capacity: 2010M
 Pre-touch: Disabled
 Parallel Workers: 4
 Concurrent Workers: 1
 Concurrent Refinement Workers: 4
 Periodic GC: Disabled

Heap:
 garbage-first heap   total 30720K, used 15006K [0x0000000082600000, 0x0000000100000000)
  region size 1024K, 4 young (4096K), 2 survivors (2048K)
 Metaspace       used 27358K, committed 27584K, reserved 1073152K
  class space    used 3003K, committed 3136K, reserved 1048576K

Heap Regions: E=young(eden), S=young(survivor), O=old, HS=humongous(starts), HC=humongous(continues), CS=collection set, F=free, OA=open archive, CA=closed archive, TAMS=top-at-mark-start (previous, next)
|   0|0x0000000082600000, 0x0000000082700000, 0x0000000082700000|100%|HS|  |TAMS 0x0000000082700000, 0x0000000082600000| Complete 
|   1|0x0000000082700000, 0x0000000082800000, 0x0000000082800000|100%|HC|  |TAMS 0x0000000082800000, 0x0000000082700000| Complete 
|   2|0x0000000082800000, 0x0000000082900000, 0x0000000082900000|100%| O|  |TAMS 0x0000000082900000, 0x0000000082800000| Untracked 
|   3|0x0000000082900000, 0x0000000082900000, 0x0000000082a00000|  0%| F|  |TAMS 0x0000000082900000, 0x0000000082900000| Untracked 
|   4|0x0000000082a00000, 0x0000000082b00000, 0x0000000082b00000|100%| O|  |TAMS 0x0000000082a00000, 0x0000000082a00000| Untracked 
|   5|0x0000000082b00000, 0x0000000082c00000, 0x0000000082c00000|100%| O|  |TAMS 0x0000000082b00000, 0x0000000082b00000| Untracked 
|   6|0x0000000082c00000, 0x0000000082d00000, 0x0000000082d00000|100%| O|  |TAMS 0x0000000082c00000, 0x0000000082c00000| Untracked 
|   7|0x0000000082d00000, 0x0000000082dd3c00, 0x0000000082e00000| 82%| O|  |TAMS 0x0000000082d00000, 0x0000000082d00000| Untracked 
|   8|0x0000000082e00000, 0x0000000082f00000, 0x0000000082f00000|100%|HS|  |TAMS 0x0000000082e00000, 0x0000000082e00000| Complete 
|   9|0x0000000082f00000, 0x0000000083000000, 0x0000000083000000|100%|HC|  |TAMS 0x0000000082f00000, 0x0000000082f00000| Complete 
|  10|0x0000000083000000, 0x0000000083100000, 0x0000000083100000|100%|HC|  |TAMS 0x0000000083000000, 0x0000000083000000| Complete 
|  11|0x0000000083100000, 0x0000000083200000, 0x0000000083200000|100%|HC|  |TAMS 0x0000000083100000, 0x0000000083100000| Complete 
|  12|0x0000000083200000, 0x0000000083300000, 0x0000000083300000|100%|HC|  |TAMS 0x0000000083200000, 0x0000000083200000| Complete 
|  13|0x0000000083300000, 0x0000000083300000, 0x0000000083400000|  0%| F|  |TAMS 0x0000000083300000, 0x0000000083300000| Untracked 
|  14|0x0000000083400000, 0x0000000083400000, 0x0000000083500000|  0%| F|  |TAMS 0x0000000083400000, 0x0000000083400000| Untracked 
|  15|0x0000000083500000, 0x0000000083500000, 0x0000000083600000|  0%| F|  |TAMS 0x0000000083500000, 0x0000000083500000| Untracked 
|  16|0x0000000083600000, 0x0000000083600000, 0x0000000083700000|  0%| F|  |TAMS 0x0000000083600000, 0x0000000083600000| Untracked 
|  17|0x0000000083700000, 0x00000000837d3c50, 0x0000000083800000| 82%| S|CS|TAMS 0x0000000083700000, 0x0000000083700000| Complete 
|  18|0x0000000083800000, 0x0000000083900000, 0x0000000083900000|100%| S|CS|TAMS 0x0000000083800000, 0x0000000083800000| Complete 
|  19|0x0000000083900000, 0x0000000083900000, 0x0000000083a00000|  0%| F|  |TAMS 0x0000000083900000, 0x0000000083900000| Untracked 
|  20|0x0000000083a00000, 0x0000000083a00000, 0x0000000083b00000|  0%| F|  |TAMS 0x0000000083a00000, 0x0000000083a00000| Untracked 
|  21|0x0000000083b00000, 0x0000000083b00000, 0x0000000083c00000|  0%| F|  |TAMS 0x0000000083b00000, 0x0000000083b00000| Untracked 
|  22|0x0000000083c00000, 0x0000000083c00000, 0x0000000083d00000|  0%| F|  |TAMS 0x0000000083c00000, 0x0000000083c00000| Untracked 
|  23|0x0000000083d00000, 0x0000000083d00000, 0x0000000083e00000|  0%| F|  |TAMS 0x0000000083d00000, 0x0000000083d00000| Untracked 
|  24|0x0000000083e00000, 0x0000000083e00000, 0x0000000083f00000|  0%| F|  |TAMS 0x0000000083e00000, 0x0000000083e00000| Untracked 
|  82|0x0000000087800000, 0x0000000087800000, 0x0000000087900000|  0%| F|  |TAMS 0x0000000087800000, 0x0000000087800000| Untracked 
|  83|0x0000000087900000, 0x0000000087900000, 0x0000000087a00000|  0%| F|  |TAMS 0x0000000087900000, 0x0000000087900000| Untracked 
|  84|0x0000000087a00000, 0x0000000087a00000, 0x0000000087b00000|  0%| F|  |TAMS 0x0000000087a00000, 0x0000000087a00000| Untracked 
|  85|0x0000000087b00000, 0x0000000087b7f158, 0x0000000087c00000| 49%| E|  |TAMS 0x0000000087b00000, 0x0000000087b00000| Complete 
| 125|0x000000008a300000, 0x000000008a400000, 0x000000008a400000|100%| E|CS|TAMS 0x000000008a300000, 0x000000008a300000| Complete 

Card table byte_map: [0x000001b816590000,0x000001b816980000] _byte_map_base: 0x000001b81617d000

Marking Bits (Prev, Next): (CMBitMap*) 0x000001b801d2abf0, (CMBitMap*) 0x000001b801d2abb0
 Prev Bits: [0x000001b818ce0000, 0x000001b81ac48000)
 Next Bits: [0x000001b816d70000, 0x000001b818cd8000)

Polling page: 0x000001b801db0000

Metaspace:

Usage:
  Non-class:     23.78 MB used.
      Class:      2.93 MB used.
       Both:     26.72 MB used.

Virtual space:
  Non-class space:       24.00 MB reserved,      23.88 MB (>99%) committed,  3 nodes.
      Class space:        1.00 GB reserved,       3.06 MB ( <1%) committed,  1 nodes.
             Both:        1.02 GB reserved,      26.94 MB (  3%) committed. 

Chunk freelists:
   Non-Class:  32.00 KB
       Class:  1005.00 KB
        Both:  1.01 MB

MaxMetaspaceSize: unlimited
CompressedClassSpaceSize: 1.00 GB
Initial GC threshold: 21.00 MB
Current GC threshold: 35.12 MB
CDS: off
MetaspaceReclaimPolicy: balanced
 - commit_granule_bytes: 65536.
 - commit_granule_words: 8192.
 - virtual_space_node_default_size: 1048576.
 - enlarge_chunks_in_place: 1.
 - new_chunks_are_fully_committed: 0.
 - uncommit_free_chunks: 1.
 - use_allocation_guard: 0.
 - handle_deallocations: 1.


Internal statistics:

num_allocs_failed_limit: 3.
num_arena_births: 130.
num_arena_deaths: 0.
num_vsnodes_births: 4.
num_vsnodes_deaths: 0.
num_space_committed: 431.
num_space_uncommitted: 0.
num_chunks_returned_to_freelist: 3.
num_chunks_taken_from_freelist: 589.
num_chunk_merges: 3.
num_chunk_splits: 404.
num_chunks_enlarged: 330.
num_purges: 0.
num_inconsistent_stats: 0.

CodeHeap 'non-profiled nmethods': size=120000Kb used=1243Kb max_used=1243Kb free=118756Kb
 bounds [0x000001b80e650000, 0x000001b80e8c0000, 0x000001b815b80000]
CodeHeap 'profiled nmethods': size=120000Kb used=4121Kb max_used=4121Kb free=115878Kb
 bounds [0x000001b807120000, 0x000001b807530000, 0x000001b80e650000]
CodeHeap 'non-nmethods': size=5760Kb used=1319Kb max_used=1389Kb free=4440Kb
 bounds [0x000001b806b80000, 0x000001b806df0000, 0x000001b807120000]
 total_blobs=2582 nmethods=2017 adapters=478
 compilation: enabled
              stopped_count=0, restarted_count=0
 full_count=0

Compilation events (20 events):
Event: 109.748 Thread 0x000001b81d2d8880 2019       3       java.util.StringTokenizer::skipDelimiters (116 bytes)
Event: 109.750 Thread 0x000001b81d2d8880 nmethod 2019 0x000001b807510590 code [0x000001b807510840, 0x000001b8075115c8]
Event: 109.750 Thread 0x000001b81d2d8880 2020       3       java.util.StringTokenizer::scanToken (179 bytes)
Event: 109.752 Thread 0x000001b81d2d8880 nmethod 2020 0x000001b807511b90 code [0x000001b807511f00, 0x000001b807513578]
Event: 109.753 Thread 0x000001b81d2d8880 2021       3       java.util.StringTokenizer::hasMoreTokens (29 bytes)
Event: 109.753 Thread 0x000001b81d2d8880 nmethod 2021 0x000001b807513e10 code [0x000001b807513fc0, 0x000001b807514168]
Event: 109.753 Thread 0x000001b81d2d8880 2022       3       java.util.StringTokenizer::nextToken (92 bytes)
Event: 109.753 Thread 0x000001b81d2d8880 nmethod 2022 0x000001b807514210 code [0x000001b807514400, 0x000001b807514798]
Event: 109.803 Thread 0x000001b81d2ccbe0 2023       4       java.lang.StringUTF16::getChar (60 bytes)
Event: 109.804 Thread 0x000001b81d2ccbe0 nmethod 2023 0x000001b80e786890 code [0x000001b80e786a00, 0x000001b80e786ad8]
Event: 110.123 Thread 0x000001b81d2d8880 2024       3       java.lang.invoke.MethodHandleNatives::linkCallSiteImpl (44 bytes)
Event: 110.123 Thread 0x000001b81d2d8880 nmethod 2024 0x000001b807514910 code [0x000001b807514b40, 0x000001b807515438]
Event: 110.123 Thread 0x000001b81d2d8880 2025   !   3       java.lang.invoke.BootstrapMethodInvoker::invoke (974 bytes)
Event: 110.136 Thread 0x000001b81d2d8880 nmethod 2025 0x000001b807515810 code [0x000001b8075160c0, 0x000001b807520498]
Event: 110.136 Thread 0x000001b81d2d8880 2026       3       java.lang.invoke.Invokers::callSiteForm (308 bytes)
Event: 110.137 Thread 0x000001b81d2ccbe0 2028       4       java.lang.AbstractStringBuilder::getCoder (15 bytes)
Event: 110.138 Thread 0x000001b81d2ccbe0 nmethod 2028 0x000001b80e786b90 code [0x000001b80e786d00, 0x000001b80e786d78]
Event: 110.138 Thread 0x000001b81d2d8880 nmethod 2026 0x000001b807523d90 code [0x000001b8075240c0, 0x000001b807525708]
Event: 110.138 Thread 0x000001b81d2d8880 2027       3       jdk.internal.org.objectweb.asm.FieldWriter::visitEnd (1 bytes)
Event: 110.139 Thread 0x000001b81d2d8880 nmethod 2027 0x000001b807526110 code [0x000001b8075262a0, 0x000001b8075263b8]

GC Heap History (14 events):
Event: 32.618 GC heap before
{Heap before GC invocations=0 (full 0):
 garbage-first heap   total 129024K, used 15360K [0x0000000082600000, 0x0000000100000000)
  region size 1024K, 13 young (13312K), 0 survivors (0K)
 Metaspace       used 12122K, committed 12288K, reserved 1064960K
  class space    used 1118K, committed 1216K, reserved 1048576K
}
Event: 32.743 GC heap after
{Heap after GC invocations=1 (full 0):
 garbage-first heap   total 129024K, used 3974K [0x0000000082600000, 0x0000000100000000)
  region size 1024K, 2 young (2048K), 2 survivors (2048K)
 Metaspace       used 12122K, committed 12288K, reserved 1064960K
  class space    used 1118K, committed 1216K, reserved 1048576K
}
Event: 36.198 GC heap before
{Heap before GC invocations=1 (full 0):
 garbage-first heap   total 129024K, used 21382K [0x0000000082600000, 0x0000000100000000)
  region size 1024K, 19 young (19456K), 2 survivors (2048K)
 Metaspace       used 15038K, committed 15168K, reserved 1064960K
  class space    used 1475K, committed 1536K, reserved 1048576K
}
Event: 36.202 GC heap after
{Heap after GC invocations=2 (full 0):
 garbage-first heap   total 129024K, used 4769K [0x0000000082600000, 0x0000000100000000)
  region size 1024K, 1 young (1024K), 1 survivors (1024K)
 Metaspace       used 15038K, committed 15168K, reserved 1064960K
  class space    used 1475K, committed 1536K, reserved 1048576K
}
Event: 64.144 GC heap before
{Heap before GC invocations=2 (full 0):
 garbage-first heap   total 129024K, used 43681K [0x0000000082600000, 0x0000000100000000)
  region size 1024K, 40 young (40960K), 1 survivors (1024K)
 Metaspace       used 21320K, committed 21504K, reserved 1073152K
  class space    used 2205K, committed 2304K, reserved 1048576K
}
Event: 64.150 GC heap after
{Heap after GC invocations=3 (full 0):
 garbage-first heap   total 129024K, used 7040K [0x0000000082600000, 0x0000000100000000)
  region size 1024K, 4 young (4096K), 4 survivors (4096K)
 Metaspace       used 21320K, committed 21504K, reserved 1073152K
  class space    used 2205K, committed 2304K, reserved 1048576K
}
Event: 67.623 GC heap before
{Heap before GC invocations=4 (full 0):
 garbage-first heap   total 30720K, used 21376K [0x0000000082600000, 0x0000000100000000)
  region size 1024K, 18 young (18432K), 4 survivors (4096K)
 Metaspace       used 22935K, committed 23168K, reserved 1073152K
  class space    used 2448K, committed 2560K, reserved 1048576K
}
Event: 67.631 GC heap after
{Heap after GC invocations=5 (full 0):
 garbage-first heap   total 30720K, used 7546K [0x0000000082600000, 0x0000000100000000)
  region size 1024K, 1 young (1024K), 1 survivors (1024K)
 Metaspace       used 22935K, committed 23168K, reserved 1073152K
  class space    used 2448K, committed 2560K, reserved 1048576K
}
Event: 67.747 GC heap before
{Heap before GC invocations=5 (full 0):
 garbage-first heap   total 30720K, used 8570K [0x0000000082600000, 0x0000000100000000)
  region size 1024K, 2 young (2048K), 1 survivors (1024K)
 Metaspace       used 23072K, committed 23296K, reserved 1073152K
  class space    used 2464K, committed 2560K, reserved 1048576K
}
Event: 67.752 GC heap after
{Heap after GC invocations=6 (full 0):
 garbage-first heap   total 30720K, used 7508K [0x0000000082600000, 0x0000000100000000)
  region size 1024K, 1 young (1024K), 1 survivors (1024K)
 Metaspace       used 23072K, committed 23296K, reserved 1073152K
  class space    used 2464K, committed 2560K, reserved 1048576K
}
Event: 107.823 GC heap before
{Heap before GC invocations=6 (full 0):
 garbage-first heap   total 30720K, used 25940K [0x0000000082600000, 0x0000000100000000)
  region size 1024K, 15 young (15360K), 1 survivors (1024K)
 Metaspace       used 24984K, committed 25152K, reserved 1073152K
  class space    used 2740K, committed 2816K, reserved 1048576K
}
Event: 107.827 GC heap after
{Heap after GC invocations=7 (full 0):
 garbage-first heap   total 30720K, used 12953K [0x0000000082600000, 0x0000000100000000)
  region size 1024K, 1 young (1024K), 1 survivors (1024K)
 Metaspace       used 24984K, committed 25152K, reserved 1073152K
  class space    used 2740K, committed 2816K, reserved 1048576K
}
Event: 109.593 GC heap before
{Heap before GC invocations=7 (full 0):
 garbage-first heap   total 30720K, used 24217K [0x0000000082600000, 0x0000000100000000)
  region size 1024K, 12 young (12288K), 1 survivors (1024K)
 Metaspace       used 26702K, committed 26944K, reserved 1073152K
  class space    used 2938K, committed 3072K, reserved 1048576K
}
Event: 109.598 GC heap after
{Heap after GC invocations=8 (full 0):
 garbage-first heap   total 30720K, used 13982K [0x0000000082600000, 0x0000000100000000)
  region size 1024K, 2 young (2048K), 2 survivors (2048K)
 Metaspace       used 26702K, committed 26944K, reserved 1073152K
  class space    used 2938K, committed 3072K, reserved 1048576K
}

Deoptimization events (20 events):
Event: 107.855 Thread 0x000001b801cce2f0 DEOPT PACKING pc=0x000001b8074d52fd sp=0x0000000d96efabf0
Event: 107.855 Thread 0x000001b801cce2f0 DEOPT UNPACKING pc=0x000001b806bd2b43 sp=0x0000000d96efa1a0 mode 0
Event: 108.150 Thread 0x000001b801cce2f0 Uncommon trap: trap_request=0xffffffde fr.pc=0x000001b80e6cdc74 relative=0x0000000000000e54
Event: 108.150 Thread 0x000001b801cce2f0 Uncommon trap: reason=class_check action=maybe_recompile pc=0x000001b80e6cdc74 method=java.util.HashMap.putVal(ILjava/lang/Object;Ljava/lang/Object;ZZ)Ljava/lang/Object; @ 253 c2
Event: 108.150 Thread 0x000001b801cce2f0 DEOPT PACKING pc=0x000001b80e6cdc74 sp=0x0000000d96efe310
Event: 108.150 Thread 0x000001b801cce2f0 DEOPT UNPACKING pc=0x000001b806bd23a3 sp=0x0000000d96efe278 mode 2
Event: 108.444 Thread 0x000001b801cce2f0 DEOPT PACKING pc=0x000001b8073632a9 sp=0x0000000d96efd4c0
Event: 108.444 Thread 0x000001b801cce2f0 DEOPT UNPACKING pc=0x000001b806bd2b43 sp=0x0000000d96efc9f0 mode 0
Event: 108.463 Thread 0x000001b801cce2f0 Uncommon trap: trap_request=0xffffff45 fr.pc=0x000001b80e6c80f4 relative=0x00000000000011d4
Event: 108.463 Thread 0x000001b801cce2f0 Uncommon trap: reason=unstable_if action=reinterpret pc=0x000001b80e6c80f4 method=java.util.concurrent.ConcurrentHashMap.putVal(Ljava/lang/Object;Ljava/lang/Object;Z)Ljava/lang/Object; @ 231 c2
Event: 108.463 Thread 0x000001b801cce2f0 DEOPT PACKING pc=0x000001b80e6c80f4 sp=0x0000000d96efeae0
Event: 108.463 Thread 0x000001b801cce2f0 DEOPT UNPACKING pc=0x000001b806bd23a3 sp=0x0000000d96efea60 mode 2
Event: 108.479 Thread 0x000001b801cce2f0 DEOPT PACKING pc=0x000001b8074d52fd sp=0x0000000d96efa9a0
Event: 108.479 Thread 0x000001b801cce2f0 DEOPT UNPACKING pc=0x000001b806bd2b43 sp=0x0000000d96ef9f50 mode 0
Event: 109.117 Thread 0x000001b801cce2f0 DEOPT PACKING pc=0x000001b8074d52fd sp=0x0000000d96ef7940
Event: 109.117 Thread 0x000001b801cce2f0 DEOPT UNPACKING pc=0x000001b806bd2b43 sp=0x0000000d96ef6ef0 mode 0
Event: 109.800 Thread 0x000001b801cce2f0 Uncommon trap: trap_request=0xffffff45 fr.pc=0x000001b80e667348 relative=0x0000000000000048
Event: 109.800 Thread 0x000001b801cce2f0 Uncommon trap: reason=unstable_if action=reinterpret pc=0x000001b80e667348 method=java.lang.CharacterData.of(I)Ljava/lang/CharacterData; @ 4 c2
Event: 109.800 Thread 0x000001b801cce2f0 DEOPT PACKING pc=0x000001b80e667348 sp=0x0000000d96efdf30
Event: 109.800 Thread 0x000001b801cce2f0 DEOPT UNPACKING pc=0x000001b806bd23a3 sp=0x0000000d96efded0 mode 2

Classes unloaded (0 events):
No events

Classes redefined (0 events):
No events

Internal exceptions (20 events):
Event: 60.397 Thread 0x000001b8212608a0 Exception <a 'java/net/SocketException'{0x0000000088038620}: Socket is not connected: shutdown> (0x0000000088038620) 
thrown [s\src\hotspot\share\prims\jni.cpp, line 535]
Event: 61.327 Thread 0x000001b8212608a0 Exception <a 'java/net/ConnectException'{0x00000000880395b8}: Connection refused: no further information> (0x00000000880395b8) 
thrown [s\src\hotspot\share\prims\jni.cpp, line 535]
Event: 61.327 Thread 0x000001b8212608a0 Exception <a 'java/net/SocketException'{0x00000000880398f0}: Socket is not connected: shutdown> (0x00000000880398f0) 
thrown [s\src\hotspot\share\prims\jni.cpp, line 535]
Event: 63.691 Thread 0x000001b801cce2f0 Exception <a 'java/lang/NoSuchMethodError'{0x0000000087fc6bf0}: 'int java.lang.invoke.DirectMethodHandle$Holder.invokeVirtual(java.lang.Object, java.lang.Object)'> (0x0000000087fc6bf0) 
thrown [s\src\hotspot\share\interpreter\linkResolver.cpp, line 759]
Event: 63.692 Thread 0x000001b801cce2f0 Exception <a 'java/lang/NoSuchMethodError'{0x0000000087fcd110}: 'double java.lang.invoke.DirectMethodHandle$Holder.invokeVirtual(java.lang.Object, java.lang.Object)'> (0x0000000087fcd110) 
thrown [s\src\hotspot\share\interpreter\linkResolver.cpp, line 759]
Event: 63.693 Thread 0x000001b801cce2f0 Exception <a 'java/lang/NoSuchMethodError'{0x0000000087fd38b8}: 'float java.lang.invoke.DirectMethodHandle$Holder.invokeVirtual(java.lang.Object, java.lang.Object)'> (0x0000000087fd38b8) 
thrown [s\src\hotspot\share\interpreter\linkResolver.cpp, line 759]
Event: 63.694 Thread 0x000001b801cce2f0 Exception <a 'java/lang/NoSuchMethodError'{0x0000000087fdcbb8}: 'long java.lang.invoke.DirectMethodHandle$Holder.invokeVirtual(java.lang.Object, java.lang.Object)'> (0x0000000087fdcbb8) 
thrown [s\src\hotspot\share\interpreter\linkResolver.cpp, line 759]
Event: 63.850 Thread 0x000001b801cce2f0 Exception <a 'java/lang/NoSuchMethodError'{0x0000000087e49048}: 'void java.lang.invoke.DirectMethodHandle$Holder.invokeStatic(java.lang.Object, java.lang.Object, java.lang.Object)'> (0x0000000087e49048) 
thrown [s\src\hotspot\share\interpreter\linkResolver.cpp, line 759]
Event: 63.854 Thread 0x000001b801cce2f0 Exception <a 'java/lang/NoSuchMethodError'{0x0000000087e4f5e8}: 'java.lang.Object java.lang.invoke.DirectMethodHandle$Holder.invokeVirtual(java.lang.Object, java.lang.Object, java.lang.Object)'> (0x0000000087e4f5e8) 
thrown [s\src\hotspot\share\interpreter\linkResolver.cpp, line 759]
Event: 64.158 Thread 0x000001b801cce2f0 Exception <a 'java/lang/NoSuchMethodError'{0x000000008a32db68}: 'void java.lang.invoke.DirectMethodHandle$Holder.invokeSpecial(java.lang.Object, java.lang.Object, java.lang.Object, java.lang.Object, java.lang.Object)'> (0x000000008a32db68) 
thrown [s\src\hotspot\share\interpreter\linkResolver.cpp, line 759]
Event: 64.167 Thread 0x000001b801cce2f0 Exception <a 'java/lang/NoSuchMethodError'{0x000000008a33e0f0}: 'void java.lang.invoke.DirectMethodHandle$Holder.invokeStatic(java.lang.Object, java.lang.Object, int)'> (0x000000008a33e0f0) 
thrown [s\src\hotspot\share\interpreter\linkResolver.cpp, line 759]
Event: 64.417 Thread 0x000001b801cce2f0 Exception <a 'java/lang/NoSuchMethodError'{0x0000000083e87e60}: 'java.lang.Object java.lang.invoke.DirectMethodHandle$Holder.newInvokeSpecial(java.lang.Object, java.lang.Object, java.lang.Object, java.lang.Object, java.lang.Object)'> (0x0000000083e87e60) 
thrown [s\src\hotspot\share\interpreter\linkResolver.cpp, line 759]
Event: 65.281 Thread 0x000001b801cce2f0 Exception <a 'java/lang/NoSuchMethodError'{0x0000000083a2eaa8}: 'int java.lang.invoke.DirectMethodHandle$Holder.invokeSpecialIFC(java.lang.Object, java.lang.Object, java.lang.Object)'> (0x0000000083a2eaa8) 
thrown [s\src\hotspot\share\interpreter\linkResolver.cpp, line 759]
Event: 65.651 Thread 0x000001b801cce2f0 Exception <a 'java/lang/NoSuchMethodError'{0x0000000083940630}: 'java.lang.Object java.lang.invoke.Invokers$Holder.invokeExact_MT(java.lang.Object, java.lang.Object, java.lang.Object, java.lang.Object, java.lang.Object, java.lang.Object)'> (0x0000000083940630) 
thrown [s\src\hotspot\share\interpreter\linkResolver.cpp, line 759]
Event: 66.168 Thread 0x000001b801cce2f0 Exception <a 'java/lang/NoSuchMethodError'{0x00000000837483a8}: 'void java.lang.invoke.DirectMethodHandle$Holder.invokeStatic(java.lang.Object, java.lang.Object, java.lang.Object, java.lang.Object)'> (0x00000000837483a8) 
thrown [s\src\hotspot\share\interpreter\linkResolver.cpp, line 759]
Event: 67.614 Thread 0x000001b801cce2f0 Exception <a 'java/lang/NoSuchMethodError'{0x0000000083254318}: 'void java.lang.invoke.DirectMethodHandle$Holder.invokeSpecial(java.lang.Object, java.lang.Object, java.lang.Object, java.lang.Object, java.lang.Object, java.lang.Object)'> (0x0000000083254318) 
thrown [s\src\hotspot\share\interpreter\linkResolver.cpp, line 759]
Event: 108.111 Thread 0x000001b801cce2f0 Exception <a 'java/lang/NoSuchMethodError'{0x0000000087be0288}: 'java.lang.Object java.lang.invoke.DirectMethodHandle$Holder.invokeSpecialIFC(java.lang.Object, java.lang.Object, java.lang.Object)'> (0x0000000087be0288) 
thrown [s\src\hotspot\share\interpreter\linkResolver.cpp, line 759]
Event: 108.118 Thread 0x000001b801cce2f0 Exception <a 'java/lang/NoSuchMethodError'{0x0000000087a390b0}: 'void java.lang.invoke.DirectMethodHandle$Holder.invokeSpecial(java.lang.Object, java.lang.Object, java.lang.Object)'> (0x0000000087a390b0) 
thrown [s\src\hotspot\share\interpreter\linkResolver.cpp, line 759]
Event: 109.547 Thread 0x000001b801cce2f0 Exception <a 'java/lang/NoSuchMethodError'{0x00000000839a2090}: 'java.lang.Object java.lang.invoke.DirectMethodHandle$Holder.invokeStatic(java.lang.Object, int, java.lang.Object)'> (0x00000000839a2090) 
thrown [s\src\hotspot\share\interpreter\linkResolver.cpp, line 759]
Event: 110.131 Thread 0x000001b801cce2f0 Exception <a 'java/lang/ClassNotFoundException'{0x000000008a3ee2f0}: sun/util/logging/resources/spi/loggingProvider> (0x000000008a3ee2f0) 
thrown [s\src\hotspot\share\classfile\systemDictionary.cpp, line 256]

VM Operations (20 events):
Event: 66.252 Executing VM operation: Cleanup
Event: 66.252 Executing VM operation: Cleanup done
Event: 67.623 Executing VM operation: G1CollectForAllocation
Event: 67.631 Executing VM operation: G1CollectForAllocation done
Event: 67.747 Executing VM operation: G1CollectForAllocation
Event: 67.752 Executing VM operation: G1CollectForAllocation done
Event: 68.766 Executing VM operation: Cleanup
Event: 68.766 Executing VM operation: Cleanup done
Event: 71.797 Executing VM operation: Cleanup
Event: 71.797 Executing VM operation: Cleanup done
Event: 107.823 Executing VM operation: G1CollectForAllocation
Event: 107.827 Executing VM operation: G1CollectForAllocation done
Event: 108.843 Executing VM operation: Cleanup
Event: 108.918 Executing VM operation: Cleanup done
Event: 109.367 Executing VM operation: HandshakeAllThreads
Event: 109.367 Executing VM operation: HandshakeAllThreads done
Event: 109.593 Executing VM operation: G1CollectForAllocation
Event: 109.598 Executing VM operation: G1CollectForAllocation done
Event: 109.802 Executing VM operation: HandshakeAllThreads
Event: 109.802 Executing VM operation: HandshakeAllThreads done

Events (20 events):
Event: 110.132 loading class sun/util/logging/resources/logging_en done
Event: 110.132 loading class sun/util/logging/resources/logging_en_US
Event: 110.133 loading class sun/util/logging/resources/logging_en_US done
Event: 110.133 loading class sun/util/logging/resources/logging_en_US
Event: 110.133 loading class sun/util/logging/resources/logging_en_US done
Event: 110.133 loading class java/util/Formatter$DateTime
Event: 110.133 loading class java/util/Formatter$DateTime done
Event: 110.134 loading class java/time/ZonedDateTime$1
Event: 110.134 loading class java/time/ZonedDateTime$1 done
Event: 110.134 loading class java/text/DateFormatSymbols
Event: 110.134 loading class java/text/DateFormatSymbols done
Event: 110.135 loading class java/text/spi/DateFormatSymbolsProvider
Event: 110.135 loading class java/text/spi/DateFormatSymbolsProvider done
Event: 110.136 loading class sun/util/locale/provider/DateFormatSymbolsProviderImpl
Event: 110.136 loading class sun/util/locale/provider/DateFormatSymbolsProviderImpl done
Event: 110.136 loading class java/time/LocalTime$1
Event: 110.137 loading class java/time/LocalTime$1 done
Event: 110.150 loading class java/util/stream/SortedOps
Event: 110.151 loading class java/util/stream/SortedOps done
Event: 110.151 loading class java/util/stream/SortedOps$OfRef


Dynamic libraries:
0x00007ff722c30000 - 0x00007ff722c3e000 	D:\eclipse1.2\eclipse-jee-2022-09-R-win32-x86_64\eclipse\plugins\org.eclipse.justj.openjdk.hotspot.jre.full.win32.x86_64_17.0.4.v20220903-1038\jre\bin\javaw.exe
0x00007ffdcbc50000 - 0x00007ffdcbe48000 	C:\Windows\SYSTEM32\ntdll.dll
0x00007ffdcb4f0000 - 0x00007ffdcb5af000 	C:\Windows\System32\KERNEL32.DLL
0x00007ffdc9580000 - 0x00007ffdc9852000 	C:\Windows\System32\KERNELBASE.dll
0x00007ffdc9860000 - 0x00007ffdc9960000 	C:\Windows\System32\ucrtbase.dll
0x00007ffda8470000 - 0x00007ffda8488000 	D:\eclipse1.2\eclipse-jee-2022-09-R-win32-x86_64\eclipse\plugins\org.eclipse.justj.openjdk.hotspot.jre.full.win32.x86_64_17.0.4.v20220903-1038\jre\bin\jli.dll
0x00007ffdca530000 - 0x00007ffdca6cd000 	C:\Windows\System32\USER32.dll
0x00007ffdc9c70000 - 0x00007ffdc9c92000 	C:\Windows\System32\win32u.dll
0x00007ffdcba30000 - 0x00007ffdcba5b000 	C:\Windows\System32\GDI32.dll
0x00007ffdc9350000 - 0x00007ffdc945f000 	C:\Windows\System32\gdi32full.dll
0x00007ffdc9990000 - 0x00007ffdc9a2d000 	C:\Windows\System32\msvcp_win.dll
0x00007ffda7ee0000 - 0x00007ffda7ef9000 	D:\eclipse1.2\eclipse-jee-2022-09-R-win32-x86_64\eclipse\plugins\org.eclipse.justj.openjdk.hotspot.jre.full.win32.x86_64_17.0.4.v20220903-1038\jre\bin\VCRUNTIME140.dll
0x00007ffdab320000 - 0x00007ffdab5ba000 	C:\Windows\WinSxS\amd64_microsoft.windows.common-controls_6595b64144ccf1df_6.0.19041.1110_none_60b5254171f9507e\COMCTL32.dll
0x00007ffdc9ca0000 - 0x00007ffdc9d3e000 	C:\Windows\System32\msvcrt.dll
0x00007ffdcad90000 - 0x00007ffdcadc2000 	C:\Windows\System32\IMM32.DLL
0x00007ffdc2e10000 - 0x00007ffdc2e1c000 	D:\eclipse1.2\eclipse-jee-2022-09-R-win32-x86_64\eclipse\plugins\org.eclipse.justj.openjdk.hotspot.jre.full.win32.x86_64_17.0.4.v20220903-1038\jre\bin\vcruntime140_1.dll
0x00007ffd99700000 - 0x00007ffd99791000 	D:\eclipse1.2\eclipse-jee-2022-09-R-win32-x86_64\eclipse\plugins\org.eclipse.justj.openjdk.hotspot.jre.full.win32.x86_64_17.0.4.v20220903-1038\jre\bin\msvcp140.dll
0x00007ffd587c0000 - 0x00007ffd59406000 	D:\eclipse1.2\eclipse-jee-2022-09-R-win32-x86_64\eclipse\plugins\org.eclipse.justj.openjdk.hotspot.jre.full.win32.x86_64_17.0.4.v20220903-1038\jre\bin\server\jvm.dll
0x00007ffdcbb60000 - 0x00007ffdcbc0e000 	C:\Windows\System32\ADVAPI32.dll
0x00007ffdc9d40000 - 0x00007ffdc9ddc000 	C:\Windows\System32\sechost.dll
0x00007ffdcb360000 - 0x00007ffdcb485000 	C:\Windows\System32\RPCRT4.dll
0x00007ffdcba20000 - 0x00007ffdcba28000 	C:\Windows\System32\PSAPI.DLL
0x00007ffdc2da0000 - 0x00007ffdc2da9000 	C:\Windows\SYSTEM32\WSOCK32.dll
0x00007ffdcb6f0000 - 0x00007ffdcb75b000 	C:\Windows\System32\WS2_32.dll
0x00007ffdb5fc0000 - 0x00007ffdb5fe7000 	C:\Windows\SYSTEM32\WINMM.dll
0x00007ffdbdec0000 - 0x00007ffdbdeca000 	C:\Windows\SYSTEM32\VERSION.dll
0x00007ffdc7ba0000 - 0x00007ffdc7bb2000 	C:\Windows\SYSTEM32\kernel.appcore.dll
0x00007ffdbf1b0000 - 0x00007ffdbf1ba000 	D:\eclipse1.2\eclipse-jee-2022-09-R-win32-x86_64\eclipse\plugins\org.eclipse.justj.openjdk.hotspot.jre.full.win32.x86_64_17.0.4.v20220903-1038\jre\bin\jimage.dll
0x00007ffdc7980000 - 0x00007ffdc7b64000 	C:\Windows\SYSTEM32\DBGHELP.DLL
0x00007ffdb1c00000 - 0x00007ffdb1c2c000 	C:\Windows\SYSTEM32\dbgcore.DLL
0x00007ffdc9a80000 - 0x00007ffdc9b02000 	C:\Windows\System32\bcryptPrimitives.dll
0x00007ffda4300000 - 0x00007ffda433b000 	D:\eclipse1.2\eclipse-jee-2022-09-R-win32-x86_64\eclipse\plugins\org.eclipse.justj.openjdk.hotspot.jre.full.win32.x86_64_17.0.4.v20220903-1038\jre\bin\jdwp.dll
0x00007ffdbcbc0000 - 0x00007ffdbcbce000 	D:\eclipse1.2\eclipse-jee-2022-09-R-win32-x86_64\eclipse\plugins\org.eclipse.justj.openjdk.hotspot.jre.full.win32.x86_64_17.0.4.v20220903-1038\jre\bin\instrument.dll
0x00007ffdbf080000 - 0x00007ffdbf0a5000 	D:\eclipse1.2\eclipse-jee-2022-09-R-win32-x86_64\eclipse\plugins\org.eclipse.justj.openjdk.hotspot.jre.full.win32.x86_64_17.0.4.v20220903-1038\jre\bin\java.dll
0x00007ffdbf190000 - 0x00007ffdbf1a8000 	D:\eclipse1.2\eclipse-jee-2022-09-R-win32-x86_64\eclipse\plugins\org.eclipse.justj.openjdk.hotspot.jre.full.win32.x86_64_17.0.4.v20220903-1038\jre\bin\zip.dll
0x00007ffdc9de0000 - 0x00007ffdca523000 	C:\Windows\System32\SHELL32.dll
0x00007ffdc71e0000 - 0x00007ffdc7972000 	C:\Windows\SYSTEM32\windows.storage.dll
0x00007ffdca800000 - 0x00007ffdcab54000 	C:\Windows\System32\combase.dll
0x00007ffdc8d40000 - 0x00007ffdc8d70000 	C:\Windows\SYSTEM32\Wldp.dll
0x00007ffdca750000 - 0x00007ffdca7fd000 	C:\Windows\System32\SHCORE.dll
0x00007ffdcac90000 - 0x00007ffdcace5000 	C:\Windows\System32\shlwapi.dll
0x00007ffdc9290000 - 0x00007ffdc92af000 	C:\Windows\SYSTEM32\profapi.dll
0x00007ffdad710000 - 0x00007ffdad71c000 	D:\eclipse1.2\eclipse-jee-2022-09-R-win32-x86_64\eclipse\plugins\org.eclipse.justj.openjdk.hotspot.jre.full.win32.x86_64_17.0.4.v20220903-1038\jre\bin\dt_socket.dll
0x00007ffdc8720000 - 0x00007ffdc875b000 	C:\Windows\SYSTEM32\IPHLPAPI.DLL
0x00007ffdc8a30000 - 0x00007ffdc8a9a000 	C:\Windows\system32\mswsock.dll
0x00007ffdc8760000 - 0x00007ffdc882a000 	C:\Windows\SYSTEM32\DNSAPI.dll
0x00007ffdcb610000 - 0x00007ffdcb618000 	C:\Windows\System32\NSI.dll
0x00007ffdb7c20000 - 0x00007ffdb7c2a000 	C:\Windows\System32\rasadhlp.dll
0x00007ffdb7b00000 - 0x00007ffdb7b80000 	C:\Windows\System32\fwpuclnt.dll
0x00007ffdc9960000 - 0x00007ffdc9987000 	C:\Windows\System32\bcrypt.dll
0x00007ffdbf060000 - 0x00007ffdbf079000 	D:\eclipse1.2\eclipse-jee-2022-09-R-win32-x86_64\eclipse\plugins\org.eclipse.justj.openjdk.hotspot.jre.full.win32.x86_64_17.0.4.v20220903-1038\jre\bin\net.dll
0x00007ffdb7fb0000 - 0x00007ffdb80bc000 	C:\Windows\SYSTEM32\WINHTTP.dll
0x00007ffdbf040000 - 0x00007ffdbf055000 	D:\eclipse1.2\eclipse-jee-2022-09-R-win32-x86_64\eclipse\plugins\org.eclipse.justj.openjdk.hotspot.jre.full.win32.x86_64_17.0.4.v20220903-1038\jre\bin\nio.dll
0x00007ffdbf030000 - 0x00007ffdbf040000 	D:\eclipse1.2\eclipse-jee-2022-09-R-win32-x86_64\eclipse\plugins\org.eclipse.justj.openjdk.hotspot.jre.full.win32.x86_64_17.0.4.v20220903-1038\jre\bin\verify.dll
0x00007ffdc8c90000 - 0x00007ffdc8ca8000 	C:\Windows\SYSTEM32\CRYPTSP.dll
0x00007ffdc8350000 - 0x00007ffdc8384000 	C:\Windows\system32\rsaenh.dll
0x00007ffdc9250000 - 0x00007ffdc927e000 	C:\Windows\SYSTEM32\USERENV.dll
0x00007ffdc8d10000 - 0x00007ffdc8d1c000 	C:\Windows\SYSTEM32\CRYPTBASE.dll
0x00007ffdbcc50000 - 0x00007ffdbcc67000 	C:\Windows\SYSTEM32\dhcpcsvc6.DLL
0x00007ffdbcb80000 - 0x00007ffdbcb9d000 	C:\Windows\SYSTEM32\dhcpcsvc.DLL
0x00007ffdc3600000 - 0x00007ffdc3691000 	C:\Windows\system32\apphelp.dll
0x00007ffda7ed0000 - 0x00007ffda7ed9000 	D:\eclipse1.2\eclipse-jee-2022-09-R-win32-x86_64\eclipse\plugins\org.eclipse.justj.openjdk.hotspot.jre.full.win32.x86_64_17.0.4.v20220903-1038\jre\bin\management.dll
0x00007ffda7ec0000 - 0x00007ffda7ecb000 	D:\eclipse1.2\eclipse-jee-2022-09-R-win32-x86_64\eclipse\plugins\org.eclipse.justj.openjdk.hotspot.jre.full.win32.x86_64_17.0.4.v20220903-1038\jre\bin\management_ext.dll
0x00007ffdbcbd0000 - 0x00007ffdbcbde000 	D:\eclipse1.2\eclipse-jee-2022-09-R-win32-x86_64\eclipse\plugins\org.eclipse.justj.openjdk.hotspot.jre.full.win32.x86_64_17.0.4.v20220903-1038\jre\bin\sunmscapi.dll
0x00007ffdc9b10000 - 0x00007ffdc9c66000 	C:\Windows\System32\CRYPT32.dll
0x00007ffdc8db0000 - 0x00007ffdc8dd7000 	C:\Windows\SYSTEM32\ncrypt.dll
0x00007ffdc8d70000 - 0x00007ffdc8dab000 	C:\Windows\SYSTEM32\NTASN1.dll
0x00007ffda7ea0000 - 0x00007ffda7ea7000 	C:\Windows\system32\wshunix.dll

dbghelp: loaded successfully - version: 4.0.5 - missing functions: none
symbol engine: initialized successfully - sym options: 0x614 - pdb path: .;D:\eclipse1.2\eclipse-jee-2022-09-R-win32-x86_64\eclipse\plugins\org.eclipse.justj.openjdk.hotspot.jre.full.win32.x86_64_17.0.4.v20220903-1038\jre\bin;C:\Windows\SYSTEM32;C:\Windows\WinSxS\amd64_microsoft.windows.common-controls_6595b64144ccf1df_6.0.19041.1110_none_60b5254171f9507e;D:\eclipse1.2\eclipse-jee-2022-09-R-win32-x86_64\eclipse\plugins\org.eclipse.justj.openjdk.hotspot.jre.full.win32.x86_64_17.0.4.v20220903-1038\jre\bin\server

VM Arguments:
jvm_args: -XX:+ShowCodeDetailsInExceptionMessages -agentlib:jdwp=transport=dt_socket,suspend=y,address=localhost:50218 -javaagent:D:\eclipse1.2\eclipse-jee-2022-09-R-win32-x86_64\eclipse\configuration\org.eclipse.osgi\421\0\.cp\lib\javaagent-shaded.jar -Dfile.encoding=UTF-8 
java_command: basics.DealingWithMultipleWindows
java_class_path (initial): C:\Users\Public\QASA\bin;C:\Users\Public\QASA\jars\selenium-server-4.6.0.jar
Launcher Type: SUN_STANDARD

[Global flags]
     intx CICompilerCount                          = 3                                         {product} {ergonomic}
     uint ConcGCThreads                            = 1                                         {product} {ergonomic}
     uint G1ConcRefinementThreads                  = 4                                         {product} {ergonomic}
   size_t G1HeapRegionSize                         = 1048576                                   {product} {ergonomic}
    uintx GCDrainStackTargetSize                   = 64                                        {product} {ergonomic}
   size_t InitialHeapSize                          = 132120576                                 {product} {ergonomic}
   size_t MarkStackSize                            = 4194304                                   {product} {ergonomic}
   size_t MaxHeapSize                              = 2107637760                                {product} {ergonomic}
   size_t MaxNewSize                               = 1264582656                                {product} {ergonomic}
   size_t MinHeapDeltaBytes                        = 1048576                                   {product} {ergonomic}
   size_t MinHeapSize                              = 8388608                                   {product} {ergonomic}
    uintx NonNMethodCodeHeapSize                   = 5832780                                {pd product} {ergonomic}
    uintx NonProfiledCodeHeapSize                  = 122912730                              {pd product} {ergonomic}
    uintx ProfiledCodeHeapSize                     = 122912730                              {pd product} {ergonomic}
    uintx ReservedCodeCacheSize                    = 251658240                              {pd product} {ergonomic}
     bool SegmentedCodeCache                       = true                                      {product} {ergonomic}
     bool ShowCodeDetailsInExceptionMessages       = true                                   {manageable} {command line}
   size_t SoftMaxHeapSize                          = 2107637760                             {manageable} {ergonomic}
     bool UseCompressedClassPointers               = true                           {product lp64_product} {ergonomic}
     bool UseCompressedOops                        = true                           {product lp64_product} {ergonomic}
     bool UseG1GC                                  = true                                      {product} {ergonomic}
     bool UseLargePagesIndividualAllocation        = false                                  {pd product} {ergonomic}

Logging:
Log output configuration:
 #0: stdout all=warning uptime,level,tags
 #1: stderr all=off uptime,level,tags

Environment Variables:
PATH=D:\eclipse1.2\eclipse-jee-2022-09-R-win32-x86_64\eclipse\plugins\org.eclipse.justj.openjdk.hotspot.jre.full.win32.x86_64_17.0.4.v20220903-1038\jre\bin;D:/eclipse1.2/eclipse-jee-2022-09-R-win32-x86_64/eclipse//plugins/org.eclipse.justj.openjdk.hotspot.jre.full.win32.x86_64_17.0.4.v20220903-1038/jre/bin/server;D:/eclipse1.2/eclipse-jee-2022-09-R-win32-x86_64/eclipse//plugins/org.eclipse.justj.openjdk.hotspot.jre.full.win32.x86_64_17.0.4.v20220903-1038/jre/bin;E:\oracle\product\10.2.0\db_1\bin;C:\Program Files\Common Files\Oracle\Java\javapath;C:\Program Files (x86)\Common Files\Oracle\Java\javapath;C:\Windows\system32;C:\Windows;C:\Windows\System32\Wbem;C:\Windows\System32\WindowsPowerShell\v1.0\;C:\Windows\System32\OpenSSH\;C:\Program Files\Java\jdk-18.0.2\bin;C:\Program Files\MySQL\MySQL Server 8.0\bin;C:\Program Files\MySQL\MySQL Shell 8.0\bin\;C:\Users\user\AppData\Local\Microsoft\WindowsApps;D:\eclipse1.2\eclipse-jee-2022-09-R-win32-x86_64\eclipse;
USERNAME=user
OS=Windows_NT
PROCESSOR_IDENTIFIER=Intel64 Family 6 Model 78 Stepping 3, GenuineIntel
TMP=C:\Users\user\AppData\Local\Temp
TEMP=C:\Users\user\AppData\Local\Temp



---------------  S Y S T E M  ---------------

OS:
 Windows 10 , 64 bit Build 19041 (10.0.19041.2251)
OS uptime: 6 days 0:11 hours

CPU: total 4 (initial active 4) (2 cores per cpu, 2 threads per core) family 6 model 78 stepping 3 microcode 0xcc, cx8, cmov, fxsr, ht, mmx, 3dnowpref, sse, sse2, sse3, ssse3, sse4.1, sse4.2, popcnt, lzcnt, tsc, tscinvbit, avx, avx2, aes, erms, clmul, bmi1, bmi2, rtm, adx, fma, vzeroupper, clflush, clflushopt

Memory: 4k page, system-wide physical 8038M (208M free)
TotalPageFile size 20459M (AvailPageFile size 4M)
current process WorkingSet (physical memory assigned to process): 120M, peak: 135M
current process commit charge ("private bytes"): 142M, peak: 261M

vm_info: OpenJDK 64-Bit Server VM (17.0.4.1+1) for windows-amd64 JRE (17.0.4.1+1), built on Aug 17 2022 07:42:43 by "temurin" with MS VC++ 16.7 (VS2019)

END.
