#
# There is insufficient memory for the Java Runtime Environment to continue.
# Native memory allocation (mmap) failed to map 1048576 bytes for G1 virtual space
# Possible reasons:
#   The system is out of physical RAM or swap space
#   The process is running with CompressedOops enabled, and the Java Heap may be blocking the growth of the native heap
# Possible solutions:
#   Reduce memory load on the system
#   Increase physical memory or swap space
#   Check if swap backing store is full
#   Decrease Java heap size (-Xmx/-Xms)
#   Decrease number of Java threads
#   Decrease Java thread stack sizes (-Xss)
#   Set larger code cache with -XX:ReservedCodeCacheSize=
#   JVM is running with Unscaled Compressed Oops mode in which the Java heap is
#     placed in the first 4GB address space. The Java Heap base address is the
#     maximum limit for the native heap growth. Please use -XX:HeapBaseMinAddress
#     to set the Java Heap base and to place the Java Heap above 4GB virtual address.
# This output file may be truncated or incomplete.
#
#  Out of Memory Error (os_windows.cpp:3541), pid=11092, tid=14748
#
# JRE version: OpenJDK Runtime Environment Temurin-17.0.4.1+1 (17.0.4.1+1) (build 17.0.4.1+1)
# Java VM: OpenJDK 64-Bit Server VM Temurin-17.0.4.1+1 (17.0.4.1+1, mixed mode, tiered, compressed oops, compressed class ptrs, g1 gc, windows-amd64)
# No core dump will be written. Minidumps are not enabled by default on client versions of Windows
#

---------------  S U M M A R Y ------------

Command Line: -XX:+ShowCodeDetailsInExceptionMessages -agentlib:jdwp=transport=dt_socket,suspend=y,address=localhost:50204 -javaagent:D:\eclipse1.2\eclipse-jee-2022-09-R-win32-x86_64\eclipse\configuration\org.eclipse.osgi\421\0\.cp\lib\javaagent-shaded.jar -Dfile.encoding=UTF-8 basics.DealingWithMultipleWindows

Host: Intel(R) Core(TM) i5-6300U CPU @ 2.40GHz, 4 cores, 7G,  Windows 10 , 64 bit Build 19041 (10.0.19041.2251)
Time: Mon Dec 12 19:44:04 2022 Pacific Standard Time elapsed time: 110.845220 seconds (0d 0h 1m 50s)

---------------  T H R E A D  ---------------

Current thread (0x0000023f965e8e10):  VMThread "VM Thread" [stack: 0x0000004a77100000,0x0000004a77200000] [id=14748]

Stack: [0x0000004a77100000,0x0000004a77200000]
Native frames: (J=compiled Java code, j=interpreted, Vv=VM code, C=native code)
V  [jvm.dll+0x67731a]
V  [jvm.dll+0x832284]
V  [jvm.dll+0x833a2e]
V  [jvm.dll+0x834093]
V  [jvm.dll+0x245775]
V  [jvm.dll+0x674209]
V  [jvm.dll+0x668a92]
V  [jvm.dll+0x30471b]
V  [jvm.dll+0x30bc66]
V  [jvm.dll+0x35ba9e]
V  [jvm.dll+0x35bccf]
V  [jvm.dll+0x2db5b8]
V  [jvm.dll+0x2de646]
V  [jvm.dll+0x2e8d08]
V  [jvm.dll+0x31cfb0]
V  [jvm.dll+0x83853b]
V  [jvm.dll+0x839274]
V  [jvm.dll+0x83978c]
V  [jvm.dll+0x839b64]
V  [jvm.dll+0x839c30]
V  [jvm.dll+0x7e240a]
V  [jvm.dll+0x6761a5]
C  [ucrtbase.dll+0x21bb2]
C  [KERNEL32.DLL+0x174b4]
C  [ntdll.dll+0x526a1]

VM_Operation (0x0000004a76dff2f0): G1Concurrent, mode: safepoint, requested by thread 0x0000023ffafec030


---------------  P R O C E S S  ---------------

Threads class SMR info:
_java_thread_list=0x0000023f98ecacb0, length=26, elements={
0x0000023ffaf7e2f0, 0x0000023f96600380, 0x0000023f96601430, 0x0000023f965b7e90,
0x0000023f965cca30, 0x0000023f965cd3e0, 0x0000023f965cdd90, 0x0000023f965cea70,
0x0000023f9706e3a0, 0x0000023f9706f140, 0x0000023f97166fd0, 0x0000023f972e4e90,
0x0000023f972e9c00, 0x0000023f972ecc80, 0x0000023f9735bd30, 0x0000023f973d1320,
0x0000023f9777d4e0, 0x0000023f98a39880, 0x0000023f97ae7aa0, 0x0000023f97b06d30,
0x0000023f97317970, 0x0000023f97317e40, 0x0000023f97318310, 0x0000023f973187e0,
0x0000023f97e9d7b0, 0x0000023f97e9c470
}

Java Threads: ( => current thread )
  0x0000023ffaf7e2f0 JavaThread "main" [_thread_blocked, id=12552, stack(0x0000004a76b00000,0x0000004a76c00000)]
  0x0000023f96600380 JavaThread "Reference Handler" daemon [_thread_blocked, id=14160, stack(0x0000004a77200000,0x0000004a77300000)]
  0x0000023f96601430 JavaThread "Finalizer" daemon [_thread_blocked, id=8592, stack(0x0000004a77300000,0x0000004a77400000)]
  0x0000023f965b7e90 JavaThread "Signal Dispatcher" daemon [_thread_blocked, id=9520, stack(0x0000004a77400000,0x0000004a77500000)]
  0x0000023f965cca30 JavaThread "Attach Listener" daemon [_thread_blocked, id=6764, stack(0x0000004a77500000,0x0000004a77600000)]
  0x0000023f965cd3e0 JavaThread "Service Thread" daemon [_thread_blocked, id=10504, stack(0x0000004a77600000,0x0000004a77700000)]
  0x0000023f965cdd90 JavaThread "Monitor Deflation Thread" daemon [_thread_blocked, id=12496, stack(0x0000004a77700000,0x0000004a77800000)]
  0x0000023f965cea70 JavaThread "C2 CompilerThread0" daemon [_thread_blocked, id=284, stack(0x0000004a77800000,0x0000004a77900000)]
  0x0000023f9706e3a0 JavaThread "C1 CompilerThread0" daemon [_thread_blocked, id=1168, stack(0x0000004a77900000,0x0000004a77a00000)]
  0x0000023f9706f140 JavaThread "Sweeper thread" daemon [_thread_blocked, id=15424, stack(0x0000004a77a00000,0x0000004a77b00000)]
  0x0000023f97166fd0 JavaThread "Common-Cleaner" daemon [_thread_blocked, id=15452, stack(0x0000004a77b00000,0x0000004a77c00000)]
  0x0000023f972e4e90 JavaThread "JDWP Transport Listener: dt_socket" daemon [_thread_blocked, id=3804, stack(0x0000004a77c00000,0x0000004a77d00000)]
  0x0000023f972e9c00 JavaThread "JDWP Event Helper Thread" daemon [_thread_blocked, id=9428, stack(0x0000004a77d00000,0x0000004a77e00000)]
  0x0000023f972ecc80 JavaThread "JDWP Command Reader" daemon [_thread_in_native, id=10772, stack(0x0000004a77e00000,0x0000004a77f00000)]
  0x0000023f9735bd30 JavaThread "Notification Thread" daemon [_thread_blocked, id=11564, stack(0x0000004a77f00000,0x0000004a78000000)]
  0x0000023f973d1320 JavaThread "AsyncHttpClient-1-1" daemon [_thread_blocked, id=16872, stack(0x0000004a78700000,0x0000004a78800000)]
  0x0000023f9777d4e0 JavaThread "Exec Default Executor" daemon [_thread_in_native, id=16444, stack(0x0000004a78800000,0x0000004a78900000)]
  0x0000023f98a39880 JavaThread "Driver Service Executor" daemon [_thread_blocked, id=14148, stack(0x0000004a78900000,0x0000004a78a00000)]
  0x0000023f97ae7aa0 JavaThread "Driver Service Executor" daemon [_thread_blocked, id=10288, stack(0x0000004a78a00000,0x0000004a78b00000)]
  0x0000023f97b06d30 JavaThread "UrlChecker-2" daemon [_thread_blocked, id=9088, stack(0x0000004a78b00000,0x0000004a78c00000)]
  0x0000023f97317970 JavaThread "Exec Stream Pumper" daemon [_thread_in_native, id=16664, stack(0x0000004a78d00000,0x0000004a78e00000)]
  0x0000023f97317e40 JavaThread "Exec Stream Pumper" daemon [_thread_in_native, id=12184, stack(0x0000004a78e00000,0x0000004a78f00000)]
  0x0000023f97318310 JavaThread "AsyncHttpClient-1-2" daemon [_thread_in_native, id=17980, stack(0x0000004a78f00000,0x0000004a79000000)]
  0x0000023f973187e0 JavaThread "ForkJoinPool.commonPool-worker-2" daemon [_thread_blocked, id=6552, stack(0x0000004a76900000,0x0000004a76a00000)]
  0x0000023f97e9d7b0 JavaThread "AsyncHttpClient-1-3" daemon [_thread_in_native, id=15604, stack(0x0000004a76a00000,0x0000004a76b00000)]
  0x0000023f97e9c470 JavaThread "AsyncHttpClient-1-4" daemon [_thread_in_native, id=11752, stack(0x0000004a78600000,0x0000004a78700000)]

Other Threads:
=>0x0000023f965e8e10 VMThread "VM Thread" [stack: 0x0000004a77100000,0x0000004a77200000] [id=14748]
  0x0000023f97794ba0 WatcherThread [stack: 0x0000004a78000000,0x0000004a78100000] [id=9684]
  0x0000023ffafd96f0 GCTaskThread "GC Thread#0" [stack: 0x0000004a76c00000,0x0000004a76d00000] [id=5664]
  0x0000023f972500f0 GCTaskThread "GC Thread#1" [stack: 0x0000004a78300000,0x0000004a78400000] [id=16608]
  0x0000023f97250f10 GCTaskThread "GC Thread#2" [stack: 0x0000004a78400000,0x0000004a78500000] [id=16612]
  0x0000023f977bd4f0 GCTaskThread "GC Thread#3" [stack: 0x0000004a78500000,0x0000004a78600000] [id=16656]
  0x0000023ffafec030 ConcurrentGCThread "G1 Main Marker" [stack: 0x0000004a76d00000,0x0000004a76e00000] [id=7564]
  0x0000023ffafec8e0 ConcurrentGCThread "G1 Conc#0" [stack: 0x0000004a76e00000,0x0000004a76f00000] [id=5924]
  0x0000023f96430090 ConcurrentGCThread "G1 Refine#0" [stack: 0x0000004a76f00000,0x0000004a77000000] [id=14168]
  0x0000023f96430950 ConcurrentGCThread "G1 Service" [stack: 0x0000004a77000000,0x0000004a77100000] [id=16076]

Threads with active compile tasks:
C2 CompilerThread0   110895 1954       4       java.io.DataInputStream::readUTF (501 bytes)

VM state: at safepoint (normal execution)

VM Mutex/Monitor currently owned by a thread:  ([mutex/lock_event])
[0x0000023ffaf7b070] Threads_lock - owner thread: 0x0000023f965e8e10
[0x0000023ffaf79210] Heap_lock - owner thread: 0x0000023ffafec030

Heap address: 0x0000000082600000, size: 2010 MB, Compressed Oops mode: 32-bit

CDS archive(s) not mapped
Compressed class space mapped at: 0x0000000100000000-0x0000000140000000, reserved size: 1073741824
Narrow klass base: 0x0000000000000000, Narrow klass shift: 3, Narrow klass range: 0x140000000

GC Precious Log:
 CPUs: 4 total, 4 available
 Memory: 8038M
 Large Page Support: Disabled
 NUMA Support: Disabled
 Compressed Oops: Enabled (32-bit)
 Heap Region Size: 1M
 Heap Min Capacity: 8M
 Heap Initial Capacity: 126M
 Heap Max Capacity: 2010M
 Pre-touch: Disabled
 Parallel Workers: 4
 Concurrent Workers: 1
 Concurrent Refinement Workers: 4
 Periodic GC: Disabled

Heap:
 garbage-first heap   total 24576K, used 13857K [0x0000000082600000, 0x0000000100000000)
  region size 1024K, 2 young (2048K), 1 survivors (1024K)
 Metaspace       used 26535K, committed 26752K, reserved 1073152K
  class space    used 2914K, committed 3008K, reserved 1048576K

Heap Regions: E=young(eden), S=young(survivor), O=old, HS=humongous(starts), HC=humongous(continues), CS=collection set, F=free, OA=open archive, CA=closed archive, TAMS=top-at-mark-start (previous, next)
|   0|0x0000000082600000, 0x0000000082700000, 0x0000000082700000|100%|HS|  |TAMS 0x0000000082700000, 0x0000000082600000| Complete 
|   1|0x0000000082700000, 0x0000000082800000, 0x0000000082800000|100%|HC|  |TAMS 0x0000000082800000, 0x0000000082700000| Complete 
|   2|0x0000000082800000, 0x0000000082900000, 0x0000000082900000|100%| O|  |TAMS 0x0000000082900000, 0x0000000082800000| Untracked 
|   3|0x0000000082900000, 0x0000000082988600, 0x0000000082a00000| 53%| O|  |TAMS 0x0000000082900000, 0x0000000082900000| Updating 
|   4|0x0000000082a00000, 0x0000000082b00000, 0x0000000082b00000|100%| O|  |TAMS 0x0000000082b00000, 0x0000000082a00000| Untracked 
|   5|0x0000000082b00000, 0x0000000082c00000, 0x0000000082c00000|100%| O|  |TAMS 0x0000000082c00000, 0x0000000082b00000| Untracked 
|   6|0x0000000082c00000, 0x0000000082d00000, 0x0000000082d00000|100%| O|  |TAMS 0x0000000082d00000, 0x0000000082c00000| Untracked 
|   7|0x0000000082d00000, 0x0000000082e00000, 0x0000000082e00000|100%| O|  |TAMS 0x0000000082dd6e00, 0x0000000082d00000| Updating 
|   8|0x0000000082e00000, 0x0000000082f00000, 0x0000000082f00000|100%|HS|  |TAMS 0x0000000082f00000, 0x0000000082e00000| Complete 
|   9|0x0000000082f00000, 0x0000000083000000, 0x0000000083000000|100%|HC|  |TAMS 0x0000000083000000, 0x0000000082f00000| Complete 
|  10|0x0000000083000000, 0x0000000083100000, 0x0000000083100000|100%|HC|  |TAMS 0x0000000083100000, 0x0000000083000000| Complete 
|  11|0x0000000083100000, 0x0000000083200000, 0x0000000083200000|100%|HC|  |TAMS 0x0000000083200000, 0x0000000083100000| Complete 
|  12|0x0000000083200000, 0x0000000083300000, 0x0000000083300000|100%|HC|  |TAMS 0x0000000083300000, 0x0000000083200000| Complete 
|  13|0x0000000083300000, 0x0000000083300000, 0x0000000083400000|  0%| F|  |TAMS 0x0000000083300000, 0x0000000083300000| Untracked 
|  14|0x0000000083400000, 0x0000000083400000, 0x0000000083500000|  0%| F|  |TAMS 0x0000000083400000, 0x0000000083400000| Untracked 
|  15|0x0000000083500000, 0x0000000083500000, 0x0000000083600000|  0%| F|  |TAMS 0x0000000083500000, 0x0000000083500000| Untracked 
|  16|0x0000000083600000, 0x0000000083600000, 0x0000000083700000|  0%| F|  |TAMS 0x0000000083600000, 0x0000000083600000| Untracked 
|  17|0x0000000083700000, 0x0000000083800000, 0x0000000083800000|100%| S|CS|TAMS 0x0000000083700000, 0x0000000083700000| Complete 
|  18|0x0000000083800000, 0x0000000083800000, 0x0000000083900000|  0%| F|  |TAMS 0x0000000083800000, 0x0000000083800000| Untracked 
|  19|0x0000000083900000, 0x0000000083900000, 0x0000000083a00000|  0%| F|  |TAMS 0x0000000083900000, 0x0000000083900000| Untracked 
|  20|0x0000000083a00000, 0x0000000083a00000, 0x0000000083b00000|  0%| F|  |TAMS 0x0000000083a00000, 0x0000000083a00000| Untracked 
|  83|0x0000000087900000, 0x0000000087900000, 0x0000000087a00000|  0%| F|  |TAMS 0x0000000087900000, 0x0000000087900000| Untracked 
|  84|0x0000000087a00000, 0x0000000087a00000, 0x0000000087b00000|  0%| F|  |TAMS 0x0000000087a00000, 0x0000000087a00000| Untracked 
|  85|0x0000000087b00000, 0x0000000087b17670, 0x0000000087c00000|  9%| E|  |TAMS 0x0000000087b00000, 0x0000000087b00000| Complete 

Card table byte_map: [0x0000023f8f920000,0x0000023f8fd10000] _byte_map_base: 0x0000023f8f50d000

Marking Bits (Prev, Next): (CMBitMap*) 0x0000023ffafdabb0, (CMBitMap*) 0x0000023ffafdabf0
 Prev Bits: [0x0000023f90100000, 0x0000023f92068000)
 Next Bits: [0x0000023f92070000, 0x0000023f93fd8000)

Polling page: 0x0000023ffae20000

Metaspace:

Usage:
  Non-class:     23.07 MB used.
      Class:      2.85 MB used.
       Both:     25.91 MB used.

Virtual space:
  Non-class space:       24.00 MB reserved,      23.19 MB ( 97%) committed,  3 nodes.
      Class space:        1.00 GB reserved,       2.94 MB ( <1%) committed,  1 nodes.
             Both:        1.02 GB reserved,      26.12 MB (  2%) committed. 

Chunk freelists:
   Non-Class:  734.00 KB
       Class:  1.01 MB
        Both:  1.72 MB

MaxMetaspaceSize: unlimited
CompressedClassSpaceSize: 1.00 GB
Initial GC threshold: 21.00 MB
Current GC threshold: 35.12 MB
CDS: off
MetaspaceReclaimPolicy: balanced
 - commit_granule_bytes: 65536.
 - commit_granule_words: 8192.
 - virtual_space_node_default_size: 1048576.
 - enlarge_chunks_in_place: 1.
 - new_chunks_are_fully_committed: 0.
 - uncommit_free_chunks: 1.
 - use_allocation_guard: 0.
 - handle_deallocations: 1.


Internal statistics:

num_allocs_failed_limit: 3.
num_arena_births: 112.
num_arena_deaths: 0.
num_vsnodes_births: 4.
num_vsnodes_deaths: 0.
num_space_committed: 418.
num_space_uncommitted: 0.
num_chunks_returned_to_freelist: 3.
num_chunks_taken_from_freelist: 554.
num_chunk_merges: 0.
num_chunk_splits: 383.
num_chunks_enlarged: 324.
num_purges: 0.
num_inconsistent_stats: 0.

CodeHeap 'non-profiled nmethods': size=120000Kb used=1202Kb max_used=1202Kb free=118797Kb
 bounds [0x0000023f87ad0000, 0x0000023f87d40000, 0x0000023f8f000000]
CodeHeap 'profiled nmethods': size=120000Kb used=3962Kb max_used=3962Kb free=116037Kb
 bounds [0x0000023f805a0000, 0x0000023f80980000, 0x0000023f87ad0000]
CodeHeap 'non-nmethods': size=5760Kb used=1314Kb max_used=1389Kb free=4445Kb
 bounds [0x0000023f80000000, 0x0000023f80270000, 0x0000023f805a0000]
 total_blobs=2509 nmethods=1951 adapters=471
 compilation: enabled
              stopped_count=0, restarted_count=0
 full_count=0

Compilation events (20 events):
Event: 110.770 Thread 0x0000023f9706e3a0 1958       1       java.time.temporal.ValueRange::getMinimum (5 bytes)
Event: 110.770 Thread 0x0000023f9706e3a0 nmethod 1958 0x0000023f87bfb590 code [0x0000023f87bfb720, 0x0000023f87bfb7f8]
Event: 110.770 Thread 0x0000023f9706e3a0 1959       1       java.time.temporal.ValueRange::getMaximum (5 bytes)
Event: 110.771 Thread 0x0000023f9706e3a0 nmethod 1959 0x0000023f87bfb890 code [0x0000023f87bfba20, 0x0000023f87bfbaf8]
Event: 110.771 Thread 0x0000023f9706e3a0 1960       1       java.time.temporal.ChronoField::range (5 bytes)
Event: 110.771 Thread 0x0000023f9706e3a0 nmethod 1960 0x0000023f87bfbb90 code [0x0000023f87bfbd20, 0x0000023f87bfbdf8]
Event: 110.771 Thread 0x0000023f9706e3a0 1962       3       java.time.temporal.ValueRange::isValidValue (24 bytes)
Event: 110.771 Thread 0x0000023f9706e3a0 nmethod 1962 0x0000023f8097d890 code [0x0000023f8097da20, 0x0000023f8097dbf8]
Event: 110.771 Thread 0x0000023f9706e3a0 1961       1       java.time.ZoneOffset::getTotalSeconds (5 bytes)
Event: 110.771 Thread 0x0000023f9706e3a0 nmethod 1961 0x0000023f87bfbe90 code [0x0000023f87bfc020, 0x0000023f87bfc0f8]
Event: 110.771 Thread 0x0000023f9706e3a0 1967       3       java.time.temporal.ValueRange::checkValidValue (24 bytes)
Event: 110.772 Thread 0x0000023f9706e3a0 nmethod 1967 0x0000023f8097dc90 code [0x0000023f8097de60, 0x0000023f8097e218]
Event: 110.772 Thread 0x0000023f9706e3a0 1963       3       java.time.temporal.ChronoField::checkValidValue (10 bytes)
Event: 110.772 Thread 0x0000023f9706e3a0 nmethod 1963 0x0000023f8097e390 code [0x0000023f8097e540, 0x0000023f8097e6a8]
Event: 110.772 Thread 0x0000023f9706e3a0 1964       1       java.time.zone.ZoneOffsetTransition::getOffsetAfter (5 bytes)
Event: 110.772 Thread 0x0000023f9706e3a0 nmethod 1964 0x0000023f87bfc190 code [0x0000023f87bfc320, 0x0000023f87bfc3f8]
Event: 110.772 Thread 0x0000023f9706e3a0 1965       1       java.time.zone.ZoneOffsetTransition::getOffsetBefore (5 bytes)
Event: 110.772 Thread 0x0000023f9706e3a0 nmethod 1965 0x0000023f87bfc490 code [0x0000023f87bfc620, 0x0000023f87bfc6f8]
Event: 110.782 Thread 0x0000023f9706e3a0 1970       3       java.lang.invoke.LambdaForm$BasicType::basicTypeSlots (8 bytes)
Event: 110.782 Thread 0x0000023f9706e3a0 nmethod 1970 0x0000023f8097e790 code [0x0000023f8097e920, 0x0000023f8097ea98]

GC Heap History (18 events):
Event: 34.182 GC heap before
{Heap before GC invocations=0 (full 0):
 garbage-first heap   total 129024K, used 15360K [0x0000000082600000, 0x0000000100000000)
  region size 1024K, 13 young (13312K), 0 survivors (0K)
 Metaspace       used 12119K, committed 12224K, reserved 1064960K
  class space    used 1117K, committed 1152K, reserved 1048576K
}
Event: 34.371 GC heap after
{Heap after GC invocations=1 (full 0):
 garbage-first heap   total 129024K, used 3993K [0x0000000082600000, 0x0000000100000000)
  region size 1024K, 2 young (2048K), 2 survivors (2048K)
 Metaspace       used 12119K, committed 12224K, reserved 1064960K
  class space    used 1117K, committed 1152K, reserved 1048576K
}
Event: 39.341 GC heap before
{Heap before GC invocations=1 (full 0):
 garbage-first heap   total 129024K, used 21401K [0x0000000082600000, 0x0000000100000000)
  region size 1024K, 19 young (19456K), 2 survivors (2048K)
 Metaspace       used 15040K, committed 15168K, reserved 1064960K
  class space    used 1473K, committed 1536K, reserved 1048576K
}
Event: 39.345 GC heap after
{Heap after GC invocations=2 (full 0):
 garbage-first heap   total 129024K, used 4783K [0x0000000082600000, 0x0000000100000000)
  region size 1024K, 1 young (1024K), 1 survivors (1024K)
 Metaspace       used 15040K, committed 15168K, reserved 1064960K
  class space    used 1473K, committed 1536K, reserved 1048576K
}
Event: 60.473 GC heap before
{Heap before GC invocations=2 (full 0):
 garbage-first heap   total 129024K, used 43695K [0x0000000082600000, 0x0000000100000000)
  region size 1024K, 40 young (40960K), 1 survivors (1024K)
 Metaspace       used 21357K, committed 21504K, reserved 1073152K
  class space    used 2212K, committed 2304K, reserved 1048576K
}
Event: 60.479 GC heap after
{Heap after GC invocations=3 (full 0):
 garbage-first heap   total 129024K, used 6942K [0x0000000082600000, 0x0000000100000000)
  region size 1024K, 3 young (3072K), 3 survivors (3072K)
 Metaspace       used 21357K, committed 21504K, reserved 1073152K
  class space    used 2212K, committed 2304K, reserved 1048576K
}
Event: 63.076 GC heap before
{Heap before GC invocations=4 (full 0):
 garbage-first heap   total 24576K, used 18206K [0x0000000082600000, 0x0000000100000000)
  region size 1024K, 14 young (14336K), 3 survivors (3072K)
 Metaspace       used 22636K, committed 22848K, reserved 1073152K
  class space    used 2413K, committed 2560K, reserved 1048576K
}
Event: 63.084 GC heap after
{Heap after GC invocations=5 (full 0):
 garbage-first heap   total 24576K, used 7330K [0x0000000082600000, 0x0000000100000000)
  region size 1024K, 1 young (1024K), 1 survivors (1024K)
 Metaspace       used 22636K, committed 22848K, reserved 1073152K
  class space    used 2413K, committed 2560K, reserved 1048576K
}
Event: 63.402 GC heap before
{Heap before GC invocations=5 (full 0):
 garbage-first heap   total 24576K, used 8354K [0x0000000082600000, 0x0000000100000000)
  region size 1024K, 2 young (2048K), 1 survivors (1024K)
 Metaspace       used 22742K, committed 22976K, reserved 1073152K
  class space    used 2428K, committed 2560K, reserved 1048576K
}
Event: 63.406 GC heap after
{Heap after GC invocations=6 (full 0):
 garbage-first heap   total 24576K, used 7493K [0x0000000082600000, 0x0000000100000000)
  region size 1024K, 1 young (1024K), 1 survivors (1024K)
 Metaspace       used 22742K, committed 22976K, reserved 1073152K
  class space    used 2428K, committed 2560K, reserved 1048576K
}
Event: 66.832 GC heap before
{Heap before GC invocations=6 (full 0):
 garbage-first heap   total 24576K, used 16709K [0x0000000082600000, 0x0000000100000000)
  region size 1024K, 11 young (11264K), 1 survivors (1024K)
 Metaspace       used 24086K, committed 24256K, reserved 1073152K
  class space    used 2607K, committed 2688K, reserved 1048576K
}
Event: 66.835 GC heap after
{Heap after GC invocations=7 (full 0):
 garbage-first heap   total 24576K, used 7597K [0x0000000082600000, 0x0000000100000000)
  region size 1024K, 1 young (1024K), 1 survivors (1024K)
 Metaspace       used 24086K, committed 24256K, reserved 1073152K
  class space    used 2607K, committed 2688K, reserved 1048576K
}
Event: 67.129 GC heap before
{Heap before GC invocations=7 (full 0):
 garbage-first heap   total 24576K, used 9645K [0x0000000082600000, 0x0000000100000000)
  region size 1024K, 4 young (4096K), 1 survivors (1024K)
 Metaspace       used 24358K, committed 24576K, reserved 1073152K
  class space    used 2645K, committed 2752K, reserved 1048576K
}
Event: 67.132 GC heap after
{Heap after GC invocations=8 (full 0):
 garbage-first heap   total 24576K, used 7748K [0x0000000082600000, 0x0000000100000000)
  region size 1024K, 1 young (1024K), 1 survivors (1024K)
 Metaspace       used 24358K, committed 24576K, reserved 1073152K
  class space    used 2645K, committed 2752K, reserved 1048576K
}
Event: 109.688 GC heap before
{Heap before GC invocations=8 (full 0):
 garbage-first heap   total 24576K, used 21060K [0x0000000082600000, 0x0000000100000000)
  region size 1024K, 10 young (10240K), 1 survivors (1024K)
 Metaspace       used 25471K, committed 25728K, reserved 1073152K
  class space    used 2813K, committed 2944K, reserved 1048576K
}
Event: 109.691 GC heap after
{Heap after GC invocations=9 (full 0):
 garbage-first heap   total 24576K, used 13147K [0x0000000082600000, 0x0000000100000000)
  region size 1024K, 1 young (1024K), 1 survivors (1024K)
 Metaspace       used 25471K, committed 25728K, reserved 1073152K
  class space    used 2813K, committed 2944K, reserved 1048576K
}
Event: 110.773 GC heap before
{Heap before GC invocations=9 (full 0):
 garbage-first heap   total 24576K, used 18267K [0x0000000082600000, 0x0000000100000000)
  region size 1024K, 7 young (7168K), 1 survivors (1024K)
 Metaspace       used 26417K, committed 26624K, reserved 1073152K
  class space    used 2907K, committed 3008K, reserved 1048576K
}
Event: 110.777 GC heap after
{Heap after GC invocations=10 (full 0):
 garbage-first heap   total 24576K, used 13857K [0x0000000082600000, 0x0000000100000000)
  region size 1024K, 1 young (1024K), 1 survivors (1024K)
 Metaspace       used 26417K, committed 26624K, reserved 1073152K
  class space    used 2907K, committed 3008K, reserved 1048576K
}

Deoptimization events (20 events):
Event: 109.182 Thread 0x0000023ffaf7e2f0 DEOPT PACKING pc=0x0000023f87b23910 sp=0x0000004a76bf7fc0
Event: 109.182 Thread 0x0000023ffaf7e2f0 DEOPT UNPACKING pc=0x0000023f800523a3 sp=0x0000004a76bf7ea0 mode 2
Event: 109.183 Thread 0x0000023ffaf7e2f0 Uncommon trap: trap_request=0xffffff45 fr.pc=0x0000023f87ad8d34 relative=0x00000000000001b4
Event: 109.184 Thread 0x0000023ffaf7e2f0 Uncommon trap: reason=unstable_if action=reinterpret pc=0x0000023f87ad8d34 method=java.lang.String.isLatin1()Z @ 10 c2
Event: 109.184 Thread 0x0000023ffaf7e2f0 DEOPT PACKING pc=0x0000023f87ad8d34 sp=0x0000004a76bf7f10
Event: 109.184 Thread 0x0000023ffaf7e2f0 DEOPT UNPACKING pc=0x0000023f800523a3 sp=0x0000004a76bf7e40 mode 2
Event: 109.357 Thread 0x0000023ffaf7e2f0 DEOPT PACKING pc=0x0000023f80948afd sp=0x0000004a76bfb040
Event: 109.357 Thread 0x0000023ffaf7e2f0 DEOPT UNPACKING pc=0x0000023f80052b43 sp=0x0000004a76bfa5f0 mode 0
Event: 109.516 Thread 0x0000023ffaf7e2f0 Uncommon trap: trap_request=0xffffffde fr.pc=0x0000023f87b4ac74 relative=0x0000000000000f54
Event: 109.516 Thread 0x0000023ffaf7e2f0 Uncommon trap: reason=class_check action=maybe_recompile pc=0x0000023f87b4ac74 method=java.util.HashMap.putVal(ILjava/lang/Object;Ljava/lang/Object;ZZ)Ljava/lang/Object; @ 253 c2
Event: 109.516 Thread 0x0000023ffaf7e2f0 DEOPT PACKING pc=0x0000023f87b4ac74 sp=0x0000004a76bfe760
Event: 109.516 Thread 0x0000023ffaf7e2f0 DEOPT UNPACKING pc=0x0000023f800523a3 sp=0x0000004a76bfe6c8 mode 2
Event: 109.659 Thread 0x0000023ffaf7e2f0 Uncommon trap: trap_request=0xffffff45 fr.pc=0x0000023f87b47f14 relative=0x00000000000011f4
Event: 109.659 Thread 0x0000023ffaf7e2f0 Uncommon trap: reason=unstable_if action=reinterpret pc=0x0000023f87b47f14 method=java.util.concurrent.ConcurrentHashMap.putVal(Ljava/lang/Object;Ljava/lang/Object;Z)Ljava/lang/Object; @ 231 c2
Event: 109.659 Thread 0x0000023ffaf7e2f0 DEOPT PACKING pc=0x0000023f87b47f14 sp=0x0000004a76bfef30
Event: 109.659 Thread 0x0000023ffaf7e2f0 DEOPT UNPACKING pc=0x0000023f800523a3 sp=0x0000004a76bfeeb0 mode 2
Event: 109.677 Thread 0x0000023ffaf7e2f0 DEOPT PACKING pc=0x0000023f80948afd sp=0x0000004a76bfc860
Event: 109.677 Thread 0x0000023ffaf7e2f0 DEOPT UNPACKING pc=0x0000023f80052b43 sp=0x0000004a76bfbe10 mode 0
Event: 110.552 Thread 0x0000023ffaf7e2f0 DEOPT PACKING pc=0x0000023f80948afd sp=0x0000004a76bf7d90
Event: 110.552 Thread 0x0000023ffaf7e2f0 DEOPT UNPACKING pc=0x0000023f80052b43 sp=0x0000004a76bf7340 mode 0

Classes unloaded (0 events):
No events

Classes redefined (0 events):
No events

Internal exceptions (20 events):
Event: 56.184 Thread 0x0000023f97b06d30 Exception <a 'java/net/ConnectException'{0x000000008802de98}: Connection refused: no further information> (0x000000008802de98) 
thrown [s\src\hotspot\share\prims\jni.cpp, line 535]
Event: 56.191 Thread 0x0000023f97b06d30 Exception <a 'java/net/SocketException'{0x000000008802e1d0}: Socket is not connected: shutdown> (0x000000008802e1d0) 
thrown [s\src\hotspot\share\prims\jni.cpp, line 535]
Event: 56.545 Thread 0x0000023f97b06d30 Exception <a 'java/net/ConnectException'{0x000000008802f168}: Connection refused: no further information> (0x000000008802f168) 
thrown [s\src\hotspot\share\prims\jni.cpp, line 535]
Event: 56.545 Thread 0x0000023f97b06d30 Exception <a 'java/net/SocketException'{0x000000008802f4a0}: Socket is not connected: shutdown> (0x000000008802f4a0) 
thrown [s\src\hotspot\share\prims\jni.cpp, line 535]
Event: 57.551 Thread 0x0000023ffaf7e2f0 Exception <a 'java/lang/NoSuchMethodError'{0x0000000087fcc468}: 'int java.lang.invoke.DirectMethodHandle$Holder.invokeVirtual(java.lang.Object, java.lang.Object)'> (0x0000000087fcc468) 
thrown [s\src\hotspot\share\interpreter\linkResolver.cpp, line 759]
Event: 57.552 Thread 0x0000023ffaf7e2f0 Exception <a 'java/lang/NoSuchMethodError'{0x0000000087fd2988}: 'double java.lang.invoke.DirectMethodHandle$Holder.invokeVirtual(java.lang.Object, java.lang.Object)'> (0x0000000087fd2988) 
thrown [s\src\hotspot\share\interpreter\linkResolver.cpp, line 759]
Event: 57.553 Thread 0x0000023ffaf7e2f0 Exception <a 'java/lang/NoSuchMethodError'{0x0000000087fd9130}: 'float java.lang.invoke.DirectMethodHandle$Holder.invokeVirtual(java.lang.Object, java.lang.Object)'> (0x0000000087fd9130) 
thrown [s\src\hotspot\share\interpreter\linkResolver.cpp, line 759]
Event: 57.555 Thread 0x0000023ffaf7e2f0 Exception <a 'java/lang/NoSuchMethodError'{0x0000000087fe2430}: 'long java.lang.invoke.DirectMethodHandle$Holder.invokeVirtual(java.lang.Object, java.lang.Object)'> (0x0000000087fe2430) 
thrown [s\src\hotspot\share\interpreter\linkResolver.cpp, line 759]
Event: 58.619 Thread 0x0000023ffaf7e2f0 Exception <a 'java/lang/NoSuchMethodError'{0x0000000087e4ead8}: 'void java.lang.invoke.DirectMethodHandle$Holder.invokeStatic(java.lang.Object, java.lang.Object, java.lang.Object)'> (0x0000000087e4ead8) 
thrown [s\src\hotspot\share\interpreter\linkResolver.cpp, line 759]
Event: 58.622 Thread 0x0000023ffaf7e2f0 Exception <a 'java/lang/NoSuchMethodError'{0x0000000087e55078}: 'java.lang.Object java.lang.invoke.DirectMethodHandle$Holder.invokeVirtual(java.lang.Object, java.lang.Object, java.lang.Object)'> (0x0000000087e55078) 
thrown [s\src\hotspot\share\interpreter\linkResolver.cpp, line 759]
Event: 59.009 Thread 0x0000023ffaf7e2f0 Exception <a 'java/lang/NoSuchMethodError'{0x0000000087c5f890}: 'void java.lang.invoke.DirectMethodHandle$Holder.invokeSpecial(java.lang.Object, java.lang.Object, java.lang.Object, java.lang.Object, java.lang.Object)'> (0x0000000087c5f890) 
thrown [s\src\hotspot\share\interpreter\linkResolver.cpp, line 759]
Event: 60.497 Thread 0x0000023ffaf7e2f0 Exception <a 'java/lang/NoSuchMethodError'{0x0000000083a03420}: 'void java.lang.invoke.DirectMethodHandle$Holder.invokeStatic(java.lang.Object, java.lang.Object, int)'> (0x0000000083a03420) 
thrown [s\src\hotspot\share\interpreter\linkResolver.cpp, line 759]
Event: 60.718 Thread 0x0000023ffaf7e2f0 Exception <a 'java/lang/NoSuchMethodError'{0x000000008394e158}: 'java.lang.Object java.lang.invoke.DirectMethodHandle$Holder.newInvokeSpecial(java.lang.Object, java.lang.Object, java.lang.Object, java.lang.Object, java.lang.Object)'> (0x000000008394e158) 
thrown [s\src\hotspot\share\interpreter\linkResolver.cpp, line 759]
Event: 60.994 Thread 0x0000023ffaf7e2f0 Exception <a 'java/lang/NoSuchMethodError'{0x00000000836b79b8}: 'int java.lang.invoke.DirectMethodHandle$Holder.invokeSpecialIFC(java.lang.Object, java.lang.Object, java.lang.Object)'> (0x00000000836b79b8) 
thrown [s\src\hotspot\share\interpreter\linkResolver.cpp, line 759]
Event: 61.395 Thread 0x0000023ffaf7e2f0 Exception <a 'java/lang/NoSuchMethodError'{0x000000008357e0b8}: 'java.lang.Object java.lang.invoke.Invokers$Holder.invokeExact_MT(java.lang.Object, java.lang.Object, java.lang.Object, java.lang.Object, java.lang.Object, java.lang.Object)'> (0x000000008357e0b8) 
thrown [s\src\hotspot\share\interpreter\linkResolver.cpp, line 759]
Event: 62.494 Thread 0x0000023ffaf7e2f0 Exception <a 'java/lang/NoSuchMethodError'{0x00000000833c7608}: 'void java.lang.invoke.DirectMethodHandle$Holder.invokeStatic(java.lang.Object, java.lang.Object, java.lang.Object, java.lang.Object)'> (0x00000000833c7608) 
thrown [s\src\hotspot\share\interpreter\linkResolver.cpp, line 759]
Event: 63.794 Thread 0x0000023ffaf7e2f0 Exception <a 'java/lang/NoSuchMethodError'{0x0000000087bdfb28}: 'void java.lang.invoke.DirectMethodHandle$Holder.invokeSpecial(java.lang.Object, java.lang.Object, java.lang.Object, java.lang.Object, java.lang.Object, java.lang.Object)'> (0x0000000087bdfb28) 
thrown [s\src\hotspot\share\interpreter\linkResolver.cpp, line 759]
Event: 109.390 Thread 0x0000023ffaf7e2f0 Exception <a 'java/lang/NoSuchMethodError'{0x0000000083640448}: 'java.lang.Object java.lang.invoke.DirectMethodHandle$Holder.invokeSpecialIFC(java.lang.Object, java.lang.Object, java.lang.Object)'> (0x0000000083640448) 
thrown [s\src\hotspot\share\interpreter\linkResolver.cpp, line 759]
Event: 109.496 Thread 0x0000023ffaf7e2f0 Exception <a 'java/lang/NoSuchMethodError'{0x000000008369ad20}: 'void java.lang.invoke.DirectMethodHandle$Holder.invokeSpecial(java.lang.Object, java.lang.Object, java.lang.Object)'> (0x000000008369ad20) 
thrown [s\src\hotspot\share\interpreter\linkResolver.cpp, line 759]
Event: 110.782 Thread 0x0000023ffaf7e2f0 Exception <a 'java/lang/NoSuchMethodError'{0x0000000087b05a10}: 'java.lang.Object java.lang.invoke.DirectMethodHandle$Holder.invokeStatic(java.lang.Object, int, java.lang.Object)'> (0x0000000087b05a10) 
thrown [s\src\hotspot\share\interpreter\linkResolver.cpp, line 759]

VM Operations (20 events):
Event: 63.406 Executing VM operation: G1CollectForAllocation done
Event: 64.409 Executing VM operation: Cleanup
Event: 64.409 Executing VM operation: Cleanup done
Event: 66.413 Executing VM operation: Cleanup
Event: 66.413 Executing VM operation: Cleanup done
Event: 66.832 Executing VM operation: G1CollectForAllocation
Event: 66.835 Executing VM operation: G1CollectForAllocation done
Event: 67.129 Executing VM operation: G1TryInitiateConcMark
Event: 67.132 Executing VM operation: G1TryInitiateConcMark done
Event: 108.973 Executing VM operation: Cleanup
Event: 109.174 Executing VM operation: Cleanup done
Event: 109.688 Executing VM operation: G1CollectForAllocation
Event: 109.691 Executing VM operation: G1CollectForAllocation done
Event: 110.699 Executing VM operation: Cleanup
Event: 110.731 Executing VM operation: Cleanup done
Event: 110.741 Executing VM operation: HandshakeAllThreads
Event: 110.741 Executing VM operation: HandshakeAllThreads done
Event: 110.773 Executing VM operation: G1CollectForAllocation
Event: 110.777 Executing VM operation: G1CollectForAllocation done
Event: 110.793 Executing VM operation: G1Concurrent

Events (20 events):
Event: 110.762 loading class java/time/zone/ZoneOffsetTransition
Event: 110.763 loading class java/time/zone/ZoneOffsetTransition done
Event: 110.766 loading class java/time/LocalDate
Event: 110.768 loading class java/time/chrono/ChronoLocalDate
Event: 110.769 loading class java/time/chrono/ChronoLocalDate done
Event: 110.770 loading class java/time/LocalDate done
Event: 110.771 loading class java/time/ZonedDateTime
Event: 110.772 loading class java/time/chrono/ChronoZonedDateTime
Event: 110.778 loading class java/time/chrono/ChronoZonedDateTime done
Event: 110.779 loading class java/time/ZonedDateTime done
Event: 110.780 loading class java/time/temporal/TemporalAdjusters
Event: 110.781 loading class java/time/temporal/TemporalAdjusters done
Event: 110.783 loading class java/time/LocalDate$1
Event: 110.783 loading class java/time/LocalDate$1 done
Event: 110.783 loading class java/time/chrono/IsoChronology
Event: 110.784 loading class java/time/chrono/AbstractChronology
Event: 110.784 loading class java/time/chrono/Chronology
Event: 110.784 loading class java/time/chrono/Chronology done
Event: 110.836 loading class java/time/chrono/AbstractChronology done
Event: 110.836 loading class java/time/chrono/IsoChronology done


Dynamic libraries:
0x00007ff722c30000 - 0x00007ff722c3e000 	D:\eclipse1.2\eclipse-jee-2022-09-R-win32-x86_64\eclipse\plugins\org.eclipse.justj.openjdk.hotspot.jre.full.win32.x86_64_17.0.4.v20220903-1038\jre\bin\javaw.exe
0x00007ffdcbc50000 - 0x00007ffdcbe48000 	C:\Windows\SYSTEM32\ntdll.dll
0x00007ffdcb4f0000 - 0x00007ffdcb5af000 	C:\Windows\System32\KERNEL32.DLL
0x00007ffdc9580000 - 0x00007ffdc9852000 	C:\Windows\System32\KERNELBASE.dll
0x00007ffdc9860000 - 0x00007ffdc9960000 	C:\Windows\System32\ucrtbase.dll
0x00007ffda8470000 - 0x00007ffda8488000 	D:\eclipse1.2\eclipse-jee-2022-09-R-win32-x86_64\eclipse\plugins\org.eclipse.justj.openjdk.hotspot.jre.full.win32.x86_64_17.0.4.v20220903-1038\jre\bin\jli.dll
0x00007ffdca530000 - 0x00007ffdca6cd000 	C:\Windows\System32\USER32.dll
0x00007ffdc9c70000 - 0x00007ffdc9c92000 	C:\Windows\System32\win32u.dll
0x00007ffdcba30000 - 0x00007ffdcba5b000 	C:\Windows\System32\GDI32.dll
0x00007ffdc9350000 - 0x00007ffdc945f000 	C:\Windows\System32\gdi32full.dll
0x00007ffdc9990000 - 0x00007ffdc9a2d000 	C:\Windows\System32\msvcp_win.dll
0x00007ffda7ee0000 - 0x00007ffda7ef9000 	D:\eclipse1.2\eclipse-jee-2022-09-R-win32-x86_64\eclipse\plugins\org.eclipse.justj.openjdk.hotspot.jre.full.win32.x86_64_17.0.4.v20220903-1038\jre\bin\VCRUNTIME140.dll
0x00007ffdab320000 - 0x00007ffdab5ba000 	C:\Windows\WinSxS\amd64_microsoft.windows.common-controls_6595b64144ccf1df_6.0.19041.1110_none_60b5254171f9507e\COMCTL32.dll
0x00007ffdc9ca0000 - 0x00007ffdc9d3e000 	C:\Windows\System32\msvcrt.dll
0x00007ffdcad90000 - 0x00007ffdcadc2000 	C:\Windows\System32\IMM32.DLL
0x00007ffdc2e10000 - 0x00007ffdc2e1c000 	D:\eclipse1.2\eclipse-jee-2022-09-R-win32-x86_64\eclipse\plugins\org.eclipse.justj.openjdk.hotspot.jre.full.win32.x86_64_17.0.4.v20220903-1038\jre\bin\vcruntime140_1.dll
0x00007ffd99700000 - 0x00007ffd99791000 	D:\eclipse1.2\eclipse-jee-2022-09-R-win32-x86_64\eclipse\plugins\org.eclipse.justj.openjdk.hotspot.jre.full.win32.x86_64_17.0.4.v20220903-1038\jre\bin\msvcp140.dll
0x00007ffd587c0000 - 0x00007ffd59406000 	D:\eclipse1.2\eclipse-jee-2022-09-R-win32-x86_64\eclipse\plugins\org.eclipse.justj.openjdk.hotspot.jre.full.win32.x86_64_17.0.4.v20220903-1038\jre\bin\server\jvm.dll
0x00007ffdcbb60000 - 0x00007ffdcbc0e000 	C:\Windows\System32\ADVAPI32.dll
0x00007ffdc9d40000 - 0x00007ffdc9ddc000 	C:\Windows\System32\sechost.dll
0x00007ffdcb360000 - 0x00007ffdcb485000 	C:\Windows\System32\RPCRT4.dll
0x00007ffdcba20000 - 0x00007ffdcba28000 	C:\Windows\System32\PSAPI.DLL
0x00007ffdc2da0000 - 0x00007ffdc2da9000 	C:\Windows\SYSTEM32\WSOCK32.dll
0x00007ffdcb6f0000 - 0x00007ffdcb75b000 	C:\Windows\System32\WS2_32.dll
0x00007ffdb5fc0000 - 0x00007ffdb5fe7000 	C:\Windows\SYSTEM32\WINMM.dll
0x00007ffdbdec0000 - 0x00007ffdbdeca000 	C:\Windows\SYSTEM32\VERSION.dll
0x00007ffdc7ba0000 - 0x00007ffdc7bb2000 	C:\Windows\SYSTEM32\kernel.appcore.dll
0x00007ffdbf1b0000 - 0x00007ffdbf1ba000 	D:\eclipse1.2\eclipse-jee-2022-09-R-win32-x86_64\eclipse\plugins\org.eclipse.justj.openjdk.hotspot.jre.full.win32.x86_64_17.0.4.v20220903-1038\jre\bin\jimage.dll
0x00007ffdc7980000 - 0x00007ffdc7b64000 	C:\Windows\SYSTEM32\DBGHELP.DLL
0x00007ffdb1c00000 - 0x00007ffdb1c2c000 	C:\Windows\SYSTEM32\dbgcore.DLL
0x00007ffdc9a80000 - 0x00007ffdc9b02000 	C:\Windows\System32\bcryptPrimitives.dll
0x00007ffda4300000 - 0x00007ffda433b000 	D:\eclipse1.2\eclipse-jee-2022-09-R-win32-x86_64\eclipse\plugins\org.eclipse.justj.openjdk.hotspot.jre.full.win32.x86_64_17.0.4.v20220903-1038\jre\bin\jdwp.dll
0x00007ffdbcbc0000 - 0x00007ffdbcbce000 	D:\eclipse1.2\eclipse-jee-2022-09-R-win32-x86_64\eclipse\plugins\org.eclipse.justj.openjdk.hotspot.jre.full.win32.x86_64_17.0.4.v20220903-1038\jre\bin\instrument.dll
0x00007ffdbf080000 - 0x00007ffdbf0a5000 	D:\eclipse1.2\eclipse-jee-2022-09-R-win32-x86_64\eclipse\plugins\org.eclipse.justj.openjdk.hotspot.jre.full.win32.x86_64_17.0.4.v20220903-1038\jre\bin\java.dll
0x00007ffdbf190000 - 0x00007ffdbf1a8000 	D:\eclipse1.2\eclipse-jee-2022-09-R-win32-x86_64\eclipse\plugins\org.eclipse.justj.openjdk.hotspot.jre.full.win32.x86_64_17.0.4.v20220903-1038\jre\bin\zip.dll
0x00007ffdc9de0000 - 0x00007ffdca523000 	C:\Windows\System32\SHELL32.dll
0x00007ffdc71e0000 - 0x00007ffdc7972000 	C:\Windows\SYSTEM32\windows.storage.dll
0x00007ffdca800000 - 0x00007ffdcab54000 	C:\Windows\System32\combase.dll
0x00007ffdc8d40000 - 0x00007ffdc8d70000 	C:\Windows\SYSTEM32\Wldp.dll
0x00007ffdca750000 - 0x00007ffdca7fd000 	C:\Windows\System32\SHCORE.dll
0x00007ffdcac90000 - 0x00007ffdcace5000 	C:\Windows\System32\shlwapi.dll
0x00007ffdc9290000 - 0x00007ffdc92af000 	C:\Windows\SYSTEM32\profapi.dll
0x00007ffdad710000 - 0x00007ffdad71c000 	D:\eclipse1.2\eclipse-jee-2022-09-R-win32-x86_64\eclipse\plugins\org.eclipse.justj.openjdk.hotspot.jre.full.win32.x86_64_17.0.4.v20220903-1038\jre\bin\dt_socket.dll
0x00007ffdc8720000 - 0x00007ffdc875b000 	C:\Windows\SYSTEM32\IPHLPAPI.DLL
0x00007ffdc8a30000 - 0x00007ffdc8a9a000 	C:\Windows\system32\mswsock.dll
0x00007ffdc8760000 - 0x00007ffdc882a000 	C:\Windows\SYSTEM32\DNSAPI.dll
0x00007ffdcb610000 - 0x00007ffdcb618000 	C:\Windows\System32\NSI.dll
0x00007ffdb7c20000 - 0x00007ffdb7c2a000 	C:\Windows\System32\rasadhlp.dll
0x00007ffdb7b00000 - 0x00007ffdb7b80000 	C:\Windows\System32\fwpuclnt.dll
0x00007ffdc9960000 - 0x00007ffdc9987000 	C:\Windows\System32\bcrypt.dll
0x00007ffdbf060000 - 0x00007ffdbf079000 	D:\eclipse1.2\eclipse-jee-2022-09-R-win32-x86_64\eclipse\plugins\org.eclipse.justj.openjdk.hotspot.jre.full.win32.x86_64_17.0.4.v20220903-1038\jre\bin\net.dll
0x00007ffdb7fb0000 - 0x00007ffdb80bc000 	C:\Windows\SYSTEM32\WINHTTP.dll
0x00007ffdbf040000 - 0x00007ffdbf055000 	D:\eclipse1.2\eclipse-jee-2022-09-R-win32-x86_64\eclipse\plugins\org.eclipse.justj.openjdk.hotspot.jre.full.win32.x86_64_17.0.4.v20220903-1038\jre\bin\nio.dll
0x00007ffdbf030000 - 0x00007ffdbf040000 	D:\eclipse1.2\eclipse-jee-2022-09-R-win32-x86_64\eclipse\plugins\org.eclipse.justj.openjdk.hotspot.jre.full.win32.x86_64_17.0.4.v20220903-1038\jre\bin\verify.dll
0x00007ffdc8c90000 - 0x00007ffdc8ca8000 	C:\Windows\SYSTEM32\CRYPTSP.dll
0x00007ffdc8350000 - 0x00007ffdc8384000 	C:\Windows\system32\rsaenh.dll
0x00007ffdc9250000 - 0x00007ffdc927e000 	C:\Windows\SYSTEM32\USERENV.dll
0x00007ffdc8d10000 - 0x00007ffdc8d1c000 	C:\Windows\SYSTEM32\CRYPTBASE.dll
0x00007ffdbcc50000 - 0x00007ffdbcc67000 	C:\Windows\SYSTEM32\dhcpcsvc6.DLL
0x00007ffdbcb80000 - 0x00007ffdbcb9d000 	C:\Windows\SYSTEM32\dhcpcsvc.DLL
0x00007ffdc3600000 - 0x00007ffdc3691000 	C:\Windows\system32\apphelp.dll
0x00007ffda7ed0000 - 0x00007ffda7ed9000 	D:\eclipse1.2\eclipse-jee-2022-09-R-win32-x86_64\eclipse\plugins\org.eclipse.justj.openjdk.hotspot.jre.full.win32.x86_64_17.0.4.v20220903-1038\jre\bin\management.dll
0x00007ffda7ec0000 - 0x00007ffda7ecb000 	D:\eclipse1.2\eclipse-jee-2022-09-R-win32-x86_64\eclipse\plugins\org.eclipse.justj.openjdk.hotspot.jre.full.win32.x86_64_17.0.4.v20220903-1038\jre\bin\management_ext.dll
0x00007ffdbcbd0000 - 0x00007ffdbcbde000 	D:\eclipse1.2\eclipse-jee-2022-09-R-win32-x86_64\eclipse\plugins\org.eclipse.justj.openjdk.hotspot.jre.full.win32.x86_64_17.0.4.v20220903-1038\jre\bin\sunmscapi.dll
0x00007ffdc9b10000 - 0x00007ffdc9c66000 	C:\Windows\System32\CRYPT32.dll
0x00007ffdc8db0000 - 0x00007ffdc8dd7000 	C:\Windows\SYSTEM32\ncrypt.dll
0x00007ffdc8d70000 - 0x00007ffdc8dab000 	C:\Windows\SYSTEM32\NTASN1.dll
0x00007ffda7ea0000 - 0x00007ffda7ea7000 	C:\Windows\system32\wshunix.dll

dbghelp: loaded successfully - version: 4.0.5 - missing functions: none
symbol engine: initialized successfully - sym options: 0x614 - pdb path: .;D:\eclipse1.2\eclipse-jee-2022-09-R-win32-x86_64\eclipse\plugins\org.eclipse.justj.openjdk.hotspot.jre.full.win32.x86_64_17.0.4.v20220903-1038\jre\bin;C:\Windows\SYSTEM32;C:\Windows\WinSxS\amd64_microsoft.windows.common-controls_6595b64144ccf1df_6.0.19041.1110_none_60b5254171f9507e;D:\eclipse1.2\eclipse-jee-2022-09-R-win32-x86_64\eclipse\plugins\org.eclipse.justj.openjdk.hotspot.jre.full.win32.x86_64_17.0.4.v20220903-1038\jre\bin\server

VM Arguments:
jvm_args: -XX:+ShowCodeDetailsInExceptionMessages -agentlib:jdwp=transport=dt_socket,suspend=y,address=localhost:50204 -javaagent:D:\eclipse1.2\eclipse-jee-2022-09-R-win32-x86_64\eclipse\configuration\org.eclipse.osgi\421\0\.cp\lib\javaagent-shaded.jar -Dfile.encoding=UTF-8 
java_command: basics.DealingWithMultipleWindows
java_class_path (initial): C:\Users\Public\QASA\bin;C:\Users\Public\QASA\jars\selenium-server-4.6.0.jar
Launcher Type: SUN_STANDARD

[Global flags]
     intx CICompilerCount                          = 3                                         {product} {ergonomic}
     uint ConcGCThreads                            = 1                                         {product} {ergonomic}
     uint G1ConcRefinementThreads                  = 4                                         {product} {ergonomic}
   size_t G1HeapRegionSize                         = 1048576                                   {product} {ergonomic}
    uintx GCDrainStackTargetSize                   = 64                                        {product} {ergonomic}
   size_t InitialHeapSize                          = 132120576                                 {product} {ergonomic}
   size_t MarkStackSize                            = 4194304                                   {product} {ergonomic}
   size_t MaxHeapSize                              = 2107637760                                {product} {ergonomic}
   size_t MaxNewSize                               = 1264582656                                {product} {ergonomic}
   size_t MinHeapDeltaBytes                        = 1048576                                   {product} {ergonomic}
   size_t MinHeapSize                              = 8388608                                   {product} {ergonomic}
    uintx NonNMethodCodeHeapSize                   = 5832780                                {pd product} {ergonomic}
    uintx NonProfiledCodeHeapSize                  = 122912730                              {pd product} {ergonomic}
    uintx ProfiledCodeHeapSize                     = 122912730                              {pd product} {ergonomic}
    uintx ReservedCodeCacheSize                    = 251658240                              {pd product} {ergonomic}
     bool SegmentedCodeCache                       = true                                      {product} {ergonomic}
     bool ShowCodeDetailsInExceptionMessages       = true                                   {manageable} {command line}
   size_t SoftMaxHeapSize                          = 2107637760                             {manageable} {ergonomic}
     bool UseCompressedClassPointers               = true                           {product lp64_product} {ergonomic}
     bool UseCompressedOops                        = true                           {product lp64_product} {ergonomic}
     bool UseG1GC                                  = true                                      {product} {ergonomic}
     bool UseLargePagesIndividualAllocation        = false                                  {pd product} {ergonomic}

Logging:
Log output configuration:
 #0: stdout all=warning uptime,level,tags
 #1: stderr all=off uptime,level,tags

Environment Variables:
PATH=D:\eclipse1.2\eclipse-jee-2022-09-R-win32-x86_64\eclipse\plugins\org.eclipse.justj.openjdk.hotspot.jre.full.win32.x86_64_17.0.4.v20220903-1038\jre\bin;D:/eclipse1.2/eclipse-jee-2022-09-R-win32-x86_64/eclipse//plugins/org.eclipse.justj.openjdk.hotspot.jre.full.win32.x86_64_17.0.4.v20220903-1038/jre/bin/server;D:/eclipse1.2/eclipse-jee-2022-09-R-win32-x86_64/eclipse//plugins/org.eclipse.justj.openjdk.hotspot.jre.full.win32.x86_64_17.0.4.v20220903-1038/jre/bin;E:\oracle\product\10.2.0\db_1\bin;C:\Program Files\Common Files\Oracle\Java\javapath;C:\Program Files (x86)\Common Files\Oracle\Java\javapath;C:\Windows\system32;C:\Windows;C:\Windows\System32\Wbem;C:\Windows\System32\WindowsPowerShell\v1.0\;C:\Windows\System32\OpenSSH\;C:\Program Files\Java\jdk-18.0.2\bin;C:\Program Files\MySQL\MySQL Server 8.0\bin;C:\Program Files\MySQL\MySQL Shell 8.0\bin\;C:\Users\user\AppData\Local\Microsoft\WindowsApps;D:\eclipse1.2\eclipse-jee-2022-09-R-win32-x86_64\eclipse;
USERNAME=user
OS=Windows_NT
PROCESSOR_IDENTIFIER=Intel64 Family 6 Model 78 Stepping 3, GenuineIntel
TMP=C:\Users\user\AppData\Local\Temp
TEMP=C:\Users\user\AppData\Local\Temp



---------------  S Y S T E M  ---------------

OS:
 Windows 10 , 64 bit Build 19041 (10.0.19041.2251)
OS uptime: 6 days 0:11 hours

CPU: total 4 (initial active 4) (2 cores per cpu, 2 threads per core) family 6 model 78 stepping 3 microcode 0xcc, cx8, cmov, fxsr, ht, mmx, 3dnowpref, sse, sse2, sse3, ssse3, sse4.1, sse4.2, popcnt, lzcnt, tsc, tscinvbit, avx, avx2, aes, erms, clmul, bmi1, bmi2, rtm, adx, fma, vzeroupper, clflush, clflushopt

Memory: 4k page, system-wide physical 8038M (192M free)
TotalPageFile size 20459M (AvailPageFile size 4M)
current process WorkingSet (physical memory assigned to process): 113M, peak: 144M
current process commit charge ("private bytes"): 139M, peak: 260M

vm_info: OpenJDK 64-Bit Server VM (17.0.4.1+1) for windows-amd64 JRE (17.0.4.1+1), built on Aug 17 2022 07:42:43 by "temurin" with MS VC++ 16.7 (VS2019)

END.
