#
# There is insufficient memory for the Java Runtime Environment to continue.
# Native memory allocation (mmap) failed to map 65536 bytes for Failed to commit metaspace.
# Possible reasons:
#   The system is out of physical RAM or swap space
#   The process is running with CompressedOops enabled, and the Java Heap may be blocking the growth of the native heap
# Possible solutions:
#   Reduce memory load on the system
#   Increase physical memory or swap space
#   Check if swap backing store is full
#   Decrease Java heap size (-Xmx/-Xms)
#   Decrease number of Java threads
#   Decrease Java thread stack sizes (-Xss)
#   Set larger code cache with -XX:ReservedCodeCacheSize=
#   JVM is running with Unscaled Compressed Oops mode in which the Java heap is
#     placed in the first 4GB address space. The Java Heap base address is the
#     maximum limit for the native heap growth. Please use -XX:HeapBaseMinAddress
#     to set the Java Heap base and to place the Java Heap above 4GB virtual address.
# This output file may be truncated or incomplete.
#
#  Out of Memory Error (virtualSpaceNode.cpp:110), pid=12160, tid=6572
#
# JRE version: OpenJDK Runtime Environment Temurin-17.0.4.1+1 (17.0.4.1+1) (build 17.0.4.1+1)
# Java VM: OpenJDK 64-Bit Server VM Temurin-17.0.4.1+1 (17.0.4.1+1, mixed mode, tiered, compressed oops, compressed class ptrs, g1 gc, windows-amd64)
# No core dump will be written. Minidumps are not enabled by default on client versions of Windows
#

---------------  S U M M A R Y ------------

Command Line: -XX:+ShowCodeDetailsInExceptionMessages -agentlib:jdwp=transport=dt_socket,suspend=y,address=localhost:50196 -javaagent:D:\eclipse1.2\eclipse-jee-2022-09-R-win32-x86_64\eclipse\configuration\org.eclipse.osgi\421\0\.cp\lib\javaagent-shaded.jar -Dfile.encoding=UTF-8 basics.DealingWithMultipleWindows

Host: Intel(R) Core(TM) i5-6300U CPU @ 2.40GHz, 4 cores, 7G,  Windows 10 , 64 bit Build 19041 (10.0.19041.2251)
Time: Mon Dec 12 19:44:04 2022 Pacific Standard Time elapsed time: 113.404614 seconds (0d 0h 1m 53s)

---------------  T H R E A D  ---------------

Current thread (0x00000250347ee2f0):  JavaThread "main" [_thread_in_vm, id=6572, stack(0x00000061a4400000,0x00000061a4500000)]

Stack: [0x00000061a4400000,0x00000061a4500000]
Native frames: (J=compiled Java code, j=interpreted, Vv=VM code, C=native code)
V  [jvm.dll+0x67731a]
V  [jvm.dll+0x832284]
V  [jvm.dll+0x833a2e]
V  [jvm.dll+0x834093]
V  [jvm.dll+0x245775]
V  [jvm.dll+0x82e22b]
V  [jvm.dll+0x61bdf6]
V  [jvm.dll+0x1c07be]
V  [jvm.dll+0x61e741]
V  [jvm.dll+0x61c796]
V  [jvm.dll+0x2431cc]
V  [jvm.dll+0x6cd7ed]
V  [jvm.dll+0x6ce21f]
V  [jvm.dll+0x370333]
V  [jvm.dll+0x3701a6]
V  [jvm.dll+0x36f512]
V  [jvm.dll+0x36f4b8]
V  [jvm.dll+0x37f2da]
C  0x0000025037ee7704

Java frames: (J=compiled Java code, j=interpreted, Vv=VM code)
j  org.openqa.selenium.devtools.v107.V107Domains.<init>(Lorg/openqa/selenium/devtools/DevTools;)V+47
j  org.openqa.selenium.devtools.v107.V107CdpInfo$$Lambda$355+0x00000001002db710.apply(Ljava/lang/Object;)Ljava/lang/Object;+8
j  org.openqa.selenium.devtools.CdpInfo.getDomains(Lorg/openqa/selenium/devtools/DevTools;)Lorg/openqa/selenium/devtools/idealized/Domains;+12
j  org.openqa.selenium.chromium.ChromiumDriver$$Lambda$376+0x00000001002dbda8.apply(Ljava/lang/Object;)Ljava/lang/Object;+8
j  org.openqa.selenium.devtools.DevTools.<init>(Ljava/util/function/Function;Lorg/openqa/selenium/devtools/Connection;)V+43
j  org.openqa.selenium.chromium.ChromiumDriver.lambda$new$4(Lorg/openqa/selenium/devtools/CdpInfo;Lorg/openqa/selenium/devtools/Connection;)Lorg/openqa/selenium/devtools/DevTools;+16
j  org.openqa.selenium.chromium.ChromiumDriver$$Lambda$375+0x00000001002dbb68.apply(Ljava/lang/Object;)Ljava/lang/Object;+8
j  java.util.Optional.map(Ljava/util/function/Function;)Ljava/util/Optional;+21 java.base@17.0.4.1
j  org.openqa.selenium.chromium.ChromiumDriver.<init>(Lorg/openqa/selenium/remote/CommandExecutor;Lorg/openqa/selenium/Capabilities;Ljava/lang/String;)V+205
j  org.openqa.selenium.chrome.ChromeDriver.<init>(Lorg/openqa/selenium/chrome/ChromeDriverService;Lorg/openqa/selenium/chrome/ChromeOptions;)V+12
j  org.openqa.selenium.chrome.ChromeDriver.<init>()V+11
j  basics.DealingWithMultipleWindows.main([Ljava/lang/String;)V+4
v  ~StubRoutines::call_stub

---------------  P R O C E S S  ---------------

Threads class SMR info:
_java_thread_list=0x000002505033f290, length=26, elements={
0x00000250347ee2f0, 0x000002504de8f740, 0x000002504de90d70, 0x000002504de5ed50,
0x000002504de94360, 0x000002504de94c20, 0x000002504de955d0, 0x000002504de962b0,
0x000002504deabc20, 0x000002504deac9c0, 0x000002504e95f010, 0x000002504eac5c10,
0x000002504eac68c0, 0x000002504eac6db0, 0x000002504ef6d0d0, 0x000002504f047a70,
0x000002504efa17f0, 0x000002504f2fda90, 0x000002504efa1cc0, 0x00000250504c1820,
0x000002504eb2fe30, 0x000002504eb2f490, 0x000002504eb31170, 0x000002504eb324b0,
0x000002504eb32980, 0x000002504eb2f960
}

Java Threads: ( => current thread )
=>0x00000250347ee2f0 JavaThread "main" [_thread_in_vm, id=6572, stack(0x00000061a4400000,0x00000061a4500000)]
  0x000002504de8f740 JavaThread "Reference Handler" daemon [_thread_blocked, id=12032, stack(0x00000061a4b00000,0x00000061a4c00000)]
  0x000002504de90d70 JavaThread "Finalizer" daemon [_thread_blocked, id=1224, stack(0x00000061a4c00000,0x00000061a4d00000)]
  0x000002504de5ed50 JavaThread "Signal Dispatcher" daemon [_thread_blocked, id=568, stack(0x00000061a4d00000,0x00000061a4e00000)]
  0x000002504de94360 JavaThread "Attach Listener" daemon [_thread_blocked, id=8680, stack(0x00000061a4e00000,0x00000061a4f00000)]
  0x000002504de94c20 JavaThread "Service Thread" daemon [_thread_blocked, id=9584, stack(0x00000061a4f00000,0x00000061a5000000)]
  0x000002504de955d0 JavaThread "Monitor Deflation Thread" daemon [_thread_blocked, id=8336, stack(0x00000061a5000000,0x00000061a5100000)]
  0x000002504de962b0 JavaThread "C2 CompilerThread0" daemon [_thread_blocked, id=3068, stack(0x00000061a5100000,0x00000061a5200000)]
  0x000002504deabc20 JavaThread "C1 CompilerThread0" daemon [_thread_blocked, id=1344, stack(0x00000061a5200000,0x00000061a5300000)]
  0x000002504deac9c0 JavaThread "Sweeper thread" daemon [_thread_blocked, id=15540, stack(0x00000061a5300000,0x00000061a5400000)]
  0x000002504e95f010 JavaThread "Common-Cleaner" daemon [_thread_blocked, id=14856, stack(0x00000061a5400000,0x00000061a5500000)]
  0x000002504eac5c10 JavaThread "JDWP Transport Listener: dt_socket" daemon [_thread_blocked, id=14836, stack(0x00000061a5500000,0x00000061a5600000)]
  0x000002504eac68c0 JavaThread "JDWP Event Helper Thread" daemon [_thread_blocked, id=9956, stack(0x00000061a5600000,0x00000061a5700000)]
  0x000002504eac6db0 JavaThread "JDWP Command Reader" daemon [_thread_in_native, id=8492, stack(0x00000061a5700000,0x00000061a5800000)]
  0x000002504ef6d0d0 JavaThread "Notification Thread" daemon [_thread_blocked, id=15092, stack(0x00000061a5800000,0x00000061a5900000)]
  0x000002504f047a70 JavaThread "AsyncHttpClient-1-1" daemon [_thread_blocked, id=16732, stack(0x00000061a6000000,0x00000061a6100000)]
  0x000002504efa17f0 JavaThread "Exec Default Executor" daemon [_thread_in_native, id=17060, stack(0x00000061a6100000,0x00000061a6200000)]
  0x000002504f2fda90 JavaThread "Driver Service Executor" daemon [_thread_blocked, id=17064, stack(0x00000061a6200000,0x00000061a6300000)]
  0x000002504efa1cc0 JavaThread "Driver Service Executor" daemon [_thread_blocked, id=17068, stack(0x00000061a6300000,0x00000061a6400000)]
  0x00000250504c1820 JavaThread "UrlChecker-2" daemon [_thread_blocked, id=17104, stack(0x00000061a6400000,0x00000061a6500000)]
  0x000002504eb2fe30 JavaThread "Exec Stream Pumper" daemon [_thread_in_native, id=17200, stack(0x00000061a6600000,0x00000061a6700000)]
  0x000002504eb2f490 JavaThread "Exec Stream Pumper" daemon [_thread_in_native, id=17204, stack(0x00000061a6700000,0x00000061a6800000)]
  0x000002504eb31170 JavaThread "AsyncHttpClient-1-2" daemon [_thread_in_native, id=17972, stack(0x00000061a6800000,0x00000061a6900000)]
  0x000002504eb324b0 JavaThread "ForkJoinPool.commonPool-worker-2" daemon [_thread_blocked, id=12308, stack(0x00000061a4200000,0x00000061a4300000)]
  0x000002504eb32980 JavaThread "AsyncHttpClient-1-3" daemon [_thread_in_native, id=4068, stack(0x00000061a4300000,0x00000061a4400000)]
  0x000002504eb2f960 JavaThread "AsyncHttpClient-1-4" daemon [_thread_in_native, id=3568, stack(0x00000061a5f00000,0x00000061a6000000)]

Other Threads:
  0x000002504de78050 VMThread "VM Thread" [stack: 0x00000061a4a00000,0x00000061a4b00000] [id=9792]
  0x00000250347eefe0 WatcherThread [stack: 0x00000061a5900000,0x00000061a5a00000] [id=12152]
  0x00000250348496f0 GCTaskThread "GC Thread#0" [stack: 0x00000061a4500000,0x00000061a4600000] [id=13248]
  0x000002504f220080 GCTaskThread "GC Thread#1" [stack: 0x00000061a5c00000,0x00000061a5d00000] [id=9452]
  0x000002504f30c870 GCTaskThread "GC Thread#2" [stack: 0x00000061a5d00000,0x00000061a5e00000] [id=11772]
  0x000002504f202c80 GCTaskThread "GC Thread#3" [stack: 0x00000061a5e00000,0x00000061a5f00000] [id=16412]
  0x000002503485c030 ConcurrentGCThread "G1 Main Marker" [stack: 0x00000061a4600000,0x00000061a4700000] [id=14108]
  0x000002503485c8e0 ConcurrentGCThread "G1 Conc#0" [stack: 0x00000061a4700000,0x00000061a4800000] [id=10652]
  0x000002504dcc0090 ConcurrentGCThread "G1 Refine#0" [stack: 0x00000061a4800000,0x00000061a4900000] [id=11616]
  0x000002504dcc0950 ConcurrentGCThread "G1 Service" [stack: 0x00000061a4900000,0x00000061a4a00000] [id=10944]

Threads with active compile tasks:

VM state: not at safepoint (normal execution)

VM Mutex/Monitor currently owned by a thread:  ([mutex/lock_event])
[0x00000250347dddd0] Metaspace_lock - owner thread: 0x00000250347ee2f0

Heap address: 0x0000000082600000, size: 2010 MB, Compressed Oops mode: 32-bit

CDS archive(s) not mapped
Compressed class space mapped at: 0x0000000100000000-0x0000000140000000, reserved size: 1073741824
Narrow klass base: 0x0000000000000000, Narrow klass shift: 3, Narrow klass range: 0x140000000

GC Precious Log:
 CPUs: 4 total, 4 available
 Memory: 8038M
 Large Page Support: Disabled
 NUMA Support: Disabled
 Compressed Oops: Enabled (32-bit)
 Heap Region Size: 1M
 Heap Min Capacity: 8M
 Heap Initial Capacity: 126M
 Heap Max Capacity: 2010M
 Pre-touch: Disabled
 Parallel Workers: 4
 Concurrent Workers: 1
 Concurrent Refinement Workers: 4
 Periodic GC: Disabled

Heap:
 garbage-first heap   total 25600K, used 14870K [0x0000000082600000, 0x0000000100000000)
  region size 1024K, 3 young (3072K), 1 survivors (1024K)
 Metaspace       used 27261K, committed 27456K, reserved 1073152K
  class space    used 2999K, committed 3136K, reserved 1048576K

Heap Regions: E=young(eden), S=young(survivor), O=old, HS=humongous(starts), HC=humongous(continues), CS=collection set, F=free, OA=open archive, CA=closed archive, TAMS=top-at-mark-start (previous, next)
|   0|0x0000000082600000, 0x0000000082700000, 0x0000000082700000|100%|HS|  |TAMS 0x0000000082700000, 0x0000000082600000| Complete 
|   1|0x0000000082700000, 0x0000000082800000, 0x0000000082800000|100%|HC|  |TAMS 0x0000000082800000, 0x0000000082700000| Complete 
|   2|0x0000000082800000, 0x0000000082900000, 0x0000000082900000|100%| O|  |TAMS 0x0000000082900000, 0x0000000082800000| Untracked 
|   3|0x0000000082900000, 0x0000000082985800, 0x0000000082a00000| 52%| O|  |TAMS 0x0000000082900000, 0x0000000082900000| Untracked 
|   4|0x0000000082a00000, 0x0000000082b00000, 0x0000000082b00000|100%| O|  |TAMS 0x0000000082b00000, 0x0000000082a00000| Untracked 
|   5|0x0000000082b00000, 0x0000000082c00000, 0x0000000082c00000|100%| O|  |TAMS 0x0000000082c00000, 0x0000000082b00000| Untracked 
|   6|0x0000000082c00000, 0x0000000082d00000, 0x0000000082d00000|100%| O|  |TAMS 0x0000000082d00000, 0x0000000082c00000| Untracked 
|   7|0x0000000082d00000, 0x0000000082e00000, 0x0000000082e00000|100%| O|  |TAMS 0x0000000082dd4000, 0x0000000082d00000| Complete 
|   8|0x0000000082e00000, 0x0000000082f00000, 0x0000000082f00000|100%|HS|  |TAMS 0x0000000082f00000, 0x0000000082e00000| Complete 
|   9|0x0000000082f00000, 0x0000000083000000, 0x0000000083000000|100%|HC|  |TAMS 0x0000000083000000, 0x0000000082f00000| Complete 
|  10|0x0000000083000000, 0x0000000083100000, 0x0000000083100000|100%|HC|  |TAMS 0x0000000083100000, 0x0000000083000000| Complete 
|  11|0x0000000083100000, 0x0000000083200000, 0x0000000083200000|100%|HC|  |TAMS 0x0000000083200000, 0x0000000083100000| Complete 
|  12|0x0000000083200000, 0x0000000083300000, 0x0000000083300000|100%|HC|  |TAMS 0x0000000083300000, 0x0000000083200000| Complete 
|  13|0x0000000083300000, 0x0000000083300000, 0x0000000083400000|  0%| F|  |TAMS 0x0000000083300000, 0x0000000083300000| Untracked 
|  14|0x0000000083400000, 0x0000000083400000, 0x0000000083500000|  0%| F|  |TAMS 0x0000000083400000, 0x0000000083400000| Untracked 
|  15|0x0000000083500000, 0x0000000083500000, 0x0000000083600000|  0%| F|  |TAMS 0x0000000083500000, 0x0000000083500000| Untracked 
|  16|0x0000000083600000, 0x0000000083600000, 0x0000000083700000|  0%| F|  |TAMS 0x0000000083600000, 0x0000000083600000| Untracked 
|  17|0x0000000083700000, 0x0000000083800000, 0x0000000083800000|100%| S|CS|TAMS 0x0000000083700000, 0x0000000083700000| Complete 
|  18|0x0000000083800000, 0x0000000083800000, 0x0000000083900000|  0%| F|  |TAMS 0x0000000083800000, 0x0000000083800000| Untracked 
|  19|0x0000000083900000, 0x0000000083900000, 0x0000000083a00000|  0%| F|  |TAMS 0x0000000083900000, 0x0000000083900000| Untracked 
|  20|0x0000000083a00000, 0x0000000083a00000, 0x0000000083b00000|  0%| F|  |TAMS 0x0000000083a00000, 0x0000000083a00000| Untracked 
|  21|0x0000000083b00000, 0x0000000083b00000, 0x0000000083c00000|  0%| F|  |TAMS 0x0000000083b00000, 0x0000000083b00000| Untracked 
|  84|0x0000000087a00000, 0x0000000087a00000, 0x0000000087b00000|  0%| F|  |TAMS 0x0000000087a00000, 0x0000000087a00000| Untracked 
|  85|0x0000000087b00000, 0x0000000087b8af98, 0x0000000087c00000| 54%| E|  |TAMS 0x0000000087b00000, 0x0000000087b00000| Complete 
|  86|0x0000000087c00000, 0x0000000087d00000, 0x0000000087d00000|100%| E|CS|TAMS 0x0000000087c00000, 0x0000000087c00000| Complete 

Card table byte_map: [0x00000250472b0000,0x00000250476a0000] _byte_map_base: 0x0000025046e9d000

Marking Bits (Prev, Next): (CMBitMap*) 0x000002503484abb0, (CMBitMap*) 0x000002503484abf0
 Prev Bits: [0x0000025047a90000, 0x00000250499f8000)
 Next Bits: [0x0000025049a00000, 0x000002504b968000)

Polling page: 0x0000025032770000

Metaspace:

Usage:
  Non-class:     23.69 MB used.
      Class:      2.93 MB used.
       Both:     26.62 MB used.

Virtual space:
  Non-class space:       24.00 MB reserved,      23.75 MB ( 99%) committed,  3 nodes.
      Class space:        1.00 GB reserved,       3.06 MB ( <1%) committed,  1 nodes.
             Both:        1.02 GB reserved,      26.81 MB (  3%) committed. 

Chunk freelists:
   Non-Class:  179.00 KB
       Class:  1005.00 KB
        Both:  1.16 MB

MaxMetaspaceSize: unlimited
CompressedClassSpaceSize: 1.00 GB
Initial GC threshold: 21.00 MB
Current GC threshold: 43.44 MB
CDS: off
MetaspaceReclaimPolicy: balanced
 - commit_granule_bytes: 65536.
 - commit_granule_words: 8192.
 - virtual_space_node_default_size: 1048576.
 - enlarge_chunks_in_place: 1.
 - new_chunks_are_fully_committed: 0.
 - uncommit_free_chunks: 1.
 - use_allocation_guard: 0.
 - handle_deallocations: 1.


Internal statistics:

num_allocs_failed_limit: 3.
num_arena_births: 130.
num_arena_deaths: 0.
num_vsnodes_births: 4.
num_vsnodes_deaths: 0.
num_space_committed: 429.
num_space_uncommitted: 0.
num_chunks_returned_to_freelist: 3.
num_chunks_taken_from_freelist: 578.
num_chunk_merges: 0.
num_chunk_splits: 399.
num_chunks_enlarged: 334.
num_purges: 0.
num_inconsistent_stats: 0.

CodeHeap 'non-profiled nmethods': size=120000Kb used=1052Kb max_used=1052Kb free=118947Kb
 bounds [0x000002503f990000, 0x000002503fc00000, 0x0000025046ec0000]
CodeHeap 'profiled nmethods': size=120000Kb used=4033Kb max_used=4033Kb free=115966Kb
 bounds [0x0000025038460000, 0x0000025038860000, 0x000002503f990000]
CodeHeap 'non-nmethods': size=5760Kb used=1320Kb max_used=1378Kb free=4439Kb
 bounds [0x0000025037ec0000, 0x0000025038130000, 0x0000025038460000]
 total_blobs=2548 nmethods=1983 adapters=478
 compilation: enabled
              stopped_count=0, restarted_count=0
 full_count=0

Compilation events (20 events):
Event: 113.346 Thread 0x000002504deabc20 1980       3       java.lang.reflect.AccessibleObject::checkCanSetAccessible (9 bytes)
Event: 113.346 Thread 0x000002504deabc20 nmethod 1980 0x0000025038847b10 code [0x0000025038847ca0, 0x0000025038847e08]
Event: 113.346 Thread 0x000002504deabc20 1981       3       java.lang.reflect.AccessibleObject::checkCanSetAccessible (368 bytes)
Event: 113.348 Thread 0x000002504de962b0 1985       4       java.lang.Character::digit (10 bytes)
Event: 113.350 Thread 0x000002504de962b0 nmethod 1985 0x000002503fa96810 code [0x000002503fa969a0, 0x000002503fa96b18]
Event: 113.350 Thread 0x000002504de962b0 1986       4       java.lang.Character::digit (6 bytes)
Event: 113.351 Thread 0x000002504deabc20 nmethod 1981 0x0000025038847e90 code [0x0000025038848600, 0x000002503884bf48]
Event: 113.351 Thread 0x000002504deabc20 1983       3       java.lang.CharacterData::of (136 bytes)
Event: 113.351 Thread 0x000002504deabc20 nmethod 1983 0x000002503884d390 code [0x000002503884d5c0, 0x000002503884deb8]
Event: 113.351 Thread 0x000002504deabc20 1984       3       java.util.regex.Matcher::groupCount (10 bytes)
Event: 113.352 Thread 0x000002504deabc20 nmethod 1984 0x000002503884e090 code [0x000002503884e220, 0x000002503884e338]
Event: 113.352 Thread 0x000002504deabc20 1982       3       jdk.internal.org.objectweb.asm.FieldWriter::visitEnd (1 bytes)
Event: 113.352 Thread 0x000002504deabc20 nmethod 1982 0x000002503884e410 code [0x000002503884e5a0, 0x000002503884e6b8]
Event: 113.352 Thread 0x000002504de962b0 nmethod 1986 0x000002503fa96c90 code [0x000002503fa96e20, 0x000002503fa96fd8]
Event: 113.354 Thread 0x000002504deabc20 1987       3       java.lang.Class::protectionDomain (48 bytes)
Event: 113.354 Thread 0x000002504deabc20 nmethod 1987 0x000002503884e790 code [0x000002503884e9c0, 0x000002503884f018]
Event: 113.354 Thread 0x000002504deabc20 1988       3       java.lang.invoke.MemberName::changeReferenceKind (60 bytes)
Event: 113.355 Thread 0x000002504deabc20 nmethod 1988 0x000002503884f210 code [0x000002503884f3a0, 0x000002503884f4d8]
Event: 113.355 Thread 0x000002504deabc20 1989       3       java.lang.invoke.BootstrapMethodInvoker::widenAndCast (47 bytes)
Event: 113.355 Thread 0x000002504deabc20 nmethod 1989 0x000002503884f590 code [0x000002503884f800, 0x0000025038850178]

GC Heap History (18 events):
Event: 35.412 GC heap before
{Heap before GC invocations=0 (full 0):
 garbage-first heap   total 129024K, used 15360K [0x0000000082600000, 0x0000000100000000)
  region size 1024K, 13 young (13312K), 0 survivors (0K)
 Metaspace       used 12134K, committed 12288K, reserved 1064960K
  class space    used 1119K, committed 1216K, reserved 1048576K
}
Event: 35.471 GC heap after
{Heap after GC invocations=1 (full 0):
 garbage-first heap   total 129024K, used 3931K [0x0000000082600000, 0x0000000100000000)
  region size 1024K, 2 young (2048K), 2 survivors (2048K)
 Metaspace       used 12134K, committed 12288K, reserved 1064960K
  class space    used 1119K, committed 1216K, reserved 1048576K
}
Event: 38.049 GC heap before
{Heap before GC invocations=1 (full 0):
 garbage-first heap   total 129024K, used 21339K [0x0000000082600000, 0x0000000100000000)
  region size 1024K, 19 young (19456K), 2 survivors (2048K)
 Metaspace       used 15041K, committed 15168K, reserved 1064960K
  class space    used 1475K, committed 1536K, reserved 1048576K
}
Event: 38.054 GC heap after
{Heap after GC invocations=2 (full 0):
 garbage-first heap   total 129024K, used 4759K [0x0000000082600000, 0x0000000100000000)
  region size 1024K, 1 young (1024K), 1 survivors (1024K)
 Metaspace       used 15041K, committed 15168K, reserved 1064960K
  class space    used 1475K, committed 1536K, reserved 1048576K
}
Event: 59.513 GC heap before
{Heap before GC invocations=2 (full 0):
 garbage-first heap   total 129024K, used 41623K [0x0000000082600000, 0x0000000100000000)
  region size 1024K, 39 young (39936K), 1 survivors (1024K)
 Metaspace       used 21355K, committed 21504K, reserved 1073152K
  class space    used 2212K, committed 2304K, reserved 1048576K
}
Event: 59.519 GC heap after
{Heap after GC invocations=3 (full 0):
 garbage-first heap   total 129024K, used 6971K [0x0000000082600000, 0x0000000100000000)
  region size 1024K, 3 young (3072K), 3 survivors (3072K)
 Metaspace       used 21355K, committed 21504K, reserved 1073152K
  class space    used 2212K, committed 2304K, reserved 1048576K
}
Event: 63.816 GC heap before
{Heap before GC invocations=4 (full 0):
 garbage-first heap   total 24576K, used 18235K [0x0000000082600000, 0x0000000100000000)
  region size 1024K, 14 young (14336K), 3 survivors (3072K)
 Metaspace       used 22615K, committed 22848K, reserved 1073152K
  class space    used 2413K, committed 2560K, reserved 1048576K
}
Event: 63.823 GC heap after
{Heap after GC invocations=5 (full 0):
 garbage-first heap   total 24576K, used 7322K [0x0000000082600000, 0x0000000100000000)
  region size 1024K, 1 young (1024K), 1 survivors (1024K)
 Metaspace       used 22615K, committed 22848K, reserved 1073152K
  class space    used 2413K, committed 2560K, reserved 1048576K
}
Event: 64.071 GC heap before
{Heap before GC invocations=5 (full 0):
 garbage-first heap   total 24576K, used 7322K [0x0000000082600000, 0x0000000100000000)
  region size 1024K, 2 young (2048K), 1 survivors (1024K)
 Metaspace       used 22733K, committed 22976K, reserved 1073152K
  class space    used 2428K, committed 2560K, reserved 1048576K
}
Event: 64.075 GC heap after
{Heap after GC invocations=6 (full 0):
 garbage-first heap   total 24576K, used 7501K [0x0000000082600000, 0x0000000100000000)
  region size 1024K, 1 young (1024K), 1 survivors (1024K)
 Metaspace       used 22733K, committed 22976K, reserved 1073152K
  class space    used 2428K, committed 2560K, reserved 1048576K
}
Event: 69.066 GC heap before
{Heap before GC invocations=6 (full 0):
 garbage-first heap   total 24576K, used 16717K [0x0000000082600000, 0x0000000100000000)
  region size 1024K, 11 young (11264K), 1 survivors (1024K)
 Metaspace       used 24066K, committed 24256K, reserved 1073152K
  class space    used 2607K, committed 2688K, reserved 1048576K
}
Event: 69.069 GC heap after
{Heap after GC invocations=7 (full 0):
 garbage-first heap   total 24576K, used 7576K [0x0000000082600000, 0x0000000100000000)
  region size 1024K, 1 young (1024K), 1 survivors (1024K)
 Metaspace       used 24066K, committed 24256K, reserved 1073152K
  class space    used 2607K, committed 2688K, reserved 1048576K
}
Event: 69.338 GC heap before
{Heap before GC invocations=7 (full 0):
 garbage-first heap   total 24576K, used 9624K [0x0000000082600000, 0x0000000100000000)
  region size 1024K, 4 young (4096K), 1 survivors (1024K)
 Metaspace       used 24338K, committed 24576K, reserved 1073152K
  class space    used 2645K, committed 2752K, reserved 1048576K
}
Event: 69.340 GC heap after
{Heap after GC invocations=8 (full 0):
 garbage-first heap   total 24576K, used 7713K [0x0000000082600000, 0x0000000100000000)
  region size 1024K, 1 young (1024K), 1 survivors (1024K)
 Metaspace       used 24338K, committed 24576K, reserved 1073152K
  class space    used 2645K, committed 2752K, reserved 1048576K
}
Event: 111.957 GC heap before
{Heap before GC invocations=8 (full 0):
 garbage-first heap   total 24576K, used 21025K [0x0000000082600000, 0x0000000100000000)
  region size 1024K, 10 young (10240K), 1 survivors (1024K)
 Metaspace       used 25442K, committed 25664K, reserved 1073152K
  class space    used 2813K, committed 2944K, reserved 1048576K
}
Event: 111.960 GC heap after
{Heap after GC invocations=9 (full 0):
 garbage-first heap   total 24576K, used 13121K [0x0000000082600000, 0x0000000100000000)
  region size 1024K, 1 young (1024K), 1 survivors (1024K)
 Metaspace       used 25442K, committed 25664K, reserved 1073152K
  class space    used 2813K, committed 2944K, reserved 1048576K
}
Event: 112.860 GC heap before
{Heap before GC invocations=9 (full 0):
 garbage-first heap   total 24576K, used 19265K [0x0000000082600000, 0x0000000100000000)
  region size 1024K, 7 young (7168K), 1 survivors (1024K)
 Metaspace       used 26387K, committed 26624K, reserved 1073152K
  class space    used 2907K, committed 3008K, reserved 1048576K
}
Event: 112.865 GC heap after
{Heap after GC invocations=10 (full 0):
 garbage-first heap   total 24576K, used 13846K [0x0000000082600000, 0x0000000100000000)
  region size 1024K, 1 young (1024K), 1 survivors (1024K)
 Metaspace       used 26387K, committed 26624K, reserved 1073152K
  class space    used 2907K, committed 3008K, reserved 1048576K
}

Deoptimization events (20 events):
Event: 111.137 Thread 0x00000250347ee2f0 DEOPT PACKING pc=0x000002503f999350 sp=0x00000061a44f7aa0
Event: 111.137 Thread 0x00000250347ee2f0 DEOPT UNPACKING pc=0x0000025037f123a3 sp=0x00000061a44f79d0 mode 2
Event: 111.520 Thread 0x00000250347ee2f0 DEOPT PACKING pc=0x0000025038805b7d sp=0x00000061a44f7540
Event: 111.521 Thread 0x00000250347ee2f0 DEOPT UNPACKING pc=0x0000025037f12b43 sp=0x00000061a44f6af0 mode 0
Event: 111.771 Thread 0x00000250347ee2f0 Uncommon trap: trap_request=0xffffffde fr.pc=0x000002503f9fa8f4 relative=0x0000000000000f54
Event: 111.771 Thread 0x00000250347ee2f0 Uncommon trap: reason=class_check action=maybe_recompile pc=0x000002503f9fa8f4 method=java.util.HashMap.putVal(ILjava/lang/Object;Ljava/lang/Object;ZZ)Ljava/lang/Object; @ 253 c2
Event: 111.771 Thread 0x00000250347ee2f0 DEOPT PACKING pc=0x000002503f9fa8f4 sp=0x00000061a44fe2f0
Event: 111.771 Thread 0x00000250347ee2f0 DEOPT UNPACKING pc=0x0000025037f123a3 sp=0x00000061a44fe258 mode 2
Event: 111.914 Thread 0x00000250347ee2f0 Uncommon trap: trap_request=0xffffff45 fr.pc=0x000002503f9f7974 relative=0x00000000000012d4
Event: 111.914 Thread 0x00000250347ee2f0 Uncommon trap: reason=unstable_if action=reinterpret pc=0x000002503f9f7974 method=java.util.concurrent.ConcurrentHashMap.putVal(Ljava/lang/Object;Ljava/lang/Object;Z)Ljava/lang/Object; @ 231 c2
Event: 111.914 Thread 0x00000250347ee2f0 DEOPT PACKING pc=0x000002503f9f7974 sp=0x00000061a44feab0
Event: 111.914 Thread 0x00000250347ee2f0 DEOPT UNPACKING pc=0x0000025037f123a3 sp=0x00000061a44fea40 mode 2
Event: 111.951 Thread 0x00000250347ee2f0 DEOPT PACKING pc=0x0000025038805b7d sp=0x00000061a44fc2f0
Event: 111.951 Thread 0x00000250347ee2f0 DEOPT UNPACKING pc=0x0000025037f12b43 sp=0x00000061a44fb8a0 mode 0
Event: 112.671 Thread 0x00000250347ee2f0 DEOPT PACKING pc=0x0000025038805b7d sp=0x00000061a44f7920
Event: 112.671 Thread 0x00000250347ee2f0 DEOPT UNPACKING pc=0x0000025037f12b43 sp=0x00000061a44f6ed0 mode 0
Event: 113.234 Thread 0x00000250347ee2f0 Uncommon trap: trap_request=0xffffff45 fr.pc=0x000002503f9a5848 relative=0x0000000000000048
Event: 113.234 Thread 0x00000250347ee2f0 Uncommon trap: reason=unstable_if action=reinterpret pc=0x000002503f9a5848 method=java.lang.CharacterData.of(I)Ljava/lang/CharacterData; @ 4 c2
Event: 113.234 Thread 0x00000250347ee2f0 DEOPT PACKING pc=0x000002503f9a5848 sp=0x00000061a44fdf10
Event: 113.234 Thread 0x00000250347ee2f0 DEOPT UNPACKING pc=0x0000025037f123a3 sp=0x00000061a44fdeb0 mode 2

Classes unloaded (0 events):
No events

Classes redefined (0 events):
No events

Internal exceptions (20 events):
Event: 58.308 Thread 0x00000250504c1820 Exception <a 'java/net/SocketException'{0x00000000881b32c8}: Socket is not connected: shutdown> (0x00000000881b32c8) 
thrown [s\src\hotspot\share\prims\jni.cpp, line 535]
Event: 58.707 Thread 0x00000250504c1820 Exception <a 'java/net/ConnectException'{0x00000000881b4260}: Connection refused: no further information> (0x00000000881b4260) 
thrown [s\src\hotspot\share\prims\jni.cpp, line 535]
Event: 58.707 Thread 0x00000250504c1820 Exception <a 'java/net/SocketException'{0x00000000881b4598}: Socket is not connected: shutdown> (0x00000000881b4598) 
thrown [s\src\hotspot\share\prims\jni.cpp, line 535]
Event: 59.137 Thread 0x00000250347ee2f0 Exception <a 'java/lang/NoSuchMethodError'{0x0000000087f29dd0}: 'int java.lang.invoke.DirectMethodHandle$Holder.invokeVirtual(java.lang.Object, java.lang.Object)'> (0x0000000087f29dd0) 
thrown [s\src\hotspot\share\interpreter\linkResolver.cpp, line 759]
Event: 59.139 Thread 0x00000250347ee2f0 Exception <a 'java/lang/NoSuchMethodError'{0x0000000087f302f0}: 'double java.lang.invoke.DirectMethodHandle$Holder.invokeVirtual(java.lang.Object, java.lang.Object)'> (0x0000000087f302f0) 
thrown [s\src\hotspot\share\interpreter\linkResolver.cpp, line 759]
Event: 59.140 Thread 0x00000250347ee2f0 Exception <a 'java/lang/NoSuchMethodError'{0x0000000087f36a98}: 'float java.lang.invoke.DirectMethodHandle$Holder.invokeVirtual(java.lang.Object, java.lang.Object)'> (0x0000000087f36a98) 
thrown [s\src\hotspot\share\interpreter\linkResolver.cpp, line 759]
Event: 59.143 Thread 0x00000250347ee2f0 Exception <a 'java/lang/NoSuchMethodError'{0x0000000087f3fd98}: 'long java.lang.invoke.DirectMethodHandle$Holder.invokeVirtual(java.lang.Object, java.lang.Object)'> (0x0000000087f3fd98) 
thrown [s\src\hotspot\share\interpreter\linkResolver.cpp, line 759]
Event: 59.246 Thread 0x00000250347ee2f0 Exception <a 'java/lang/NoSuchMethodError'{0x0000000087fabcc0}: 'void java.lang.invoke.DirectMethodHandle$Holder.invokeStatic(java.lang.Object, java.lang.Object, java.lang.Object)'> (0x0000000087fabcc0) 
thrown [s\src\hotspot\share\interpreter\linkResolver.cpp, line 759]
Event: 59.249 Thread 0x00000250347ee2f0 Exception <a 'java/lang/NoSuchMethodError'{0x0000000087fb2260}: 'java.lang.Object java.lang.invoke.DirectMethodHandle$Holder.invokeVirtual(java.lang.Object, java.lang.Object, java.lang.Object)'> (0x0000000087fb2260) 
thrown [s\src\hotspot\share\interpreter\linkResolver.cpp, line 759]
Event: 59.510 Thread 0x00000250347ee2f0 Exception <a 'java/lang/NoSuchMethodError'{0x0000000087dbd3a0}: 'void java.lang.invoke.DirectMethodHandle$Holder.invokeSpecial(java.lang.Object, java.lang.Object, java.lang.Object, java.lang.Object, java.lang.Object)'> (0x0000000087dbd3a0) 
thrown [s\src\hotspot\share\interpreter\linkResolver.cpp, line 759]
Event: 60.016 Thread 0x00000250347ee2f0 Exception <a 'java/lang/NoSuchMethodError'{0x0000000083a011b8}: 'void java.lang.invoke.DirectMethodHandle$Holder.invokeStatic(java.lang.Object, java.lang.Object, int)'> (0x0000000083a011b8) 
thrown [s\src\hotspot\share\interpreter\linkResolver.cpp, line 759]
Event: 60.053 Thread 0x00000250347ee2f0 Exception <a 'java/lang/NoSuchMethodError'{0x000000008394bbf8}: 'java.lang.Object java.lang.invoke.DirectMethodHandle$Holder.newInvokeSpecial(java.lang.Object, java.lang.Object, java.lang.Object, java.lang.Object, java.lang.Object)'> (0x000000008394bbf8) 
thrown [s\src\hotspot\share\interpreter\linkResolver.cpp, line 759]
Event: 61.620 Thread 0x00000250347ee2f0 Exception <a 'java/lang/NoSuchMethodError'{0x00000000836f3490}: 'int java.lang.invoke.DirectMethodHandle$Holder.invokeSpecialIFC(java.lang.Object, java.lang.Object, java.lang.Object)'> (0x00000000836f3490) 
thrown [s\src\hotspot\share\interpreter\linkResolver.cpp, line 759]
Event: 62.935 Thread 0x00000250347ee2f0 Exception <a 'java/lang/NoSuchMethodError'{0x00000000835baa80}: 'java.lang.Object java.lang.invoke.Invokers$Holder.invokeExact_MT(java.lang.Object, java.lang.Object, java.lang.Object, java.lang.Object, java.lang.Object, java.lang.Object)'> (0x00000000835baa80) 
thrown [s\src\hotspot\share\interpreter\linkResolver.cpp, line 759]
Event: 63.376 Thread 0x00000250347ee2f0 Exception <a 'java/lang/NoSuchMethodError'{0x00000000833c3c08}: 'void java.lang.invoke.DirectMethodHandle$Holder.invokeStatic(java.lang.Object, java.lang.Object, java.lang.Object, java.lang.Object)'> (0x00000000833c3c08) 
thrown [s\src\hotspot\share\interpreter\linkResolver.cpp, line 759]
Event: 64.137 Thread 0x00000250347ee2f0 Exception <a 'java/lang/NoSuchMethodError'{0x0000000087cdfeb0}: 'void java.lang.invoke.DirectMethodHandle$Holder.invokeSpecial(java.lang.Object, java.lang.Object, java.lang.Object, java.lang.Object, java.lang.Object, java.lang.Object)'> (0x0000000087cdfeb0) 
thrown [s\src\hotspot\share\interpreter\linkResolver.cpp, line 759]
Event: 111.757 Thread 0x00000250347ee2f0 Exception <a 'java/lang/NoSuchMethodError'{0x0000000083641170}: 'java.lang.Object java.lang.invoke.DirectMethodHandle$Holder.invokeSpecialIFC(java.lang.Object, java.lang.Object, java.lang.Object)'> (0x0000000083641170) 
thrown [s\src\hotspot\share\interpreter\linkResolver.cpp, line 759]
Event: 111.765 Thread 0x00000250347ee2f0 Exception <a 'java/lang/NoSuchMethodError'{0x00000000836a0530}: 'void java.lang.invoke.DirectMethodHandle$Holder.invokeSpecial(java.lang.Object, java.lang.Object, java.lang.Object)'> (0x00000000836a0530) 
thrown [s\src\hotspot\share\interpreter\linkResolver.cpp, line 759]
Event: 112.867 Thread 0x00000250347ee2f0 Exception <a 'java/lang/NoSuchMethodError'{0x0000000087c05a10}: 'java.lang.Object java.lang.invoke.DirectMethodHandle$Holder.invokeStatic(java.lang.Object, int, java.lang.Object)'> (0x0000000087c05a10) 
thrown [s\src\hotspot\share\interpreter\linkResolver.cpp, line 759]
Event: 113.342 Thread 0x00000250347ee2f0 Exception <a 'java/lang/ClassNotFoundException'{0x0000000087b53470}: sun/util/logging/resources/spi/loggingProvider> (0x0000000087b53470) 
thrown [s\src\hotspot\share\classfile\systemDictionary.cpp, line 256]

VM Operations (20 events):
Event: 69.066 Executing VM operation: G1CollectForAllocation
Event: 69.069 Executing VM operation: G1CollectForAllocation done
Event: 69.338 Executing VM operation: G1TryInitiateConcMark
Event: 69.340 Executing VM operation: G1TryInitiateConcMark done
Event: 111.729 Executing VM operation: Cleanup
Event: 111.745 Executing VM operation: Cleanup done
Event: 111.957 Executing VM operation: G1CollectForAllocation
Event: 111.962 Executing VM operation: G1CollectForAllocation done
Event: 112.832 Executing VM operation: HandshakeAllThreads
Event: 112.832 Executing VM operation: HandshakeAllThreads done
Event: 112.860 Executing VM operation: G1CollectForAllocation
Event: 112.865 Executing VM operation: G1CollectForAllocation done
Event: 112.880 Executing VM operation: G1Concurrent
Event: 112.978 Executing VM operation: G1Concurrent done
Event: 112.978 Executing VM operation: Cleanup
Event: 112.978 Executing VM operation: Cleanup done
Event: 112.986 Executing VM operation: G1Concurrent
Event: 112.986 Executing VM operation: G1Concurrent done
Event: 113.236 Executing VM operation: HandshakeAllThreads
Event: 113.236 Executing VM operation: HandshakeAllThreads done

Events (20 events):
Event: 113.346 loading class sun/util/logging/resources/logging_en
Event: 113.346 loading class sun/util/logging/resources/logging_en done
Event: 113.347 loading class sun/util/logging/resources/logging_en
Event: 113.347 loading class sun/util/logging/resources/logging_en done
Event: 113.347 loading class sun/util/logging/resources/logging_en_US
Event: 113.347 loading class sun/util/logging/resources/logging_en_US done
Event: 113.347 loading class sun/util/logging/resources/logging_en_US
Event: 113.347 loading class sun/util/logging/resources/logging_en_US done
Event: 113.348 loading class java/util/Formatter$DateTime
Event: 113.348 loading class java/util/Formatter$DateTime done
Event: 113.348 loading class java/time/ZonedDateTime$1
Event: 113.348 loading class java/time/ZonedDateTime$1 done
Event: 113.350 loading class java/text/DateFormatSymbols
Event: 113.350 loading class java/text/DateFormatSymbols done
Event: 113.351 loading class java/text/spi/DateFormatSymbolsProvider
Event: 113.351 loading class java/text/spi/DateFormatSymbolsProvider done
Event: 113.352 loading class sun/util/locale/provider/DateFormatSymbolsProviderImpl
Event: 113.352 loading class sun/util/locale/provider/DateFormatSymbolsProviderImpl done
Event: 113.353 loading class java/time/LocalTime$1
Event: 113.353 loading class java/time/LocalTime$1 done


Dynamic libraries:
0x00007ff722c30000 - 0x00007ff722c3e000 	D:\eclipse1.2\eclipse-jee-2022-09-R-win32-x86_64\eclipse\plugins\org.eclipse.justj.openjdk.hotspot.jre.full.win32.x86_64_17.0.4.v20220903-1038\jre\bin\javaw.exe
0x00007ffdcbc50000 - 0x00007ffdcbe48000 	C:\Windows\SYSTEM32\ntdll.dll
0x00007ffdcb4f0000 - 0x00007ffdcb5af000 	C:\Windows\System32\KERNEL32.DLL
0x00007ffdc9580000 - 0x00007ffdc9852000 	C:\Windows\System32\KERNELBASE.dll
0x00007ffdc9860000 - 0x00007ffdc9960000 	C:\Windows\System32\ucrtbase.dll
0x00007ffda8470000 - 0x00007ffda8488000 	D:\eclipse1.2\eclipse-jee-2022-09-R-win32-x86_64\eclipse\plugins\org.eclipse.justj.openjdk.hotspot.jre.full.win32.x86_64_17.0.4.v20220903-1038\jre\bin\jli.dll
0x00007ffdca530000 - 0x00007ffdca6cd000 	C:\Windows\System32\USER32.dll
0x00007ffdc9c70000 - 0x00007ffdc9c92000 	C:\Windows\System32\win32u.dll
0x00007ffdcba30000 - 0x00007ffdcba5b000 	C:\Windows\System32\GDI32.dll
0x00007ffdc9350000 - 0x00007ffdc945f000 	C:\Windows\System32\gdi32full.dll
0x00007ffdc9990000 - 0x00007ffdc9a2d000 	C:\Windows\System32\msvcp_win.dll
0x00007ffda7ee0000 - 0x00007ffda7ef9000 	D:\eclipse1.2\eclipse-jee-2022-09-R-win32-x86_64\eclipse\plugins\org.eclipse.justj.openjdk.hotspot.jre.full.win32.x86_64_17.0.4.v20220903-1038\jre\bin\VCRUNTIME140.dll
0x00007ffdab320000 - 0x00007ffdab5ba000 	C:\Windows\WinSxS\amd64_microsoft.windows.common-controls_6595b64144ccf1df_6.0.19041.1110_none_60b5254171f9507e\COMCTL32.dll
0x00007ffdc9ca0000 - 0x00007ffdc9d3e000 	C:\Windows\System32\msvcrt.dll
0x00007ffdcad90000 - 0x00007ffdcadc2000 	C:\Windows\System32\IMM32.DLL
0x00007ffdc2e10000 - 0x00007ffdc2e1c000 	D:\eclipse1.2\eclipse-jee-2022-09-R-win32-x86_64\eclipse\plugins\org.eclipse.justj.openjdk.hotspot.jre.full.win32.x86_64_17.0.4.v20220903-1038\jre\bin\vcruntime140_1.dll
0x00007ffd99700000 - 0x00007ffd99791000 	D:\eclipse1.2\eclipse-jee-2022-09-R-win32-x86_64\eclipse\plugins\org.eclipse.justj.openjdk.hotspot.jre.full.win32.x86_64_17.0.4.v20220903-1038\jre\bin\msvcp140.dll
0x00007ffd587c0000 - 0x00007ffd59406000 	D:\eclipse1.2\eclipse-jee-2022-09-R-win32-x86_64\eclipse\plugins\org.eclipse.justj.openjdk.hotspot.jre.full.win32.x86_64_17.0.4.v20220903-1038\jre\bin\server\jvm.dll
0x00007ffdcbb60000 - 0x00007ffdcbc0e000 	C:\Windows\System32\ADVAPI32.dll
0x00007ffdc9d40000 - 0x00007ffdc9ddc000 	C:\Windows\System32\sechost.dll
0x00007ffdcb360000 - 0x00007ffdcb485000 	C:\Windows\System32\RPCRT4.dll
0x00007ffdcba20000 - 0x00007ffdcba28000 	C:\Windows\System32\PSAPI.DLL
0x00007ffdc2da0000 - 0x00007ffdc2da9000 	C:\Windows\SYSTEM32\WSOCK32.dll
0x00007ffdcb6f0000 - 0x00007ffdcb75b000 	C:\Windows\System32\WS2_32.dll
0x00007ffdb5fc0000 - 0x00007ffdb5fe7000 	C:\Windows\SYSTEM32\WINMM.dll
0x00007ffdbdec0000 - 0x00007ffdbdeca000 	C:\Windows\SYSTEM32\VERSION.dll
0x00007ffdc7ba0000 - 0x00007ffdc7bb2000 	C:\Windows\SYSTEM32\kernel.appcore.dll
0x00007ffdbf1b0000 - 0x00007ffdbf1ba000 	D:\eclipse1.2\eclipse-jee-2022-09-R-win32-x86_64\eclipse\plugins\org.eclipse.justj.openjdk.hotspot.jre.full.win32.x86_64_17.0.4.v20220903-1038\jre\bin\jimage.dll
0x00007ffdc7980000 - 0x00007ffdc7b64000 	C:\Windows\SYSTEM32\DBGHELP.DLL
0x00007ffdb1c00000 - 0x00007ffdb1c2c000 	C:\Windows\SYSTEM32\dbgcore.DLL
0x00007ffdc9a80000 - 0x00007ffdc9b02000 	C:\Windows\System32\bcryptPrimitives.dll
0x00007ffda4300000 - 0x00007ffda433b000 	D:\eclipse1.2\eclipse-jee-2022-09-R-win32-x86_64\eclipse\plugins\org.eclipse.justj.openjdk.hotspot.jre.full.win32.x86_64_17.0.4.v20220903-1038\jre\bin\jdwp.dll
0x00007ffdbcbc0000 - 0x00007ffdbcbce000 	D:\eclipse1.2\eclipse-jee-2022-09-R-win32-x86_64\eclipse\plugins\org.eclipse.justj.openjdk.hotspot.jre.full.win32.x86_64_17.0.4.v20220903-1038\jre\bin\instrument.dll
0x00007ffdbf080000 - 0x00007ffdbf0a5000 	D:\eclipse1.2\eclipse-jee-2022-09-R-win32-x86_64\eclipse\plugins\org.eclipse.justj.openjdk.hotspot.jre.full.win32.x86_64_17.0.4.v20220903-1038\jre\bin\java.dll
0x00007ffdbf190000 - 0x00007ffdbf1a8000 	D:\eclipse1.2\eclipse-jee-2022-09-R-win32-x86_64\eclipse\plugins\org.eclipse.justj.openjdk.hotspot.jre.full.win32.x86_64_17.0.4.v20220903-1038\jre\bin\zip.dll
0x00007ffdc9de0000 - 0x00007ffdca523000 	C:\Windows\System32\SHELL32.dll
0x00007ffdc71e0000 - 0x00007ffdc7972000 	C:\Windows\SYSTEM32\windows.storage.dll
0x00007ffdca800000 - 0x00007ffdcab54000 	C:\Windows\System32\combase.dll
0x00007ffdc8d40000 - 0x00007ffdc8d70000 	C:\Windows\SYSTEM32\Wldp.dll
0x00007ffdca750000 - 0x00007ffdca7fd000 	C:\Windows\System32\SHCORE.dll
0x00007ffdcac90000 - 0x00007ffdcace5000 	C:\Windows\System32\shlwapi.dll
0x00007ffdc9290000 - 0x00007ffdc92af000 	C:\Windows\SYSTEM32\profapi.dll
0x00007ffdad710000 - 0x00007ffdad71c000 	D:\eclipse1.2\eclipse-jee-2022-09-R-win32-x86_64\eclipse\plugins\org.eclipse.justj.openjdk.hotspot.jre.full.win32.x86_64_17.0.4.v20220903-1038\jre\bin\dt_socket.dll
0x00007ffdc8720000 - 0x00007ffdc875b000 	C:\Windows\SYSTEM32\IPHLPAPI.DLL
0x00007ffdc8a30000 - 0x00007ffdc8a9a000 	C:\Windows\system32\mswsock.dll
0x00007ffdc8760000 - 0x00007ffdc882a000 	C:\Windows\SYSTEM32\DNSAPI.dll
0x00007ffdcb610000 - 0x00007ffdcb618000 	C:\Windows\System32\NSI.dll
0x00007ffdb7c20000 - 0x00007ffdb7c2a000 	C:\Windows\System32\rasadhlp.dll
0x00007ffdb7b00000 - 0x00007ffdb7b80000 	C:\Windows\System32\fwpuclnt.dll
0x00007ffdc9960000 - 0x00007ffdc9987000 	C:\Windows\System32\bcrypt.dll
0x00007ffdbf060000 - 0x00007ffdbf079000 	D:\eclipse1.2\eclipse-jee-2022-09-R-win32-x86_64\eclipse\plugins\org.eclipse.justj.openjdk.hotspot.jre.full.win32.x86_64_17.0.4.v20220903-1038\jre\bin\net.dll
0x00007ffdb7fb0000 - 0x00007ffdb80bc000 	C:\Windows\SYSTEM32\WINHTTP.dll
0x00007ffdbf040000 - 0x00007ffdbf055000 	D:\eclipse1.2\eclipse-jee-2022-09-R-win32-x86_64\eclipse\plugins\org.eclipse.justj.openjdk.hotspot.jre.full.win32.x86_64_17.0.4.v20220903-1038\jre\bin\nio.dll
0x00007ffdbf030000 - 0x00007ffdbf040000 	D:\eclipse1.2\eclipse-jee-2022-09-R-win32-x86_64\eclipse\plugins\org.eclipse.justj.openjdk.hotspot.jre.full.win32.x86_64_17.0.4.v20220903-1038\jre\bin\verify.dll
0x00007ffdc8c90000 - 0x00007ffdc8ca8000 	C:\Windows\SYSTEM32\CRYPTSP.dll
0x00007ffdc8350000 - 0x00007ffdc8384000 	C:\Windows\system32\rsaenh.dll
0x00007ffdc9250000 - 0x00007ffdc927e000 	C:\Windows\SYSTEM32\USERENV.dll
0x00007ffdc8d10000 - 0x00007ffdc8d1c000 	C:\Windows\SYSTEM32\CRYPTBASE.dll
0x00007ffdbcc50000 - 0x00007ffdbcc67000 	C:\Windows\SYSTEM32\dhcpcsvc6.DLL
0x00007ffdbcb80000 - 0x00007ffdbcb9d000 	C:\Windows\SYSTEM32\dhcpcsvc.DLL
0x00007ffdc3600000 - 0x00007ffdc3691000 	C:\Windows\system32\apphelp.dll
0x00007ffda7ed0000 - 0x00007ffda7ed9000 	D:\eclipse1.2\eclipse-jee-2022-09-R-win32-x86_64\eclipse\plugins\org.eclipse.justj.openjdk.hotspot.jre.full.win32.x86_64_17.0.4.v20220903-1038\jre\bin\management.dll
0x00007ffda7ec0000 - 0x00007ffda7ecb000 	D:\eclipse1.2\eclipse-jee-2022-09-R-win32-x86_64\eclipse\plugins\org.eclipse.justj.openjdk.hotspot.jre.full.win32.x86_64_17.0.4.v20220903-1038\jre\bin\management_ext.dll
0x00007ffdbcbd0000 - 0x00007ffdbcbde000 	D:\eclipse1.2\eclipse-jee-2022-09-R-win32-x86_64\eclipse\plugins\org.eclipse.justj.openjdk.hotspot.jre.full.win32.x86_64_17.0.4.v20220903-1038\jre\bin\sunmscapi.dll
0x00007ffdc9b10000 - 0x00007ffdc9c66000 	C:\Windows\System32\CRYPT32.dll
0x00007ffdc8db0000 - 0x00007ffdc8dd7000 	C:\Windows\SYSTEM32\ncrypt.dll
0x00007ffdc8d70000 - 0x00007ffdc8dab000 	C:\Windows\SYSTEM32\NTASN1.dll
0x00007ffda7ea0000 - 0x00007ffda7ea7000 	C:\Windows\system32\wshunix.dll

dbghelp: loaded successfully - version: 4.0.5 - missing functions: none
symbol engine: initialized successfully - sym options: 0x614 - pdb path: .;D:\eclipse1.2\eclipse-jee-2022-09-R-win32-x86_64\eclipse\plugins\org.eclipse.justj.openjdk.hotspot.jre.full.win32.x86_64_17.0.4.v20220903-1038\jre\bin;C:\Windows\SYSTEM32;C:\Windows\WinSxS\amd64_microsoft.windows.common-controls_6595b64144ccf1df_6.0.19041.1110_none_60b5254171f9507e;D:\eclipse1.2\eclipse-jee-2022-09-R-win32-x86_64\eclipse\plugins\org.eclipse.justj.openjdk.hotspot.jre.full.win32.x86_64_17.0.4.v20220903-1038\jre\bin\server

VM Arguments:
jvm_args: -XX:+ShowCodeDetailsInExceptionMessages -agentlib:jdwp=transport=dt_socket,suspend=y,address=localhost:50196 -javaagent:D:\eclipse1.2\eclipse-jee-2022-09-R-win32-x86_64\eclipse\configuration\org.eclipse.osgi\421\0\.cp\lib\javaagent-shaded.jar -Dfile.encoding=UTF-8 
java_command: basics.DealingWithMultipleWindows
java_class_path (initial): C:\Users\Public\QASA\bin;C:\Users\Public\QASA\jars\selenium-server-4.6.0.jar
Launcher Type: SUN_STANDARD

[Global flags]
     intx CICompilerCount                          = 3                                         {product} {ergonomic}
     uint ConcGCThreads                            = 1                                         {product} {ergonomic}
     uint G1ConcRefinementThreads                  = 4                                         {product} {ergonomic}
   size_t G1HeapRegionSize                         = 1048576                                   {product} {ergonomic}
    uintx GCDrainStackTargetSize                   = 64                                        {product} {ergonomic}
   size_t InitialHeapSize                          = 132120576                                 {product} {ergonomic}
   size_t MarkStackSize                            = 4194304                                   {product} {ergonomic}
   size_t MaxHeapSize                              = 2107637760                                {product} {ergonomic}
   size_t MaxNewSize                               = 1264582656                                {product} {ergonomic}
   size_t MinHeapDeltaBytes                        = 1048576                                   {product} {ergonomic}
   size_t MinHeapSize                              = 8388608                                   {product} {ergonomic}
    uintx NonNMethodCodeHeapSize                   = 5832780                                {pd product} {ergonomic}
    uintx NonProfiledCodeHeapSize                  = 122912730                              {pd product} {ergonomic}
    uintx ProfiledCodeHeapSize                     = 122912730                              {pd product} {ergonomic}
    uintx ReservedCodeCacheSize                    = 251658240                              {pd product} {ergonomic}
     bool SegmentedCodeCache                       = true                                      {product} {ergonomic}
     bool ShowCodeDetailsInExceptionMessages       = true                                   {manageable} {command line}
   size_t SoftMaxHeapSize                          = 2107637760                             {manageable} {ergonomic}
     bool UseCompressedClassPointers               = true                           {product lp64_product} {ergonomic}
     bool UseCompressedOops                        = true                           {product lp64_product} {ergonomic}
     bool UseG1GC                                  = true                                      {product} {ergonomic}
     bool UseLargePagesIndividualAllocation        = false                                  {pd product} {ergonomic}

Logging:
Log output configuration:
 #0: stdout all=warning uptime,level,tags
 #1: stderr all=off uptime,level,tags

Environment Variables:
PATH=D:\eclipse1.2\eclipse-jee-2022-09-R-win32-x86_64\eclipse\plugins\org.eclipse.justj.openjdk.hotspot.jre.full.win32.x86_64_17.0.4.v20220903-1038\jre\bin;D:/eclipse1.2/eclipse-jee-2022-09-R-win32-x86_64/eclipse//plugins/org.eclipse.justj.openjdk.hotspot.jre.full.win32.x86_64_17.0.4.v20220903-1038/jre/bin/server;D:/eclipse1.2/eclipse-jee-2022-09-R-win32-x86_64/eclipse//plugins/org.eclipse.justj.openjdk.hotspot.jre.full.win32.x86_64_17.0.4.v20220903-1038/jre/bin;E:\oracle\product\10.2.0\db_1\bin;C:\Program Files\Common Files\Oracle\Java\javapath;C:\Program Files (x86)\Common Files\Oracle\Java\javapath;C:\Windows\system32;C:\Windows;C:\Windows\System32\Wbem;C:\Windows\System32\WindowsPowerShell\v1.0\;C:\Windows\System32\OpenSSH\;C:\Program Files\Java\jdk-18.0.2\bin;C:\Program Files\MySQL\MySQL Server 8.0\bin;C:\Program Files\MySQL\MySQL Shell 8.0\bin\;C:\Users\user\AppData\Local\Microsoft\WindowsApps;D:\eclipse1.2\eclipse-jee-2022-09-R-win32-x86_64\eclipse;
USERNAME=user
OS=Windows_NT
PROCESSOR_IDENTIFIER=Intel64 Family 6 Model 78 Stepping 3, GenuineIntel
TMP=C:\Users\user\AppData\Local\Temp
TEMP=C:\Users\user\AppData\Local\Temp



---------------  S Y S T E M  ---------------

OS:
 Windows 10 , 64 bit Build 19041 (10.0.19041.2251)
OS uptime: 6 days 0:11 hours

CPU: total 4 (initial active 4) (2 cores per cpu, 2 threads per core) family 6 model 78 stepping 3 microcode 0xcc, cx8, cmov, fxsr, ht, mmx, 3dnowpref, sse, sse2, sse3, ssse3, sse4.1, sse4.2, popcnt, lzcnt, tsc, tscinvbit, avx, avx2, aes, erms, clmul, bmi1, bmi2, rtm, adx, fma, vzeroupper, clflush, clflushopt

Memory: 4k page, system-wide physical 8038M (212M free)
TotalPageFile size 20459M (AvailPageFile size 4M)
current process WorkingSet (physical memory assigned to process): 115M, peak: 132M
current process commit charge ("private bytes"): 141M, peak: 242M

vm_info: OpenJDK 64-Bit Server VM (17.0.4.1+1) for windows-amd64 JRE (17.0.4.1+1), built on Aug 17 2022 07:42:43 by "temurin" with MS VC++ 16.7 (VS2019)

END.
